Loading plugins phase: Elapsed time ==> 2s.348ms
<CYPRESSTAG name="CyDsfit arguments...">
cydsfit arguments: -.fdsnotice -.fdswarpdepfile=warp_dependencies.txt -.fdselabdepfile=elab_dependencies.txt -.fdsbldfile=generated_files.txt -.fdsreffile=referenced_files.txt -p C:\Users\Jerry\Documents\PSoC Creator\Workspace01\Design01.cydsn\Design01.cyprj -d CY8C4247LQI-BL483 -s C:\Users\Jerry\Documents\PSoC Creator\Workspace01\Design01.cydsn\Generated_Source\PSoC4 -- -yv2 -q10 -ygs -o2 -v3 -.fftcfgtype=LE</CYPRESSTAG>
<CYPRESSTAG name="Design elaboration results...">
ADD: sdb.M0061: information: Info from component: ADC_SAR_Seq_1. The actual sample rate (10195 SPS) differs from the desired sample rate (10000 SPS) due to the clock configuration in the DWR.
 * C:\Users\Jerry\Documents\PSoC Creator\Workspace01\Design01.cydsn\TopDesign\TopDesign.cysch (Instance:ADC_SAR_Seq_1)

</CYPRESSTAG>
Elaboration phase: Elapsed time ==> 5s.498ms
<CYPRESSTAG name="HDL generation results...">
</CYPRESSTAG>
HDL generation phase: Elapsed time ==> 0s.144ms
<CYPRESSTAG name="Synthesis results...">

     | | | | | | |
   _________________
  -|               |-
  -|               |-
  -|               |-
  -|    CYPRESS    |-
  -|               |-
  -|               |-   Warp Verilog Synthesis Compiler: Version 6.3 IR 41
  -|               |-   Copyright (C) 1991-2001 Cypress Semiconductor
   |_______________|
     | | | | | | |

======================================================================
Compiling:  Design01.v
Program  :   C:\Program Files (x86)\Cypress\PSoC Creator\4.0\PSoC Creator\warp\bin\warp.exe
Options  :    -yv2 -q10 -ygs -o2 -v3 -.fftcfgtype=LE -ya -.fftprj=C:\Users\Jerry\Documents\PSoC Creator\Workspace01\Design01.cydsn\Design01.cyprj -dcpsoc3 Design01.v -verilog
======================================================================

======================================================================
Compiling:  Design01.v
Program  :   C:\Program Files (x86)\Cypress\PSoC Creator\4.0\PSoC Creator\warp\bin\warp.exe
Options  :    -yv2 -q10 -ygs -o2 -v3 -.fftcfgtype=LE -ya -.fftprj=C:\Users\Jerry\Documents\PSoC Creator\Workspace01\Design01.cydsn\Design01.cyprj -dcpsoc3 Design01.v -verilog
======================================================================

======================================================================
Compiling:  Design01.v
Program  :   vlogfe
Options  :    -yv2 -q10 -ygs -o2 -v3 -.fftcfgtype=LE -ya -.fftprj=C:\Users\Jerry\Documents\PSoC Creator\Workspace01\Design01.cydsn\Design01.cyprj -dcpsoc3 -verilog Design01.v
======================================================================

vlogfe V6.3 IR 41:  Verilog parser
Sat Nov 05 23:42:30 2016


======================================================================
Compiling:  Design01.v
Program  :   vpp
Options  :    -yv2 -q10 Design01.v
======================================================================

vpp V6.3 IR 41:  Verilog Pre-Processor
Sat Nov 05 23:42:30 2016

Flattening file 'C:\Program Files (x86)\Cypress\PSoC Creator\4.0\PSoC Creator\psoc\content\cyprimitives\CyPrimitives.cylib\ZeroTerminal\ZeroTerminal.v'
Flattening file 'C:\Program Files (x86)\Cypress\PSoC Creator\4.0\PSoC Creator\psoc\content\cyprimitives\CyPrimitives.cylib\or_v1_0\or_v1_0.v'
Flattening file 'C:\Program Files (x86)\Cypress\PSoC Creator\4.0\PSoC Creator\psoc\content\cyprimitives\CyPrimitives.cylib\cy_analog_virtualmux_v1_0\cy_analog_virtualmux_v1_0.v'
Flattening file 'C:\Program Files (x86)\Cypress\PSoC Creator\4.0\PSoC Creator\psoc\content\cycomponentlibrary\CyComponentLibrary.cylib\Bus_Connect_v2_40\Bus_Connect_v2_40.v'
Flattening file 'C:\Program Files (x86)\Cypress\PSoC Creator\4.0\PSoC Creator\warp\lib\common\cypress.v'
Flattening file 'C:\Program Files (x86)\Cypress\PSoC Creator\4.0\PSoC Creator\warp\lib\common\cy_psoc3_inc.v'
Flattening file 'C:\Program Files (x86)\Cypress\PSoC Creator\4.0\PSoC Creator\psoc\content\cyprimitives\CyPrimitives.cylib\cy_virtualmux_v1_0\cy_virtualmux_v1_0.v'
Flattening file 'C:\Program Files (x86)\Cypress\PSoC Creator\4.0\PSoC Creator\psoc\content\cyprimitives\CyPrimitives.cylib\cy_constant_v1_0\cy_constant_v1_0.v'

vpp:  No errors.

Library 'work' => directory 'lcpsoc3'
General_symbol_table
General_symbol_table
Linking 'C:\Program Files (x86)\Cypress\PSoC Creator\4.0\PSoC Creator\warp\lib\common\std.vhd'.
Linking 'C:\Program Files (x86)\Cypress\PSoC Creator\4.0\PSoC Creator\warp\lib\common\cypress.vhd'.
Linking 'C:\Program Files (x86)\Cypress\PSoC Creator\4.0\PSoC Creator\warp\lib\common\work\cypress.vif'.
Linking 'C:\Program Files (x86)\Cypress\PSoC Creator\4.0\PSoC Creator\warp\lib\ieee\work\stdlogic.vif'.
Linking 'C:\Program Files (x86)\Cypress\PSoC Creator\4.0\PSoC Creator\warp\lib\common\stdlogic\lpmpkg.vif'.
Linking 'C:\Program Files (x86)\Cypress\PSoC Creator\4.0\PSoC Creator\warp\lib\common\stdlogic\rtlpkg.vif'.
Linking 'C:\Program Files (x86)\Cypress\PSoC Creator\4.0\PSoC Creator\warp\lib\common\stdlogic\mod_cnst.vif'.
Linking 'C:\Program Files (x86)\Cypress\PSoC Creator\4.0\PSoC Creator\warp\lib\common\stdlogic\mod_mthv.vif'.
Linking 'C:\Program Files (x86)\Cypress\PSoC Creator\4.0\PSoC Creator\warp\lib\common\stdlogic\mod_genv.vif'.
Using control file 'Design01.ctl'.

vlogfe:  No errors.


======================================================================
Compiling:  Design01.v
Program  :   tovif
Options  :    -yv2 -q10 -ygs -o2 -v3 -.fftcfgtype=LE -ya -.fftprj=C:\Users\Jerry\Documents\PSoC Creator\Workspace01\Design01.cydsn\Design01.cyprj -dcpsoc3 -verilog Design01.v
======================================================================

tovif V6.3 IR 41:  High-level synthesis
Sat Nov 05 23:42:30 2016

Linking 'C:\Program Files (x86)\Cypress\PSoC Creator\4.0\PSoC Creator\warp\lib\common\std.vhd'.
Linking 'C:\Program Files (x86)\Cypress\PSoC Creator\4.0\PSoC Creator\warp\lib\common\cypress.vhd'.
Linking 'C:\Program Files (x86)\Cypress\PSoC Creator\4.0\PSoC Creator\warp\lib\common\work\cypress.vif'.
Linking 'C:\Program Files (x86)\Cypress\PSoC Creator\4.0\PSoC Creator\warp\lib\ieee\work\stdlogic.vif'.
Linking 'C:\Program Files (x86)\Cypress\PSoC Creator\4.0\PSoC Creator\warp\lib\common\stdlogic\lpmpkg.vif'.
Linking 'C:\Program Files (x86)\Cypress\PSoC Creator\4.0\PSoC Creator\warp\lib\common\stdlogic\rtlpkg.vif'.
Linking 'C:\Program Files (x86)\Cypress\PSoC Creator\4.0\PSoC Creator\warp\lib\common\stdlogic\mod_cnst.vif'.
Linking 'C:\Program Files (x86)\Cypress\PSoC Creator\4.0\PSoC Creator\warp\lib\common\stdlogic\mod_mthv.vif'.
Linking 'C:\Program Files (x86)\Cypress\PSoC Creator\4.0\PSoC Creator\warp\lib\common\stdlogic\mod_genv.vif'.
Linking 'C:\Users\Jerry\Documents\PSoC Creator\Workspace01\Design01.cydsn\codegentemp\Design01.ctl'.
Linking 'C:\Program Files (x86)\Cypress\PSoC Creator\4.0\PSoC Creator\psoc\content\cyprimitives\CyPrimitives.cylib\ZeroTerminal\ZeroTerminal.v'.
Linking 'C:\Users\Jerry\Documents\PSoC Creator\Workspace01\Design01.cydsn\codegentemp\Design01.v'.
Linking 'C:\Program Files (x86)\Cypress\PSoC Creator\4.0\PSoC Creator\psoc\content\cyprimitives\CyPrimitives.cylib\or_v1_0\or_v1_0.v'.
Linking 'C:\Program Files (x86)\Cypress\PSoC Creator\4.0\PSoC Creator\psoc\content\cyprimitives\CyPrimitives.cylib\cy_analog_virtualmux_v1_0\cy_analog_virtualmux_v1_0.v'.
Linking 'C:\Program Files (x86)\Cypress\PSoC Creator\4.0\PSoC Creator\psoc\content\cycomponentlibrary\CyComponentLibrary.cylib\Bus_Connect_v2_40\Bus_Connect_v2_40.v'.
Linking 'C:\Program Files (x86)\Cypress\PSoC Creator\4.0\PSoC Creator\warp\lib\common\cypress.v'.
Linking 'C:\Program Files (x86)\Cypress\PSoC Creator\4.0\PSoC Creator\warp\lib\common\cy_psoc3_inc.v'.
Linking 'C:\Program Files (x86)\Cypress\PSoC Creator\4.0\PSoC Creator\psoc\content\cyprimitives\CyPrimitives.cylib\cy_virtualmux_v1_0\cy_virtualmux_v1_0.v'.
Linking 'C:\Program Files (x86)\Cypress\PSoC Creator\4.0\PSoC Creator\psoc\content\cyprimitives\CyPrimitives.cylib\cy_constant_v1_0\cy_constant_v1_0.v'.

tovif:  No errors.


======================================================================
Compiling:  Design01.v
Program  :   topld
Options  :    -yv2 -q10 -ygs -o2 -v3 -.fftcfgtype=LE -ya -.fftprj=C:\Users\Jerry\Documents\PSoC Creator\Workspace01\Design01.cydsn\Design01.cyprj -dcpsoc3 -verilog Design01.v
======================================================================

topld V6.3 IR 41:  Synthesis and optimization
Sat Nov 05 23:42:31 2016

Linking 'C:\Program Files (x86)\Cypress\PSoC Creator\4.0\PSoC Creator\warp\lib\common\std.vhd'.
Linking 'C:\Program Files (x86)\Cypress\PSoC Creator\4.0\PSoC Creator\warp\lib\common\cypress.vhd'.
Linking 'C:\Program Files (x86)\Cypress\PSoC Creator\4.0\PSoC Creator\warp\lib\common\work\cypress.vif'.
Linking 'C:\Program Files (x86)\Cypress\PSoC Creator\4.0\PSoC Creator\warp\lib\ieee\work\stdlogic.vif'.
Linking 'C:\Program Files (x86)\Cypress\PSoC Creator\4.0\PSoC Creator\warp\lib\common\stdlogic\lpmpkg.vif'.
Linking 'C:\Program Files (x86)\Cypress\PSoC Creator\4.0\PSoC Creator\warp\lib\common\stdlogic\rtlpkg.vif'.
Linking 'C:\Program Files (x86)\Cypress\PSoC Creator\4.0\PSoC Creator\warp\lib\common\stdlogic\mod_cnst.vif'.
Linking 'C:\Program Files (x86)\Cypress\PSoC Creator\4.0\PSoC Creator\warp\lib\common\stdlogic\mod_mthv.vif'.
Linking 'C:\Program Files (x86)\Cypress\PSoC Creator\4.0\PSoC Creator\warp\lib\common\stdlogic\mod_genv.vif'.
Linking 'C:\Users\Jerry\Documents\PSoC Creator\Workspace01\Design01.cydsn\codegentemp\Design01.ctl'.
Linking 'C:\Program Files (x86)\Cypress\PSoC Creator\4.0\PSoC Creator\psoc\content\cyprimitives\CyPrimitives.cylib\ZeroTerminal\ZeroTerminal.v'.
Linking 'C:\Users\Jerry\Documents\PSoC Creator\Workspace01\Design01.cydsn\codegentemp\Design01.v'.
Linking 'C:\Program Files (x86)\Cypress\PSoC Creator\4.0\PSoC Creator\psoc\content\cyprimitives\CyPrimitives.cylib\or_v1_0\or_v1_0.v'.
Linking 'C:\Program Files (x86)\Cypress\PSoC Creator\4.0\PSoC Creator\psoc\content\cyprimitives\CyPrimitives.cylib\cy_analog_virtualmux_v1_0\cy_analog_virtualmux_v1_0.v'.
Linking 'C:\Program Files (x86)\Cypress\PSoC Creator\4.0\PSoC Creator\psoc\content\cycomponentlibrary\CyComponentLibrary.cylib\Bus_Connect_v2_40\Bus_Connect_v2_40.v'.
Linking 'C:\Program Files (x86)\Cypress\PSoC Creator\4.0\PSoC Creator\warp\lib\common\cypress.v'.
Linking 'C:\Program Files (x86)\Cypress\PSoC Creator\4.0\PSoC Creator\warp\lib\common\cy_psoc3_inc.v'.
Linking 'C:\Program Files (x86)\Cypress\PSoC Creator\4.0\PSoC Creator\psoc\content\cyprimitives\CyPrimitives.cylib\cy_virtualmux_v1_0\cy_virtualmux_v1_0.v'.
Linking 'C:\Program Files (x86)\Cypress\PSoC Creator\4.0\PSoC Creator\psoc\content\cyprimitives\CyPrimitives.cylib\cy_constant_v1_0\cy_constant_v1_0.v'.
Linking 'C:\Program Files (x86)\Cypress\PSoC Creator\4.0\PSoC Creator\warp\lib\lcpsoc3\stdlogic\cpsoc3.vif'.

----------------------------------------------------------
Detecting unused logic.
----------------------------------------------------------
    User names
	\ADC_SAR_Seq_1:Net_3125\
	\ADC_SAR_Seq_1:Net_3126\
	\SCB_1:Net_1257\
	\SCB_1:uncfg_rx_irq\
	\SCB_1:Net_1099\
	\SCB_1:Net_1258\
	Net_175
	Net_176
	Net_185
	Net_186
	Net_187
	Net_188
	Net_189
	Net_190
	Net_191
	\SCB_2:Net_1257\
	\SCB_2:uncfg_rx_irq\
	\SCB_2:Net_1099\
	\SCB_2:Net_1258\
	Net_210
	Net_211
	Net_220
	Net_221
	Net_222
	Net_223
	Net_224
	Net_225
	Net_226
	Net_279
	\BLE_1:Net_55\


Deleted 30 User equations/components.
Deleted 0 Synthesized equations/components.

------------------------------------------------------
Alias Detection
------------------------------------------------------
Aliasing \ADC_SAR_Seq_1:Net_3106\ to \ADC_SAR_Seq_1:Net_3107\
Aliasing \ADC_SAR_Seq_1:Net_3105\ to \ADC_SAR_Seq_1:Net_3107\
Aliasing \ADC_SAR_Seq_1:Net_3104\ to \ADC_SAR_Seq_1:Net_3107\
Aliasing \ADC_SAR_Seq_1:Net_3103\ to \ADC_SAR_Seq_1:Net_3107\
Aliasing \ADC_SAR_Seq_1:Net_3207_1\ to \ADC_SAR_Seq_1:Net_3107\
Aliasing \ADC_SAR_Seq_1:Net_3207_0\ to \ADC_SAR_Seq_1:Net_3107\
Aliasing \ADC_SAR_Seq_1:Net_3235\ to \ADC_SAR_Seq_1:Net_3107\
Aliasing \SCB_1:select_s_wire\ to \ADC_SAR_Seq_1:Net_3107\
Aliasing \SCB_1:sclk_s_wire\ to \ADC_SAR_Seq_1:Net_3107\
Aliasing \SCB_1:mosi_s_wire\ to \ADC_SAR_Seq_1:Net_3107\
Aliasing \SCB_1:miso_m_wire\ to \ADC_SAR_Seq_1:Net_3107\
Aliasing zero to \ADC_SAR_Seq_1:Net_3107\
Aliasing one to \SCB_1:tmpOE__tx_net_0\
Aliasing \SCB_1:tmpOE__rx_net_0\ to \SCB_1:tmpOE__tx_net_0\
Aliasing \SCB_1:cts_wire\ to \ADC_SAR_Seq_1:Net_3107\
Aliasing \TCPWM_1:Net_75\ to \ADC_SAR_Seq_1:Net_3107\
Aliasing \TCPWM_1:Net_69\ to \SCB_1:tmpOE__tx_net_0\
Aliasing \TCPWM_1:Net_66\ to \ADC_SAR_Seq_1:Net_3107\
Aliasing \TCPWM_1:Net_82\ to \ADC_SAR_Seq_1:Net_3107\
Aliasing \TCPWM_1:Net_72\ to \ADC_SAR_Seq_1:Net_3107\
Aliasing tmpOE__ADC_In_net_0 to \SCB_1:tmpOE__tx_net_0\
Aliasing tmpOE__LED_1_net_0 to \SCB_1:tmpOE__tx_net_0\
Aliasing tmpOE__LED_2_net_0 to \SCB_1:tmpOE__tx_net_0\
Aliasing tmpOE__SW4_net_0 to \SCB_1:tmpOE__tx_net_0\
Aliasing tmpOE__SW3_net_0 to \SCB_1:tmpOE__tx_net_0\
Aliasing tmpOE__SW5_net_0 to \SCB_1:tmpOE__tx_net_0\
Aliasing tmpOE__SW2_net_0 to \SCB_1:tmpOE__tx_net_0\
Aliasing tmpOE__SW1_net_0 to \SCB_1:tmpOE__tx_net_0\
Aliasing \SCB_2:select_s_wire\ to \ADC_SAR_Seq_1:Net_3107\
Aliasing \SCB_2:rx_wire\ to \ADC_SAR_Seq_1:Net_3107\
Aliasing \SCB_2:sclk_s_wire\ to \ADC_SAR_Seq_1:Net_3107\
Aliasing \SCB_2:mosi_s_wire\ to \ADC_SAR_Seq_1:Net_3107\
Aliasing \SCB_2:miso_m_wire\ to \ADC_SAR_Seq_1:Net_3107\
Aliasing \SCB_2:tmpOE__sda_net_0\ to \SCB_1:tmpOE__tx_net_0\
Aliasing \SCB_2:tmpOE__scl_net_0\ to \SCB_1:tmpOE__tx_net_0\
Aliasing \SCB_2:cts_wire\ to \ADC_SAR_Seq_1:Net_3107\
Removing Lhs of wire \ADC_SAR_Seq_1:Net_3106\[72] = \ADC_SAR_Seq_1:Net_3107\[71]
Removing Lhs of wire \ADC_SAR_Seq_1:Net_3105\[73] = \ADC_SAR_Seq_1:Net_3107\[71]
Removing Lhs of wire \ADC_SAR_Seq_1:Net_3104\[74] = \ADC_SAR_Seq_1:Net_3107\[71]
Removing Lhs of wire \ADC_SAR_Seq_1:Net_3103\[75] = \ADC_SAR_Seq_1:Net_3107\[71]
Removing Lhs of wire \ADC_SAR_Seq_1:Net_17\[117] = \ADC_SAR_Seq_1:Net_1845\[2]
Removing Lhs of wire \ADC_SAR_Seq_1:Net_3207_1\[139] = \ADC_SAR_Seq_1:Net_3107\[71]
Removing Lhs of wire \ADC_SAR_Seq_1:Net_3207_0\[140] = \ADC_SAR_Seq_1:Net_3107\[71]
Removing Lhs of wire \ADC_SAR_Seq_1:Net_3235\[141] = \ADC_SAR_Seq_1:Net_3107\[71]
Removing Lhs of wire \SCB_1:select_s_wire\[211] = \ADC_SAR_Seq_1:Net_3107\[71]
Removing Rhs of wire \SCB_1:rx_wire\[212] = \SCB_1:Net_1268\[213]
Removing Lhs of wire \SCB_1:Net_1170\[216] = \SCB_1:Net_847\[210]
Removing Lhs of wire \SCB_1:sclk_s_wire\[217] = \ADC_SAR_Seq_1:Net_3107\[71]
Removing Lhs of wire \SCB_1:mosi_s_wire\[218] = \ADC_SAR_Seq_1:Net_3107\[71]
Removing Lhs of wire \SCB_1:miso_m_wire\[219] = \ADC_SAR_Seq_1:Net_3107\[71]
Removing Rhs of wire zero[226] = \ADC_SAR_Seq_1:Net_3107\[71]
Removing Rhs of wire one[227] = \SCB_1:tmpOE__tx_net_0\[221]
Removing Lhs of wire \SCB_1:tmpOE__rx_net_0\[232] = one[227]
Removing Lhs of wire \SCB_1:cts_wire\[236] = zero[226]
Removing Lhs of wire \TCPWM_1:Net_81\[262] = Net_1704[274]
Removing Lhs of wire \TCPWM_1:Net_75\[263] = zero[226]
Removing Lhs of wire \TCPWM_1:Net_69\[264] = one[227]
Removing Lhs of wire \TCPWM_1:Net_66\[265] = zero[226]
Removing Lhs of wire \TCPWM_1:Net_82\[266] = zero[226]
Removing Lhs of wire \TCPWM_1:Net_72\[267] = zero[226]
Removing Lhs of wire tmpOE__ADC_In_net_0[278] = one[227]
Removing Lhs of wire tmpOE__LED_1_net_0[294] = one[227]
Removing Lhs of wire tmpOE__LED_2_net_0[306] = one[227]
Removing Lhs of wire tmpOE__SW4_net_0[312] = one[227]
Removing Lhs of wire tmpOE__SW3_net_0[321] = one[227]
Removing Lhs of wire tmpOE__SW5_net_0[329] = one[227]
Removing Lhs of wire tmpOE__SW2_net_0[337] = one[227]
Removing Lhs of wire tmpOE__SW1_net_0[346] = one[227]
Removing Lhs of wire \SCB_2:select_s_wire\[363] = zero[226]
Removing Lhs of wire \SCB_2:rx_wire\[364] = zero[226]
Removing Lhs of wire \SCB_2:Net_1170\[367] = \SCB_2:Net_847\[362]
Removing Lhs of wire \SCB_2:sclk_s_wire\[368] = zero[226]
Removing Lhs of wire \SCB_2:mosi_s_wire\[369] = zero[226]
Removing Lhs of wire \SCB_2:miso_m_wire\[370] = zero[226]
Removing Lhs of wire \SCB_2:tmpOE__sda_net_0\[372] = one[227]
Removing Lhs of wire \SCB_2:tmpOE__scl_net_0\[378] = one[227]
Removing Lhs of wire \SCB_2:cts_wire\[387] = zero[226]

------------------------------------------------------
Aliased 0 equations, 41 wires.
------------------------------------------------------

----------------------------------------------------------
Circuit simplification
----------------------------------------------------------

Substituting virtuals - pass 1:


----------------------------------------------------------
Circuit simplification results:

	Expanded 0 signals.
	Turned 0 signals into soft nodes.
	Maximum default expansion cost was set at 3.
----------------------------------------------------------

topld:  No errors.

CYPRESS_DIR    : C:\Program Files (x86)\Cypress\PSoC Creator\4.0\PSoC Creator\warp
Warp Program   : C:\Program Files (x86)\Cypress\PSoC Creator\4.0\PSoC Creator\warp\bin\warp.exe
Warp Arguments : -yv2 -q10 -ygs -o2 -v3 -.fftcfgtype=LE -ya "-.fftprj=C:\Users\Jerry\Documents\PSoC Creator\Workspace01\Design01.cydsn\Design01.cyprj" -dcpsoc3 Design01.v -verilog
</CYPRESSTAG>
Warp synthesis phase: Elapsed time ==> 0s.656ms
<CYPRESSTAG name="Fitter results...">
<CYPRESSTAG name="Fitter startup details...">
cyp3fit: V4.0.0.432, Family: PSoC3, Started at: Saturday, 05 November 2016 23:42:31
Options: -yv2 -q10 -ygs -o2 -v3 -.fftcfgtype=LE -ya -.fftprj=C:\Users\Jerry\Documents\PSoC Creator\Workspace01\Design01.cydsn\Design01.cyprj -d CY8C4247LQI-BL483 Design01.v -verilog
</CYPRESSTAG>
<CYPRESSTAG name="Design parsing">
Design parsing phase: Elapsed time ==> 0s.017ms
</CYPRESSTAG>
<CYPRESSTAG name="Tech Mapping">
<CYPRESSTAG name="Initial Mapping" icon="FILE_RPT_TECHM">
Assigning clock BLE_1_LFCLK to clock LFCLK because it is a pass-through

Removing unused cells resulting from optimization
Done removing unused cells.
<CYPRESSTAG name="Global Clock Selection" icon="FILE_RPT_TECHM">
    Fixed Function Clock 6: Automatic-assigning  clock 'ADC_SAR_Seq_1_intClock'. Signal=\ADC_SAR_Seq_1:Net_1845_ff6\
    Fixed Function Clock 1: Automatic-assigning  clock 'SCB_2_SCBCLK'. Signal=\SCB_2:Net_847_ff1\
    Fixed Function Clock 2: Automatic-assigning  clock 'SCB_1_SCBCLK'. Signal=\SCB_1:Net_847_ff2\
    Fixed Function Clock 7: Automatic-assigning  clock 'Clock_1'. Signal=Net_1704_ff7
<CYPRESSTAG name="UDB Clock/Enable Remapping Results">
</CYPRESSTAG>
</CYPRESSTAG>
ADD: pft.M0040: information: The following 12 pin(s) will be assigned a location by the fitter: \SCB_1:rx(0)\, \SCB_1:tx(0)\, \SCB_2:scl(0)\, \SCB_2:sda(0)\, ADC_In(0), LED_1(0), LED_2(0), SW1(0), SW2(0), SW3(0), SW4(0), SW5(0)


Removing unused cells resulting from optimization
Done removing unused cells.
<CYPRESSTAG name="Duplicate Macrocell detection">
</CYPRESSTAG>
</CYPRESSTAG>
<CYPRESSTAG name="Duplicate Macrocell detection">
</CYPRESSTAG>
<CYPRESSTAG name="Design Equations" icon="FILE_RPT_EQUATION">

------------------------------------------------------------
Design Equations
------------------------------------------------------------
    <CYPRESSTAG name="Pin listing">

    ------------------------------------------------------------
    Pin listing
    ------------------------------------------------------------

    Pin : Name = \SCB_1:tx(0)\
        Attributes:
            In Group/Port: True
            In Sync Option: NOSYNC
            Out Sync Option: NOSYNC
            Interrupt generated: False
            Interrupt mode: NONE
            Drive mode: CMOS_OUT
            VTrip: CMOS
            Slew: FAST
            Input Sync needed: False
            Output Sync needed: False
            SC shield enabled: False
            POR State: ANY
            LCD Mode: COMMON
            Register Mode: RegComb
            CaSense Mode: NEITHER
            Treat as pin: True
            Is OE Registered: False
            Uses Analog: False
            Can contain Digital: True
            Is SIO: False
            SIO Output Buf: NONREGULATED
            SIO Input Buf: SINGLE_ENDED
            SIO HiFreq: LOW
            SIO Hyst: DISABLED
            SIO Vtrip: MULTIPLIER_0_5
            SIO Multiplier Index: 0
            SIO RefSel: VCC_IO
            Required Capabilitites: DIGITAL
            Initial Value: 1
            IO Voltage: 0
        PORT MAP (
            pa_out => \SCB_1:tx(0)\__PA ,
            input => \SCB_1:tx_wire\ ,
            pad => \SCB_1:tx(0)_PAD\ );

    Pin : Name = \SCB_1:rx(0)\
        Attributes:
            In Group/Port: True
            In Sync Option: NOSYNC
            Out Sync Option: AUTO
            Interrupt generated: False
            Interrupt mode: NONE
            Drive mode: HI_Z_DIGITAL
            VTrip: CMOS
            Slew: FAST
            Input Sync needed: False
            Output Sync needed: False
            SC shield enabled: False
            POR State: ANY
            LCD Mode: COMMON
            Register Mode: RegComb
            CaSense Mode: NEITHER
            Treat as pin: True
            Is OE Registered: False
            Uses Analog: False
            Can contain Digital: True
            Is SIO: False
            SIO Output Buf: NONREGULATED
            SIO Input Buf: SINGLE_ENDED
            SIO HiFreq: LOW
            SIO Hyst: DISABLED
            SIO Vtrip: MULTIPLIER_0_5
            SIO Multiplier Index: 0
            SIO RefSel: VCC_IO
            Required Capabilitites: DIGITAL
            Initial Value: 0
            IO Voltage: 0
        PORT MAP (
            pa_out => \SCB_1:rx(0)\__PA ,
            fb => \SCB_1:rx_wire\ ,
            pad => \SCB_1:rx(0)_PAD\ );

    Pin : Name = ADC_In(0)
        Attributes:
            In Group/Port: True
            In Sync Option: AUTO
            Out Sync Option: AUTO
            Interrupt generated: False
            Interrupt mode: NONE
            Drive mode: HI_Z_ANALOG
            VTrip: EITHER
            Slew: FAST
            Input Sync needed: False
            Output Sync needed: False
            SC shield enabled: False
            POR State: ANY
            LCD Mode: COMMON
            Register Mode: RegComb
            CaSense Mode: NEITHER
            Treat as pin: True
            Is OE Registered: False
            Uses Analog: True
            Can contain Digital: False
            Is SIO: False
            SIO Output Buf: NONREGULATED
            SIO Input Buf: SINGLE_ENDED
            SIO HiFreq: LOW
            SIO Hyst: DISABLED
            SIO Vtrip: MULTIPLIER_0_5
            SIO Multiplier Index: 0
            SIO RefSel: VCC_IO
            Required Capabilitites: ANALOG
            Initial Value: 1
            IO Voltage: 0
        PORT MAP (
            pa_out => ADC_In(0)__PA ,
            analog_term => Net_3223 ,
            annotation => Net_3224 ,
            pad => ADC_In(0)_PAD );

    Pin : Name = LED_1(0)
        Attributes:
            In Group/Port: True
            In Sync Option: AUTO
            Out Sync Option: NOSYNC
            Interrupt generated: False
            Interrupt mode: NONE
            Drive mode: OPEN_DRAIN_LO
            VTrip: EITHER
            Slew: FAST
            Input Sync needed: False
            Output Sync needed: False
            SC shield enabled: False
            POR State: ANY
            LCD Mode: COMMON
            Register Mode: RegComb
            CaSense Mode: NEITHER
            Treat as pin: True
            Is OE Registered: False
            Uses Analog: False
            Can contain Digital: True
            Is SIO: False
            SIO Output Buf: NONREGULATED
            SIO Input Buf: SINGLE_ENDED
            SIO HiFreq: LOW
            SIO Hyst: DISABLED
            SIO Vtrip: MULTIPLIER_0_5
            SIO Multiplier Index: 0
            SIO RefSel: VCC_IO
            Required Capabilitites: DIGITAL
            Initial Value: 1
            IO Voltage: 0
        PORT MAP (
            pa_out => LED_1(0)__PA ,
            annotation => Net_206 ,
            pad => LED_1(0)_PAD );

    Pin : Name = LED_2(0)
        Attributes:
            In Group/Port: True
            In Sync Option: AUTO
            Out Sync Option: NOSYNC
            Interrupt generated: False
            Interrupt mode: NONE
            Drive mode: OPEN_DRAIN_LO
            VTrip: EITHER
            Slew: FAST
            Input Sync needed: False
            Output Sync needed: False
            SC shield enabled: False
            POR State: ANY
            LCD Mode: COMMON
            Register Mode: RegComb
            CaSense Mode: NEITHER
            Treat as pin: True
            Is OE Registered: False
            Uses Analog: False
            Can contain Digital: True
            Is SIO: False
            SIO Output Buf: NONREGULATED
            SIO Input Buf: SINGLE_ENDED
            SIO HiFreq: LOW
            SIO Hyst: DISABLED
            SIO Vtrip: MULTIPLIER_0_5
            SIO Multiplier Index: 0
            SIO RefSel: VCC_IO
            Required Capabilitites: DIGITAL
            Initial Value: 1
            IO Voltage: 0
        PORT MAP (
            pa_out => LED_2(0)__PA ,
            annotation => Net_207 ,
            pad => LED_2(0)_PAD );

    Pin : Name = SW4(0)
        Attributes:
            In Group/Port: True
            In Sync Option: NOSYNC
            Out Sync Option: AUTO
            Interrupt generated: False
            Interrupt mode: NONE
            Drive mode: RES_PULL_UP
            VTrip: CMOS
            Slew: FAST
            Input Sync needed: False
            Output Sync needed: False
            SC shield enabled: False
            POR State: ANY
            LCD Mode: COMMON
            Register Mode: RegComb
            CaSense Mode: NEITHER
            Treat as pin: True
            Is OE Registered: False
            Uses Analog: False
            Can contain Digital: True
            Is SIO: False
            SIO Output Buf: NONREGULATED
            SIO Input Buf: SINGLE_ENDED
            SIO HiFreq: LOW
            SIO Hyst: DISABLED
            SIO Vtrip: MULTIPLIER_0_5
            SIO Multiplier Index: 0
            SIO RefSel: VCC_IO
            Required Capabilitites: DIGITAL
            Initial Value: 1
            IO Voltage: 0
        PORT MAP (
            pa_out => SW4(0)__PA ,
            annotation => Net_2253 ,
            pad => SW4(0)_PAD );

    Pin : Name = SW3(0)
        Attributes:
            In Group/Port: True
            In Sync Option: NOSYNC
            Out Sync Option: AUTO
            Interrupt generated: False
            Interrupt mode: NONE
            Drive mode: RES_PULL_UP
            VTrip: CMOS
            Slew: FAST
            Input Sync needed: False
            Output Sync needed: False
            SC shield enabled: False
            POR State: ANY
            LCD Mode: COMMON
            Register Mode: RegComb
            CaSense Mode: NEITHER
            Treat as pin: True
            Is OE Registered: False
            Uses Analog: False
            Can contain Digital: True
            Is SIO: False
            SIO Output Buf: NONREGULATED
            SIO Input Buf: SINGLE_ENDED
            SIO HiFreq: LOW
            SIO Hyst: DISABLED
            SIO Vtrip: MULTIPLIER_0_5
            SIO Multiplier Index: 0
            SIO RefSel: VCC_IO
            Required Capabilitites: DIGITAL
            Initial Value: 1
            IO Voltage: 0
        PORT MAP (
            pa_out => SW3(0)__PA ,
            annotation => Net_2255 ,
            pad => SW3(0)_PAD );

    Pin : Name = SW5(0)
        Attributes:
            In Group/Port: True
            In Sync Option: NOSYNC
            Out Sync Option: AUTO
            Interrupt generated: False
            Interrupt mode: NONE
            Drive mode: RES_PULL_UP
            VTrip: CMOS
            Slew: FAST
            Input Sync needed: False
            Output Sync needed: False
            SC shield enabled: False
            POR State: ANY
            LCD Mode: COMMON
            Register Mode: RegComb
            CaSense Mode: NEITHER
            Treat as pin: True
            Is OE Registered: False
            Uses Analog: False
            Can contain Digital: True
            Is SIO: False
            SIO Output Buf: NONREGULATED
            SIO Input Buf: SINGLE_ENDED
            SIO HiFreq: LOW
            SIO Hyst: DISABLED
            SIO Vtrip: MULTIPLIER_0_5
            SIO Multiplier Index: 0
            SIO RefSel: VCC_IO
            Required Capabilitites: DIGITAL
            Initial Value: 1
            IO Voltage: 0
        PORT MAP (
            pa_out => SW5(0)__PA ,
            annotation => Net_2257 ,
            pad => SW5(0)_PAD );

    Pin : Name = SW2(0)
        Attributes:
            In Group/Port: True
            In Sync Option: NOSYNC
            Out Sync Option: AUTO
            Interrupt generated: False
            Interrupt mode: NONE
            Drive mode: RES_PULL_UP
            VTrip: CMOS
            Slew: FAST
            Input Sync needed: False
            Output Sync needed: False
            SC shield enabled: False
            POR State: ANY
            LCD Mode: COMMON
            Register Mode: RegComb
            CaSense Mode: NEITHER
            Treat as pin: True
            Is OE Registered: False
            Uses Analog: False
            Can contain Digital: True
            Is SIO: False
            SIO Output Buf: NONREGULATED
            SIO Input Buf: SINGLE_ENDED
            SIO HiFreq: LOW
            SIO Hyst: DISABLED
            SIO Vtrip: MULTIPLIER_0_5
            SIO Multiplier Index: 0
            SIO RefSel: VCC_IO
            Required Capabilitites: DIGITAL
            Initial Value: 1
            IO Voltage: 0
        PORT MAP (
            pa_out => SW2(0)__PA ,
            annotation => Net_2259 ,
            pad => SW2(0)_PAD );

    Pin : Name = SW1(0)
        Attributes:
            In Group/Port: True
            In Sync Option: NOSYNC
            Out Sync Option: AUTO
            Interrupt generated: False
            Interrupt mode: NONE
            Drive mode: RES_PULL_UP
            VTrip: CMOS
            Slew: FAST
            Input Sync needed: False
            Output Sync needed: False
            SC shield enabled: False
            POR State: ANY
            LCD Mode: COMMON
            Register Mode: RegComb
            CaSense Mode: NEITHER
            Treat as pin: True
            Is OE Registered: False
            Uses Analog: False
            Can contain Digital: True
            Is SIO: False
            SIO Output Buf: NONREGULATED
            SIO Input Buf: SINGLE_ENDED
            SIO HiFreq: LOW
            SIO Hyst: DISABLED
            SIO Vtrip: MULTIPLIER_0_5
            SIO Multiplier Index: 0
            SIO RefSel: VCC_IO
            Required Capabilitites: DIGITAL
            Initial Value: 1
            IO Voltage: 0
        PORT MAP (
            pa_out => SW1(0)__PA ,
            annotation => Net_2260 ,
            pad => SW1(0)_PAD );

    Pin : Name = \SCB_2:sda(0)\
        Attributes:
            In Group/Port: True
            In Sync Option: NOSYNC
            Out Sync Option: NOSYNC
            Interrupt generated: False
            Interrupt mode: NONE
            Drive mode: OPEN_DRAIN_LO
            VTrip: CMOS
            Slew: FAST
            Input Sync needed: False
            Output Sync needed: False
            SC shield enabled: False
            POR State: ANY
            LCD Mode: COMMON
            Register Mode: RegComb
            CaSense Mode: NEITHER
            Treat as pin: True
            Is OE Registered: False
            Uses Analog: False
            Can contain Digital: True
            Is SIO: False
            SIO Output Buf: NONREGULATED
            SIO Input Buf: SINGLE_ENDED
            SIO HiFreq: LOW
            SIO Hyst: DISABLED
            SIO Vtrip: MULTIPLIER_0_5
            SIO Multiplier Index: 0
            SIO RefSel: VCC_IO
            Required Capabilitites: DIGITAL
            Initial Value: 1
            IO Voltage: 0
        PORT MAP (
            pa_out => \SCB_2:sda(0)\__PA ,
            fb => \SCB_2:sda_wire\ ,
            pad => \SCB_2:sda(0)_PAD\ );

    Pin : Name = \SCB_2:scl(0)\
        Attributes:
            In Group/Port: True
            In Sync Option: NOSYNC
            Out Sync Option: NOSYNC
            Interrupt generated: False
            Interrupt mode: NONE
            Drive mode: OPEN_DRAIN_LO
            VTrip: CMOS
            Slew: FAST
            Input Sync needed: False
            Output Sync needed: False
            SC shield enabled: False
            POR State: ANY
            LCD Mode: COMMON
            Register Mode: RegComb
            CaSense Mode: NEITHER
            Treat as pin: True
            Is OE Registered: False
            Uses Analog: False
            Can contain Digital: True
            Is SIO: False
            SIO Output Buf: NONREGULATED
            SIO Input Buf: SINGLE_ENDED
            SIO HiFreq: LOW
            SIO Hyst: DISABLED
            SIO Vtrip: MULTIPLIER_0_5
            SIO Multiplier Index: 0
            SIO RefSel: VCC_IO
            Required Capabilitites: DIGITAL
            Initial Value: 1
            IO Voltage: 0
        PORT MAP (
            pa_out => \SCB_2:scl(0)\__PA ,
            fb => \SCB_2:scl_wire\ ,
            pad => \SCB_2:scl(0)_PAD\ );
    </CYPRESSTAG>
    <CYPRESSTAG name="Macrocell listing" icon="FILE_RPT_EQUATION">
    </CYPRESSTAG>
    <CYPRESSTAG name="Datapath listing">
    </CYPRESSTAG>
    <CYPRESSTAG name="Status register listing">
    </CYPRESSTAG>
    <CYPRESSTAG name="StatusI register listing">
    </CYPRESSTAG>
    <CYPRESSTAG name="Sync listing">
    </CYPRESSTAG>
    <CYPRESSTAG name="Control register listing">
    </CYPRESSTAG>
    <CYPRESSTAG name="Count7 listing">
    </CYPRESSTAG>
    <CYPRESSTAG name="DRQ listing">
    </CYPRESSTAG>
    <CYPRESSTAG name="Interrupt listing">

    ------------------------------------------------------------
    Interrupt listing
    ------------------------------------------------------------

    interrupt: Name =\ADC_SAR_Seq_1:IRQ\
        PORT MAP (
            interrupt => \ADC_SAR_Seq_1:Net_3112\ );
        Properties:
        {
            int_type = "10"
            is_nmi = 0
        }

    interrupt: Name =isr_1
        PORT MAP (
            interrupt => Net_198 );
        Properties:
        {
            int_type = "10"
            is_nmi = 0
        }

    interrupt: Name =\SCB_2:SCB_IRQ\
        PORT MAP (
            interrupt => Net_212 );
        Properties:
        {
            int_type = "10"
            is_nmi = 0
        }

    interrupt: Name =\BLE_1:bless_isr\
        PORT MAP (
            interrupt => \BLE_1:Net_15\ );
        Properties:
        {
            int_type = "10"
            is_nmi = 0
        }
    </CYPRESSTAG>
</CYPRESSTAG>
<CYPRESSTAG name="Technology mapping summary" expanded>

------------------------------------------------------------
Technology mapping summary
------------------------------------------------------------

Resource Type                 : Used : Free :  Max :  % Used
============================================================
Digital Clocks                :    0 :    4 :    4 :  0.00 %
Interrupts                    :    4 :   28 :   32 : 12.50 %
IO                            :   16 :   22 :   38 : 42.11 %
Segment LCD                   :    0 :    1 :    1 :  0.00 %
CapSense                      :    0 :    1 :    1 :  0.00 %
Die Temp                      :    0 :    1 :    1 :  0.00 %
Serial Communication (SCB)    :    2 :    0 :    2 : 100.00 %
BLE                           :    1 :    0 :    1 : 100.00 %
Timer/Counter/PWM             :    1 :    3 :    4 : 25.00 %
UDB                           :      :      :      :        
  Macrocells                  :    0 :   32 :   32 :  0.00 %
  Unique P-terms              :    0 :   64 :   64 :  0.00 %
  Total P-terms               :    0 :      :      :        
  Datapath Cells              :    0 :    4 :    4 :  0.00 %
  Status Cells                :    0 :    4 :    4 :  0.00 %
  Control Cells               :    0 :    4 :    4 :  0.00 %
Comparator/Opamp              :    0 :    4 :    4 :  0.00 %
LP Comparator                 :    0 :    2 :    2 :  0.00 %
SAR ADC                       :    1 :    0 :    1 : 100.00 %
DAC                           :      :      :      :        
  7-bit IDAC                  :    0 :    1 :    1 :  0.00 %
  8-bit IDAC                  :    0 :    1 :    1 :  0.00 %
</CYPRESSTAG>
Technology Mapping: Elapsed time ==> 0s.016ms
Tech Mapping phase: Elapsed time ==> 0s.049ms
</CYPRESSTAG>
<CYPRESSTAG name="Analog Placement">
<CYPRESSTAG name="Analog Placement">
Elapsed time ==> 0.1613407s
</CYPRESSTAG>
Analog Placement phase: Elapsed time ==> 0s.390ms
</CYPRESSTAG>
<CYPRESSTAG name="Analog Routing">
<CYPRESSTAG name="Analog Routing">
Route success=True, Iterations=1 Elapsed=0.0023516 secs
</CYPRESSTAG>
Analog Routing phase: Elapsed time ==> 0s.001ms
</CYPRESSTAG>
<CYPRESSTAG name="Analog Code Generation">
============ Analog Final Answer Routes ============
Dump of CyAnalogRoutingResultsDB
Map of net to items {
  Net: Net_3223 {
    PASS0_sarmux_vplus
    PASS0_SARMUX0_sw7
    p3_7
  }
  Net: \ADC_SAR_Seq_1:Net_3113\ {
  }
  Net: \ADC_SAR_Seq_1:Net_3227\ {
  }
  Net: \ADC_SAR_Seq_1:mux_bus_minus_0\ {
  }
  Net: \ADC_SAR_Seq_1:mux_bus_minus_1\ {
  }
  Net: \ADC_SAR_Seq_1:mux_bus_plus_1\ {
  }
}
Map of item to net {
  PASS0_sarmux_vplus                               -> Net_3223
  PASS0_SARMUX0_sw7                                -> Net_3223
  p3_7                                             -> Net_3223
}
Mux Info {
}
Analog Code Generation phase: Elapsed time ==> 0s.048ms
</CYPRESSTAG>
<CYPRESSTAG name="Digital Placement">
<CYPRESSTAG name="Detailed placement messages">
I2659: No Constrained paths were found. The placer will run in non-timing driven mode.
I2076: Total run-time: 0.3 sec.

</CYPRESSTAG>
<CYPRESSTAG name="PLD Packing">
<CYPRESSTAG name="PLD Packing Summary">
No PLDs were packed.
</CYPRESSTAG>
PLD Packing: Elapsed time ==> 0s.000ms
</CYPRESSTAG>
<CYPRESSTAG name="Partitioning">
<CYPRESSTAG name="Initial Partitioning Summary">
Initial Partitioning Summary not displayed at this verbose level.</CYPRESSTAG>
<CYPRESSTAG name="Final Partitioning Summary">
Final Partitioning Summary not displayed at this verbose level.</CYPRESSTAG>
Partitioning: Elapsed time ==> 0s.014ms
</CYPRESSTAG>
<CYPRESSTAG name="Final Placement Summary">

------------------------------------------------------------
Final Placement Summary
------------------------------------------------------------

       Resource Type :      Count : Avg Inputs : Avg Outputs
    ========================================================
                 UDB :          0 :       0.00 :       0.00
<CYPRESSTAG name="Final Placement Details">
<CYPRESSTAG name="Component Details">

------------------------------------------------------------
Component Placement Details
------------------------------------------------------------
UDB [UDB=(0,0)] is empty.
UDB [UDB=(0,1)] is empty.
UDB [UDB=(1,0)] is empty.
UDB [UDB=(1,1)] is empty.
Intr container @ [IntrContainer=(0)]: 
  Intr@ [IntrContainer=(0)][IntrId=(10)] 
    interrupt: Name =\SCB_2:SCB_IRQ\
        PORT MAP (
            interrupt => Net_212 );
        Properties:
        {
            int_type = "10"
            is_nmi = 0
        }
  Intr@ [IntrContainer=(0)][IntrId=(12)] 
    interrupt: Name =\BLE_1:bless_isr\
        PORT MAP (
            interrupt => \BLE_1:Net_15\ );
        Properties:
        {
            int_type = "10"
            is_nmi = 0
        }
  Intr@ [IntrContainer=(0)][IntrId=(15)] 
    interrupt: Name =\ADC_SAR_Seq_1:IRQ\
        PORT MAP (
            interrupt => \ADC_SAR_Seq_1:Net_3112\ );
        Properties:
        {
            int_type = "10"
            is_nmi = 0
        }
  Intr@ [IntrContainer=(0)][IntrId=(17)] 
    interrupt: Name =isr_1
        PORT MAP (
            interrupt => Net_198 );
        Properties:
        {
            int_type = "10"
            is_nmi = 0
        }
Port 0 contains the following IO cells:
[IoId=0]: 
Pin : Name = \SCB_2:sda(0)\
    Attributes:
        In Group/Port: True
        In Sync Option: NOSYNC
        Out Sync Option: NOSYNC
        Interrupt generated: False
        Interrupt mode: NONE
        Drive mode: OPEN_DRAIN_LO
        VTrip: CMOS
        Slew: FAST
        Input Sync needed: False
        Output Sync needed: False
        SC shield enabled: False
        POR State: ANY
        LCD Mode: COMMON
        Register Mode: RegComb
        CaSense Mode: NEITHER
        Treat as pin: True
        Is OE Registered: False
        Uses Analog: False
        Can contain Digital: True
        Is SIO: False
        SIO Output Buf: NONREGULATED
        SIO Input Buf: SINGLE_ENDED
        SIO HiFreq: LOW
        SIO Hyst: DISABLED
        SIO Vtrip: MULTIPLIER_0_5
        SIO Multiplier Index: 0
        SIO RefSel: VCC_IO
        Required Capabilitites: DIGITAL
        Initial Value: 1
        IO Voltage: 0
    PORT MAP (
        pa_out => \SCB_2:sda(0)\__PA ,
        fb => \SCB_2:sda_wire\ ,
        pad => \SCB_2:sda(0)_PAD\ );
    Properties:
    {
    }

[IoId=1]: 
Pin : Name = \SCB_2:scl(0)\
    Attributes:
        In Group/Port: True
        In Sync Option: NOSYNC
        Out Sync Option: NOSYNC
        Interrupt generated: False
        Interrupt mode: NONE
        Drive mode: OPEN_DRAIN_LO
        VTrip: CMOS
        Slew: FAST
        Input Sync needed: False
        Output Sync needed: False
        SC shield enabled: False
        POR State: ANY
        LCD Mode: COMMON
        Register Mode: RegComb
        CaSense Mode: NEITHER
        Treat as pin: True
        Is OE Registered: False
        Uses Analog: False
        Can contain Digital: True
        Is SIO: False
        SIO Output Buf: NONREGULATED
        SIO Input Buf: SINGLE_ENDED
        SIO HiFreq: LOW
        SIO Hyst: DISABLED
        SIO Vtrip: MULTIPLIER_0_5
        SIO Multiplier Index: 0
        SIO RefSel: VCC_IO
        Required Capabilitites: DIGITAL
        Initial Value: 1
        IO Voltage: 0
    PORT MAP (
        pa_out => \SCB_2:scl(0)\__PA ,
        fb => \SCB_2:scl_wire\ ,
        pad => \SCB_2:scl(0)_PAD\ );
    Properties:
    {
    }

[IoId=2]: 
Pin : Name = SW3(0)
    Attributes:
        In Group/Port: True
        In Sync Option: NOSYNC
        Out Sync Option: AUTO
        Interrupt generated: False
        Interrupt mode: NONE
        Drive mode: RES_PULL_UP
        VTrip: CMOS
        Slew: FAST
        Input Sync needed: False
        Output Sync needed: False
        SC shield enabled: False
        POR State: ANY
        LCD Mode: COMMON
        Register Mode: RegComb
        CaSense Mode: NEITHER
        Treat as pin: True
        Is OE Registered: False
        Uses Analog: False
        Can contain Digital: True
        Is SIO: False
        SIO Output Buf: NONREGULATED
        SIO Input Buf: SINGLE_ENDED
        SIO HiFreq: LOW
        SIO Hyst: DISABLED
        SIO Vtrip: MULTIPLIER_0_5
        SIO Multiplier Index: 0
        SIO RefSel: VCC_IO
        Required Capabilitites: DIGITAL
        Initial Value: 1
        IO Voltage: 0
    PORT MAP (
        pa_out => SW3(0)__PA ,
        annotation => Net_2255 ,
        pad => SW3(0)_PAD );
    Properties:
    {
    }

[IoId=3]: 
Pin : Name = SW5(0)
    Attributes:
        In Group/Port: True
        In Sync Option: NOSYNC
        Out Sync Option: AUTO
        Interrupt generated: False
        Interrupt mode: NONE
        Drive mode: RES_PULL_UP
        VTrip: CMOS
        Slew: FAST
        Input Sync needed: False
        Output Sync needed: False
        SC shield enabled: False
        POR State: ANY
        LCD Mode: COMMON
        Register Mode: RegComb
        CaSense Mode: NEITHER
        Treat as pin: True
        Is OE Registered: False
        Uses Analog: False
        Can contain Digital: True
        Is SIO: False
        SIO Output Buf: NONREGULATED
        SIO Input Buf: SINGLE_ENDED
        SIO HiFreq: LOW
        SIO Hyst: DISABLED
        SIO Vtrip: MULTIPLIER_0_5
        SIO Multiplier Index: 0
        SIO RefSel: VCC_IO
        Required Capabilitites: DIGITAL
        Initial Value: 1
        IO Voltage: 0
    PORT MAP (
        pa_out => SW5(0)__PA ,
        annotation => Net_2257 ,
        pad => SW5(0)_PAD );
    Properties:
    {
    }

[IoId=4]: 
Pin : Name = \SCB_1:rx(0)\
    Attributes:
        In Group/Port: True
        In Sync Option: NOSYNC
        Out Sync Option: AUTO
        Interrupt generated: False
        Interrupt mode: NONE
        Drive mode: HI_Z_DIGITAL
        VTrip: CMOS
        Slew: FAST
        Input Sync needed: False
        Output Sync needed: False
        SC shield enabled: False
        POR State: ANY
        LCD Mode: COMMON
        Register Mode: RegComb
        CaSense Mode: NEITHER
        Treat as pin: True
        Is OE Registered: False
        Uses Analog: False
        Can contain Digital: True
        Is SIO: False
        SIO Output Buf: NONREGULATED
        SIO Input Buf: SINGLE_ENDED
        SIO HiFreq: LOW
        SIO Hyst: DISABLED
        SIO Vtrip: MULTIPLIER_0_5
        SIO Multiplier Index: 0
        SIO RefSel: VCC_IO
        Required Capabilitites: DIGITAL
        Initial Value: 0
        IO Voltage: 0
    PORT MAP (
        pa_out => \SCB_1:rx(0)\__PA ,
        fb => \SCB_1:rx_wire\ ,
        pad => \SCB_1:rx(0)_PAD\ );
    Properties:
    {
    }

[IoId=5]: 
Pin : Name = \SCB_1:tx(0)\
    Attributes:
        In Group/Port: True
        In Sync Option: NOSYNC
        Out Sync Option: NOSYNC
        Interrupt generated: False
        Interrupt mode: NONE
        Drive mode: CMOS_OUT
        VTrip: CMOS
        Slew: FAST
        Input Sync needed: False
        Output Sync needed: False
        SC shield enabled: False
        POR State: ANY
        LCD Mode: COMMON
        Register Mode: RegComb
        CaSense Mode: NEITHER
        Treat as pin: True
        Is OE Registered: False
        Uses Analog: False
        Can contain Digital: True
        Is SIO: False
        SIO Output Buf: NONREGULATED
        SIO Input Buf: SINGLE_ENDED
        SIO HiFreq: LOW
        SIO Hyst: DISABLED
        SIO Vtrip: MULTIPLIER_0_5
        SIO Multiplier Index: 0
        SIO RefSel: VCC_IO
        Required Capabilitites: DIGITAL
        Initial Value: 1
        IO Voltage: 0
    PORT MAP (
        pa_out => \SCB_1:tx(0)\__PA ,
        input => \SCB_1:tx_wire\ ,
        pad => \SCB_1:tx(0)_PAD\ );
    Properties:
    {
    }

Port 1 contains the following IO cells:
[IoId=0]: 
Pin : Name = SW1(0)
    Attributes:
        In Group/Port: True
        In Sync Option: NOSYNC
        Out Sync Option: AUTO
        Interrupt generated: False
        Interrupt mode: NONE
        Drive mode: RES_PULL_UP
        VTrip: CMOS
        Slew: FAST
        Input Sync needed: False
        Output Sync needed: False
        SC shield enabled: False
        POR State: ANY
        LCD Mode: COMMON
        Register Mode: RegComb
        CaSense Mode: NEITHER
        Treat as pin: True
        Is OE Registered: False
        Uses Analog: False
        Can contain Digital: True
        Is SIO: False
        SIO Output Buf: NONREGULATED
        SIO Input Buf: SINGLE_ENDED
        SIO HiFreq: LOW
        SIO Hyst: DISABLED
        SIO Vtrip: MULTIPLIER_0_5
        SIO Multiplier Index: 0
        SIO RefSel: VCC_IO
        Required Capabilitites: DIGITAL
        Initial Value: 1
        IO Voltage: 0
    PORT MAP (
        pa_out => SW1(0)__PA ,
        annotation => Net_2260 ,
        pad => SW1(0)_PAD );
    Properties:
    {
    }

[IoId=1]: 
Pin : Name = SW4(0)
    Attributes:
        In Group/Port: True
        In Sync Option: NOSYNC
        Out Sync Option: AUTO
        Interrupt generated: False
        Interrupt mode: NONE
        Drive mode: RES_PULL_UP
        VTrip: CMOS
        Slew: FAST
        Input Sync needed: False
        Output Sync needed: False
        SC shield enabled: False
        POR State: ANY
        LCD Mode: COMMON
        Register Mode: RegComb
        CaSense Mode: NEITHER
        Treat as pin: True
        Is OE Registered: False
        Uses Analog: False
        Can contain Digital: True
        Is SIO: False
        SIO Output Buf: NONREGULATED
        SIO Input Buf: SINGLE_ENDED
        SIO HiFreq: LOW
        SIO Hyst: DISABLED
        SIO Vtrip: MULTIPLIER_0_5
        SIO Multiplier Index: 0
        SIO RefSel: VCC_IO
        Required Capabilitites: DIGITAL
        Initial Value: 1
        IO Voltage: 0
    PORT MAP (
        pa_out => SW4(0)__PA ,
        annotation => Net_2253 ,
        pad => SW4(0)_PAD );
    Properties:
    {
    }

[IoId=2]: 
Pin : Name = SW2(0)
    Attributes:
        In Group/Port: True
        In Sync Option: NOSYNC
        Out Sync Option: AUTO
        Interrupt generated: False
        Interrupt mode: NONE
        Drive mode: RES_PULL_UP
        VTrip: CMOS
        Slew: FAST
        Input Sync needed: False
        Output Sync needed: False
        SC shield enabled: False
        POR State: ANY
        LCD Mode: COMMON
        Register Mode: RegComb
        CaSense Mode: NEITHER
        Treat as pin: True
        Is OE Registered: False
        Uses Analog: False
        Can contain Digital: True
        Is SIO: False
        SIO Output Buf: NONREGULATED
        SIO Input Buf: SINGLE_ENDED
        SIO HiFreq: LOW
        SIO Hyst: DISABLED
        SIO Vtrip: MULTIPLIER_0_5
        SIO Multiplier Index: 0
        SIO RefSel: VCC_IO
        Required Capabilitites: DIGITAL
        Initial Value: 1
        IO Voltage: 0
    PORT MAP (
        pa_out => SW2(0)__PA ,
        annotation => Net_2259 ,
        pad => SW2(0)_PAD );
    Properties:
    {
    }

[IoId=3]: 
Pin : Name = LED_1(0)
    Attributes:
        In Group/Port: True
        In Sync Option: AUTO
        Out Sync Option: NOSYNC
        Interrupt generated: False
        Interrupt mode: NONE
        Drive mode: OPEN_DRAIN_LO
        VTrip: EITHER
        Slew: FAST
        Input Sync needed: False
        Output Sync needed: False
        SC shield enabled: False
        POR State: ANY
        LCD Mode: COMMON
        Register Mode: RegComb
        CaSense Mode: NEITHER
        Treat as pin: True
        Is OE Registered: False
        Uses Analog: False
        Can contain Digital: True
        Is SIO: False
        SIO Output Buf: NONREGULATED
        SIO Input Buf: SINGLE_ENDED
        SIO HiFreq: LOW
        SIO Hyst: DISABLED
        SIO Vtrip: MULTIPLIER_0_5
        SIO Multiplier Index: 0
        SIO RefSel: VCC_IO
        Required Capabilitites: DIGITAL
        Initial Value: 1
        IO Voltage: 0
    PORT MAP (
        pa_out => LED_1(0)__PA ,
        annotation => Net_206 ,
        pad => LED_1(0)_PAD );
    Properties:
    {
    }

[IoId=4]: 
Pin : Name = LED_2(0)
    Attributes:
        In Group/Port: True
        In Sync Option: AUTO
        Out Sync Option: NOSYNC
        Interrupt generated: False
        Interrupt mode: NONE
        Drive mode: OPEN_DRAIN_LO
        VTrip: EITHER
        Slew: FAST
        Input Sync needed: False
        Output Sync needed: False
        SC shield enabled: False
        POR State: ANY
        LCD Mode: COMMON
        Register Mode: RegComb
        CaSense Mode: NEITHER
        Treat as pin: True
        Is OE Registered: False
        Uses Analog: False
        Can contain Digital: True
        Is SIO: False
        SIO Output Buf: NONREGULATED
        SIO Input Buf: SINGLE_ENDED
        SIO HiFreq: LOW
        SIO Hyst: DISABLED
        SIO Vtrip: MULTIPLIER_0_5
        SIO Multiplier Index: 0
        SIO RefSel: VCC_IO
        Required Capabilitites: DIGITAL
        Initial Value: 1
        IO Voltage: 0
    PORT MAP (
        pa_out => LED_2(0)__PA ,
        annotation => Net_207 ,
        pad => LED_2(0)_PAD );
    Properties:
    {
    }

Port 2 is empty
Port 3 contains the following IO cells:
[IoId=7]: 
Pin : Name = ADC_In(0)
    Attributes:
        In Group/Port: True
        In Sync Option: AUTO
        Out Sync Option: AUTO
        Interrupt generated: False
        Interrupt mode: NONE
        Drive mode: HI_Z_ANALOG
        VTrip: EITHER
        Slew: FAST
        Input Sync needed: False
        Output Sync needed: False
        SC shield enabled: False
        POR State: ANY
        LCD Mode: COMMON
        Register Mode: RegComb
        CaSense Mode: NEITHER
        Treat as pin: True
        Is OE Registered: False
        Uses Analog: True
        Can contain Digital: False
        Is SIO: False
        SIO Output Buf: NONREGULATED
        SIO Input Buf: SINGLE_ENDED
        SIO HiFreq: LOW
        SIO Hyst: DISABLED
        SIO Vtrip: MULTIPLIER_0_5
        SIO Multiplier Index: 0
        SIO RefSel: VCC_IO
        Required Capabilitites: ANALOG
        Initial Value: 1
        IO Voltage: 0
    PORT MAP (
        pa_out => ADC_In(0)__PA ,
        analog_term => Net_3223 ,
        annotation => Net_3224 ,
        pad => ADC_In(0)_PAD );
    Properties:
    {
    }

Port 4 is empty
Port 5 is empty
Port 6 is empty
ARM group 0: empty
Clock group 0: 
    Clock Block @ F(Clock,0): 
    m0s8clockblockcell: Name =ClockBlock
        PORT MAP (
            hfclk => ClockBlock_HFCLK ,
            imo => ClockBlock_IMO ,
            ext => ClockBlock_EXTCLK ,
            sysclk => ClockBlock_SYSCLK ,
            eco => ClockBlock_ECO ,
            ilo => ClockBlock_ILO ,
            lfclk => ClockBlock_LFCLK ,
            wco => ClockBlock_WCO ,
            dsi_in_0 => ClockBlock_Routed1 ,
            ff_div_6 => \ADC_SAR_Seq_1:Net_1845_ff6\ ,
            ff_div_1 => \SCB_2:Net_847_ff1\ ,
            ff_div_2 => \SCB_1:Net_847_ff2\ ,
            ff_div_7 => Net_1704_ff7 );
        Properties:
        {
        }
PM group 0: empty
SPC group 0: empty
WDT group 0: empty
FSS group 0: empty
LP Comparator group 0: empty
Serial Communication (SCB) group 0: 
    SCB Block @ F(SCB,0): 
    m0s8scbcell: Name =\SCB_1:SCB\
        PORT MAP (
            clock => \SCB_1:Net_847_ff2\ ,
            interrupt => Net_177 ,
            rx => \SCB_1:rx_wire\ ,
            tx => \SCB_1:tx_wire\ ,
            rts => \SCB_1:rts_wire\ ,
            mosi_m => \SCB_1:mosi_m_wire\ ,
            select_m_3 => \SCB_1:select_m_wire_3\ ,
            select_m_2 => \SCB_1:select_m_wire_2\ ,
            select_m_1 => \SCB_1:select_m_wire_1\ ,
            select_m_0 => \SCB_1:select_m_wire_0\ ,
            sclk_m => \SCB_1:sclk_m_wire\ ,
            miso_s => \SCB_1:miso_s_wire\ ,
            tx_req => Net_180 ,
            rx_req => Net_179 );
        Properties:
        {
            cy_registers = ""
            scb_mode = 2
        }
    SCB Block @ F(SCB,1): 
    m0s8scbcell: Name =\SCB_2:SCB\
        PORT MAP (
            clock => \SCB_2:Net_847_ff1\ ,
            interrupt => Net_212 ,
            tx => \SCB_2:tx_wire\ ,
            rts => \SCB_2:rts_wire\ ,
            mosi_m => \SCB_2:mosi_m_wire\ ,
            select_m_3 => \SCB_2:select_m_wire_3\ ,
            select_m_2 => \SCB_2:select_m_wire_2\ ,
            select_m_1 => \SCB_2:select_m_wire_1\ ,
            select_m_0 => \SCB_2:select_m_wire_0\ ,
            sclk_m => \SCB_2:sclk_m_wire\ ,
            miso_s => \SCB_2:miso_s_wire\ ,
            scl => \SCB_2:scl_wire\ ,
            sda => \SCB_2:sda_wire\ ,
            tx_req => Net_215 ,
            rx_req => Net_214 );
        Properties:
        {
            cy_registers = ""
            scb_mode = 0
        }
CapSense group 0: empty
8-bit IDAC group 0: empty
7-bit IDAC group 0: empty
Timer/Counter/PWM group 0: 
    Tcpwm Block @ F(TCPWM,0): 
    m0s8tcpwmcell: Name =\TCPWM_1:cy_m0s8_tcpwm_1\
        PORT MAP (
            clock => Net_1704_ff7 ,
            capture => zero ,
            count => one ,
            reload => zero ,
            stop => zero ,
            start => zero ,
            tr_underflow => Net_200 ,
            tr_overflow => Net_199 ,
            tr_compare_match => Net_201 ,
            line_out => Net_202 ,
            line_out_compl => Net_203 ,
            interrupt => Net_198 );
        Properties:
        {
            cy_registers = ""
        }
Comparator/Opamp group 0: empty
Die Temp group 0: empty
SAR ADC group 0: 
    PSoC4 SAR ADC @ F(SARADC,0): 
    p4sarcell: Name =\ADC_SAR_Seq_1:cy_psoc4_sar\
        PORT MAP (
            vplus => Net_3223 ,
            vminus => \ADC_SAR_Seq_1:mux_bus_minus_0\ ,
            vref => \ADC_SAR_Seq_1:Net_3113\ ,
            ext_vref => \ADC_SAR_Seq_1:Net_3227\ ,
            clock => \ADC_SAR_Seq_1:Net_1845_ff6\ ,
            sample_done => Net_170 ,
            chan_id_valid => \ADC_SAR_Seq_1:Net_3108\ ,
            chan_id_3 => \ADC_SAR_Seq_1:Net_3109_3\ ,
            chan_id_2 => \ADC_SAR_Seq_1:Net_3109_2\ ,
            chan_id_1 => \ADC_SAR_Seq_1:Net_3109_1\ ,
            chan_id_0 => \ADC_SAR_Seq_1:Net_3109_0\ ,
            data_valid => \ADC_SAR_Seq_1:Net_3110\ ,
            data_11 => \ADC_SAR_Seq_1:Net_3111_11\ ,
            data_10 => \ADC_SAR_Seq_1:Net_3111_10\ ,
            data_9 => \ADC_SAR_Seq_1:Net_3111_9\ ,
            data_8 => \ADC_SAR_Seq_1:Net_3111_8\ ,
            data_7 => \ADC_SAR_Seq_1:Net_3111_7\ ,
            data_6 => \ADC_SAR_Seq_1:Net_3111_6\ ,
            data_5 => \ADC_SAR_Seq_1:Net_3111_5\ ,
            data_4 => \ADC_SAR_Seq_1:Net_3111_4\ ,
            data_3 => \ADC_SAR_Seq_1:Net_3111_3\ ,
            data_2 => \ADC_SAR_Seq_1:Net_3111_2\ ,
            data_1 => \ADC_SAR_Seq_1:Net_3111_1\ ,
            data_0 => \ADC_SAR_Seq_1:Net_3111_0\ ,
            tr_sar_out => Net_171 ,
            irq => \ADC_SAR_Seq_1:Net_3112\ );
        Properties:
        {
            cy_registers = ""
        }
Segment LCD group 0: empty
CLK_GEN group 0: 
    M0S8 Clock Gen Block @ F(CLK_GEN,0): 
    m0s8clockgenblockcell: Name =ClockGenBlock
        PORT MAP (
             );
        Properties:
        {
        }
LPCOMPBLOCK group 0: empty
PASSBLOCK group 0: empty
ANAPUMP group 0: empty
BLE group 0: 
    BLE Block @ F(BLE,0): 
    p4blecell: Name =\BLE_1:cy_m0s8_ble\
        PORT MAP (
            interrupt => \BLE_1:Net_15\ ,
            rfctrl_extpa_en => Net_280 );
        Properties:
        {
            cy_registers = ""
        }
GANGED_PICU group 0: empty
WCO group 0: empty
</CYPRESSTAG>
<CYPRESSTAG name="Port Configuration Details">

------------------------------------------------------------
Port Configuration report
------------------------------------------------------------
     |     |       | Interrupt |                  |                | 
Port | Pin | Fixed |      Type |       Drive Mode |           Name | Connections
-----+-----+-------+-----------+------------------+----------------+---------------------
   0 |   0 |       |      NONE |    OPEN_DRAIN_LO | \SCB_2:sda(0)\ | FB(\SCB_2:sda_wire\)
     |   1 |       |      NONE |    OPEN_DRAIN_LO | \SCB_2:scl(0)\ | FB(\SCB_2:scl_wire\)
     |   2 |       |      NONE |      RES_PULL_UP |         SW3(0) | 
     |   3 |       |      NONE |      RES_PULL_UP |         SW5(0) | 
     |   4 |       |      NONE |     HI_Z_DIGITAL |  \SCB_1:rx(0)\ | FB(\SCB_1:rx_wire\)
     |   5 |       |      NONE |         CMOS_OUT |  \SCB_1:tx(0)\ | In(\SCB_1:tx_wire\)
-----+-----+-------+-----------+------------------+----------------+---------------------
   1 |   0 |       |      NONE |      RES_PULL_UP |         SW1(0) | 
     |   1 |       |      NONE |      RES_PULL_UP |         SW4(0) | 
     |   2 |       |      NONE |      RES_PULL_UP |         SW2(0) | 
     |   3 |       |      NONE |    OPEN_DRAIN_LO |       LED_1(0) | 
     |   4 |       |      NONE |    OPEN_DRAIN_LO |       LED_2(0) | 
-----+-----+-------+-----------+------------------+----------------+---------------------
   3 |   7 |       |      NONE |      HI_Z_ANALOG |      ADC_In(0) | Analog(Net_3223)
-----------------------------------------------------------------------------------------
</CYPRESSTAG>
</CYPRESSTAG>
</CYPRESSTAG>
Digital component placer commit/Report: Elapsed time ==> 0s.001ms
Digital Placement phase: Elapsed time ==> 0s.704ms
</CYPRESSTAG>
<CYPRESSTAG name="Digital Routing">
Routing successful.
Digital Routing phase: Elapsed time ==> 0s.813ms
</CYPRESSTAG>
<CYPRESSTAG name="Bitstream Generation">
Bitstream Generation phase: Elapsed time ==> 0s.383ms
</CYPRESSTAG>
<CYPRESSTAG name="Bitstream Verification">
Bitstream Verification phase: Elapsed time ==> 0s.047ms
</CYPRESSTAG>
<CYPRESSTAG name="Static timing analysis">
Timing report is in Design01_timing.html.
Static timing analysis phase: Elapsed time ==> 0s.388ms
</CYPRESSTAG>
<CYPRESSTAG name="Data reporting">
Data reporting phase: Elapsed time ==> 0s.000ms
</CYPRESSTAG>
<CYPRESSTAG name="Database update...">
Design database save phase: Elapsed time ==> 0s.217ms
</CYPRESSTAG>
cydsfit: Elapsed time ==> 3s.107ms
</CYPRESSTAG>
Fitter phase: Elapsed time ==> 3s.107ms
API generation phase: Elapsed time ==> 4s.167ms
Dependency generation phase: Elapsed time ==> 0s.041ms
Cleanup phase: Elapsed time ==> 0s.002ms
