ARM GAS  C:\Users\Jerry\AppData\Local\Temp\cc6I8D1k.s 			page 1


   1              		.cpu cortex-m0
   2              		.fpu softvfp
   3              		.eabi_attribute 20, 1
   4              		.eabi_attribute 21, 1
   5              		.eabi_attribute 23, 3
   6              		.eabi_attribute 24, 1
   7              		.eabi_attribute 25, 1
   8              		.eabi_attribute 26, 1
   9              		.eabi_attribute 30, 6
  10              		.eabi_attribute 34, 0
  11              		.eabi_attribute 18, 4
  12              		.code	16
  13              		.file	"cyfitter_cfg.c"
  14              		.text
  15              	.Ltext0:
  16              		.cfi_sections	.debug_frame
  17              		.section	.text.CYMEMZERO,"ax",%progbits
  18              		.align	2
  19              		.code	16
  20              		.thumb_func
  21              		.type	CYMEMZERO, %function
  22              	CYMEMZERO:
  23              	.LFB2:
  24              		.file 1 "Generated_Source\\PSoC4\\cyfitter_cfg.c"
   1:Generated_Source\PSoC4/cyfitter_cfg.c **** /*******************************************************************************
   2:Generated_Source\PSoC4/cyfitter_cfg.c **** * File Name: cyfitter_cfg.c
   3:Generated_Source\PSoC4/cyfitter_cfg.c **** * 
   4:Generated_Source\PSoC4/cyfitter_cfg.c **** * PSoC Creator  4.0
   5:Generated_Source\PSoC4/cyfitter_cfg.c **** *
   6:Generated_Source\PSoC4/cyfitter_cfg.c **** * Description:
   7:Generated_Source\PSoC4/cyfitter_cfg.c **** * This file contains device initialization code.
   8:Generated_Source\PSoC4/cyfitter_cfg.c **** * Except for the user defined sections in CyClockStartupError(), this file should not be modified.
   9:Generated_Source\PSoC4/cyfitter_cfg.c **** * This file is automatically generated by PSoC Creator.
  10:Generated_Source\PSoC4/cyfitter_cfg.c **** *
  11:Generated_Source\PSoC4/cyfitter_cfg.c **** ********************************************************************************
  12:Generated_Source\PSoC4/cyfitter_cfg.c **** * Copyright (c) 2007-2016 Cypress Semiconductor.  All rights reserved.
  13:Generated_Source\PSoC4/cyfitter_cfg.c **** * You may use this file only in accordance with the license, terms, conditions, 
  14:Generated_Source\PSoC4/cyfitter_cfg.c **** * disclaimers, and limitations in the end user license agreement accompanying 
  15:Generated_Source\PSoC4/cyfitter_cfg.c **** * the software package with which this file was provided.
  16:Generated_Source\PSoC4/cyfitter_cfg.c **** ********************************************************************************/
  17:Generated_Source\PSoC4/cyfitter_cfg.c **** 
  18:Generated_Source\PSoC4/cyfitter_cfg.c **** #include <string.h>
  19:Generated_Source\PSoC4/cyfitter_cfg.c **** #include "cytypes.h"
  20:Generated_Source\PSoC4/cyfitter_cfg.c **** #include "cydevice_trm.h"
  21:Generated_Source\PSoC4/cyfitter_cfg.c **** #include "cyfitter.h"
  22:Generated_Source\PSoC4/cyfitter_cfg.c **** #include "CyLib.h"
  23:Generated_Source\PSoC4/cyfitter_cfg.c **** #include "CyLFClk.h"
  24:Generated_Source\PSoC4/cyfitter_cfg.c **** #include "cyfitter_cfg.h"
  25:Generated_Source\PSoC4/cyfitter_cfg.c **** #include "cyapicallbacks.h"
  26:Generated_Source\PSoC4/cyfitter_cfg.c **** 
  27:Generated_Source\PSoC4/cyfitter_cfg.c **** 
  28:Generated_Source\PSoC4/cyfitter_cfg.c **** #if defined(__GNUC__) || defined(__ARMCC_VERSION)
  29:Generated_Source\PSoC4/cyfitter_cfg.c ****     #define CYPACKED 
  30:Generated_Source\PSoC4/cyfitter_cfg.c ****     #define CYPACKED_ATTR __attribute__ ((packed))
  31:Generated_Source\PSoC4/cyfitter_cfg.c ****     #define CYALIGNED __attribute__ ((aligned))
  32:Generated_Source\PSoC4/cyfitter_cfg.c ****     #define CY_CFG_UNUSED __attribute__ ((unused))
  33:Generated_Source\PSoC4/cyfitter_cfg.c ****     #ifndef CY_CFG_SECTION
ARM GAS  C:\Users\Jerry\AppData\Local\Temp\cc6I8D1k.s 			page 2


  34:Generated_Source\PSoC4/cyfitter_cfg.c ****         #define CY_CFG_SECTION __attribute__ ((section(".psocinit")))
  35:Generated_Source\PSoC4/cyfitter_cfg.c ****     #endif
  36:Generated_Source\PSoC4/cyfitter_cfg.c ****     
  37:Generated_Source\PSoC4/cyfitter_cfg.c ****     #if defined(__ARMCC_VERSION)
  38:Generated_Source\PSoC4/cyfitter_cfg.c ****         #define CY_CFG_MEMORY_BARRIER() __memory_changed()
  39:Generated_Source\PSoC4/cyfitter_cfg.c ****     #else
  40:Generated_Source\PSoC4/cyfitter_cfg.c ****         #define CY_CFG_MEMORY_BARRIER() __sync_synchronize()
  41:Generated_Source\PSoC4/cyfitter_cfg.c ****     #endif
  42:Generated_Source\PSoC4/cyfitter_cfg.c ****     
  43:Generated_Source\PSoC4/cyfitter_cfg.c **** #elif defined(__ICCARM__)
  44:Generated_Source\PSoC4/cyfitter_cfg.c ****     #include <intrinsics.h>
  45:Generated_Source\PSoC4/cyfitter_cfg.c **** 
  46:Generated_Source\PSoC4/cyfitter_cfg.c ****     #define CYPACKED __packed
  47:Generated_Source\PSoC4/cyfitter_cfg.c ****     #define CYPACKED_ATTR 
  48:Generated_Source\PSoC4/cyfitter_cfg.c ****     #define CYALIGNED _Pragma("data_alignment=4")
  49:Generated_Source\PSoC4/cyfitter_cfg.c ****     #define CY_CFG_UNUSED _Pragma("diag_suppress=Pe177")
  50:Generated_Source\PSoC4/cyfitter_cfg.c ****     #define CY_CFG_SECTION _Pragma("location=\".psocinit\"")
  51:Generated_Source\PSoC4/cyfitter_cfg.c ****     
  52:Generated_Source\PSoC4/cyfitter_cfg.c ****     #define CY_CFG_MEMORY_BARRIER() __DMB()
  53:Generated_Source\PSoC4/cyfitter_cfg.c ****     
  54:Generated_Source\PSoC4/cyfitter_cfg.c **** #else
  55:Generated_Source\PSoC4/cyfitter_cfg.c ****     #error Unsupported toolchain
  56:Generated_Source\PSoC4/cyfitter_cfg.c **** #endif
  57:Generated_Source\PSoC4/cyfitter_cfg.c **** 
  58:Generated_Source\PSoC4/cyfitter_cfg.c **** 
  59:Generated_Source\PSoC4/cyfitter_cfg.c **** CY_CFG_UNUSED
  60:Generated_Source\PSoC4/cyfitter_cfg.c **** static void CYMEMZERO(void *s, size_t n);
  61:Generated_Source\PSoC4/cyfitter_cfg.c **** CY_CFG_UNUSED
  62:Generated_Source\PSoC4/cyfitter_cfg.c **** static void CYMEMZERO(void *s, size_t n)
  63:Generated_Source\PSoC4/cyfitter_cfg.c **** {
  25              		.loc 1 63 0
  26              		.cfi_startproc
  27 0000 80B5     		push	{r7, lr}
  28              		.cfi_def_cfa_offset 8
  29              		.cfi_offset 7, -8
  30              		.cfi_offset 14, -4
  31 0002 82B0     		sub	sp, sp, #8
  32              		.cfi_def_cfa_offset 16
  33 0004 00AF     		add	r7, sp, #0
  34              		.cfi_def_cfa_register 7
  35 0006 7860     		str	r0, [r7, #4]
  36 0008 3960     		str	r1, [r7]
  64:Generated_Source\PSoC4/cyfitter_cfg.c **** 	(void)memset(s, 0, n);
  37              		.loc 1 64 0
  38 000a 7A68     		ldr	r2, [r7, #4]
  39 000c 3B68     		ldr	r3, [r7]
  40 000e 101C     		mov	r0, r2
  41 0010 0021     		mov	r1, #0
  42 0012 1A1C     		mov	r2, r3
  43 0014 FFF7FEFF 		bl	memset
  65:Generated_Source\PSoC4/cyfitter_cfg.c **** }
  44              		.loc 1 65 0
  45 0018 BD46     		mov	sp, r7
  46 001a 02B0     		add	sp, sp, #8
  47              		@ sp needed
  48 001c 80BD     		pop	{r7, pc}
  49              		.cfi_endproc
ARM GAS  C:\Users\Jerry\AppData\Local\Temp\cc6I8D1k.s 			page 3


  50              	.LFE2:
  51              		.size	CYMEMZERO, .-CYMEMZERO
  52 001e C046     		.section	.text.CYCONFIGCPY,"ax",%progbits
  53              		.align	2
  54              		.code	16
  55              		.thumb_func
  56              		.type	CYCONFIGCPY, %function
  57              	CYCONFIGCPY:
  58              	.LFB3:
  66:Generated_Source\PSoC4/cyfitter_cfg.c **** CY_CFG_UNUSED
  67:Generated_Source\PSoC4/cyfitter_cfg.c **** static void CYCONFIGCPY(void *dest, const void *src, size_t n);
  68:Generated_Source\PSoC4/cyfitter_cfg.c **** CY_CFG_UNUSED
  69:Generated_Source\PSoC4/cyfitter_cfg.c **** static void CYCONFIGCPY(void *dest, const void *src, size_t n)
  70:Generated_Source\PSoC4/cyfitter_cfg.c **** {
  59              		.loc 1 70 0
  60              		.cfi_startproc
  61 0000 80B5     		push	{r7, lr}
  62              		.cfi_def_cfa_offset 8
  63              		.cfi_offset 7, -8
  64              		.cfi_offset 14, -4
  65 0002 84B0     		sub	sp, sp, #16
  66              		.cfi_def_cfa_offset 24
  67 0004 00AF     		add	r7, sp, #0
  68              		.cfi_def_cfa_register 7
  69 0006 F860     		str	r0, [r7, #12]
  70 0008 B960     		str	r1, [r7, #8]
  71 000a 7A60     		str	r2, [r7, #4]
  71:Generated_Source\PSoC4/cyfitter_cfg.c **** 	(void)memcpy(dest, src, n);
  72              		.loc 1 71 0
  73 000c F968     		ldr	r1, [r7, #12]
  74 000e BA68     		ldr	r2, [r7, #8]
  75 0010 7B68     		ldr	r3, [r7, #4]
  76 0012 081C     		mov	r0, r1
  77 0014 111C     		mov	r1, r2
  78 0016 1A1C     		mov	r2, r3
  79 0018 FFF7FEFF 		bl	memcpy
  72:Generated_Source\PSoC4/cyfitter_cfg.c **** }
  80              		.loc 1 72 0
  81 001c BD46     		mov	sp, r7
  82 001e 04B0     		add	sp, sp, #16
  83              		@ sp needed
  84 0020 80BD     		pop	{r7, pc}
  85              		.cfi_endproc
  86              	.LFE3:
  87              		.size	CYCONFIGCPY, .-CYCONFIGCPY
  88 0022 C046     		.section	.text.CYCONFIGCPYCODE,"ax",%progbits
  89              		.align	2
  90              		.code	16
  91              		.thumb_func
  92              		.type	CYCONFIGCPYCODE, %function
  93              	CYCONFIGCPYCODE:
  94              	.LFB4:
  73:Generated_Source\PSoC4/cyfitter_cfg.c **** CY_CFG_UNUSED
  74:Generated_Source\PSoC4/cyfitter_cfg.c **** static void CYCONFIGCPYCODE(void *dest, const void *src, size_t n);
  75:Generated_Source\PSoC4/cyfitter_cfg.c **** CY_CFG_UNUSED
  76:Generated_Source\PSoC4/cyfitter_cfg.c **** static void CYCONFIGCPYCODE(void *dest, const void *src, size_t n)
  77:Generated_Source\PSoC4/cyfitter_cfg.c **** {
ARM GAS  C:\Users\Jerry\AppData\Local\Temp\cc6I8D1k.s 			page 4


  95              		.loc 1 77 0
  96              		.cfi_startproc
  97 0000 80B5     		push	{r7, lr}
  98              		.cfi_def_cfa_offset 8
  99              		.cfi_offset 7, -8
 100              		.cfi_offset 14, -4
 101 0002 84B0     		sub	sp, sp, #16
 102              		.cfi_def_cfa_offset 24
 103 0004 00AF     		add	r7, sp, #0
 104              		.cfi_def_cfa_register 7
 105 0006 F860     		str	r0, [r7, #12]
 106 0008 B960     		str	r1, [r7, #8]
 107 000a 7A60     		str	r2, [r7, #4]
  78:Generated_Source\PSoC4/cyfitter_cfg.c **** 	(void)memcpy(dest, src, n);
 108              		.loc 1 78 0
 109 000c F968     		ldr	r1, [r7, #12]
 110 000e BA68     		ldr	r2, [r7, #8]
 111 0010 7B68     		ldr	r3, [r7, #4]
 112 0012 081C     		mov	r0, r1
 113 0014 111C     		mov	r1, r2
 114 0016 1A1C     		mov	r2, r3
 115 0018 FFF7FEFF 		bl	memcpy
  79:Generated_Source\PSoC4/cyfitter_cfg.c **** }
 116              		.loc 1 79 0
 117 001c BD46     		mov	sp, r7
 118 001e 04B0     		add	sp, sp, #16
 119              		@ sp needed
 120 0020 80BD     		pop	{r7, pc}
 121              		.cfi_endproc
 122              	.LFE4:
 123              		.size	CYCONFIGCPYCODE, .-CYCONFIGCPYCODE
 124 0022 C046     		.section	.psocinit,"ax",%progbits
 125              		.align	2
 126              		.code	16
 127              		.thumb_func
 128              		.type	ClockSetup, %function
 129              	ClockSetup:
 130              	.LFB5:
  80:Generated_Source\PSoC4/cyfitter_cfg.c **** 
  81:Generated_Source\PSoC4/cyfitter_cfg.c **** 
  82:Generated_Source\PSoC4/cyfitter_cfg.c **** 
  83:Generated_Source\PSoC4/cyfitter_cfg.c **** 
  84:Generated_Source\PSoC4/cyfitter_cfg.c **** /* Clock startup error codes                                                   */
  85:Generated_Source\PSoC4/cyfitter_cfg.c **** #define CYCLOCKSTART_NO_ERROR    0u
  86:Generated_Source\PSoC4/cyfitter_cfg.c **** #define CYCLOCKSTART_XTAL_ERROR  1u
  87:Generated_Source\PSoC4/cyfitter_cfg.c **** #define CYCLOCKSTART_32KHZ_ERROR 2u
  88:Generated_Source\PSoC4/cyfitter_cfg.c **** #define CYCLOCKSTART_PLL_ERROR   3u
  89:Generated_Source\PSoC4/cyfitter_cfg.c **** 
  90:Generated_Source\PSoC4/cyfitter_cfg.c **** 
  91:Generated_Source\PSoC4/cyfitter_cfg.c **** #ifdef CY_NEED_CYCLOCKSTARTUPERROR
  92:Generated_Source\PSoC4/cyfitter_cfg.c **** /*******************************************************************************
  93:Generated_Source\PSoC4/cyfitter_cfg.c **** * Function Name: CyClockStartupError
  94:Generated_Source\PSoC4/cyfitter_cfg.c **** ********************************************************************************
  95:Generated_Source\PSoC4/cyfitter_cfg.c **** * Summary:
  96:Generated_Source\PSoC4/cyfitter_cfg.c **** *  If an error is encountered during clock configuration (crystal startup error,
  97:Generated_Source\PSoC4/cyfitter_cfg.c **** *  PLL lock error, etc.), the system will end up here.  Unless reimplemented by
  98:Generated_Source\PSoC4/cyfitter_cfg.c **** *  the customer, this function will stop in an infinite loop.
ARM GAS  C:\Users\Jerry\AppData\Local\Temp\cc6I8D1k.s 			page 5


  99:Generated_Source\PSoC4/cyfitter_cfg.c **** *
 100:Generated_Source\PSoC4/cyfitter_cfg.c **** * Parameters:
 101:Generated_Source\PSoC4/cyfitter_cfg.c **** *   void
 102:Generated_Source\PSoC4/cyfitter_cfg.c **** *
 103:Generated_Source\PSoC4/cyfitter_cfg.c **** * Return:
 104:Generated_Source\PSoC4/cyfitter_cfg.c **** *   void
 105:Generated_Source\PSoC4/cyfitter_cfg.c **** *
 106:Generated_Source\PSoC4/cyfitter_cfg.c **** *******************************************************************************/
 107:Generated_Source\PSoC4/cyfitter_cfg.c **** CY_CFG_UNUSED
 108:Generated_Source\PSoC4/cyfitter_cfg.c **** static void CyClockStartupError(uint8 errorCode);
 109:Generated_Source\PSoC4/cyfitter_cfg.c **** CY_CFG_UNUSED
 110:Generated_Source\PSoC4/cyfitter_cfg.c **** static void CyClockStartupError(uint8 errorCode)
 111:Generated_Source\PSoC4/cyfitter_cfg.c **** {
 112:Generated_Source\PSoC4/cyfitter_cfg.c ****     /* To remove the compiler warning if errorCode not used.                */
 113:Generated_Source\PSoC4/cyfitter_cfg.c ****     errorCode = errorCode;
 114:Generated_Source\PSoC4/cyfitter_cfg.c **** 
 115:Generated_Source\PSoC4/cyfitter_cfg.c ****     /* If we have a clock startup error (bad MHz crystal, PLL lock, etc.),  */
 116:Generated_Source\PSoC4/cyfitter_cfg.c ****     /* we will end up here to allow the customer to implement something to  */
 117:Generated_Source\PSoC4/cyfitter_cfg.c ****     /* deal with the clock condition.                                       */
 118:Generated_Source\PSoC4/cyfitter_cfg.c **** 
 119:Generated_Source\PSoC4/cyfitter_cfg.c **** #ifdef CY_CFG_CLOCK_STARTUP_ERROR_CALLBACK
 120:Generated_Source\PSoC4/cyfitter_cfg.c **** 	CY_CFG_Clock_Startup_ErrorCallback();
 121:Generated_Source\PSoC4/cyfitter_cfg.c **** #else
 122:Generated_Source\PSoC4/cyfitter_cfg.c **** 	/*  If not using CY_CFG_CLOCK_STARTUP_ERROR_CALLBACK, place your clock startup code here. */
 123:Generated_Source\PSoC4/cyfitter_cfg.c ****     /* `#START CyClockStartupError` */
 124:Generated_Source\PSoC4/cyfitter_cfg.c **** 
 125:Generated_Source\PSoC4/cyfitter_cfg.c **** 
 126:Generated_Source\PSoC4/cyfitter_cfg.c **** 
 127:Generated_Source\PSoC4/cyfitter_cfg.c ****     /* `#END` */
 128:Generated_Source\PSoC4/cyfitter_cfg.c **** 
 129:Generated_Source\PSoC4/cyfitter_cfg.c ****     /* If nothing else, stop here since the clocks have not started         */
 130:Generated_Source\PSoC4/cyfitter_cfg.c ****     /* correctly.                                                           */
 131:Generated_Source\PSoC4/cyfitter_cfg.c ****     while(1) {}
 132:Generated_Source\PSoC4/cyfitter_cfg.c **** #endif /* CY_CFG_CLOCK_STARTUP_ERROR_CALLBACK */ 
 133:Generated_Source\PSoC4/cyfitter_cfg.c **** }
 134:Generated_Source\PSoC4/cyfitter_cfg.c **** #endif
 135:Generated_Source\PSoC4/cyfitter_cfg.c **** 
 136:Generated_Source\PSoC4/cyfitter_cfg.c **** 
 137:Generated_Source\PSoC4/cyfitter_cfg.c **** 
 138:Generated_Source\PSoC4/cyfitter_cfg.c **** /*******************************************************************************
 139:Generated_Source\PSoC4/cyfitter_cfg.c **** * Function Name: ClockSetup
 140:Generated_Source\PSoC4/cyfitter_cfg.c **** ********************************************************************************
 141:Generated_Source\PSoC4/cyfitter_cfg.c **** *
 142:Generated_Source\PSoC4/cyfitter_cfg.c **** * Summary:
 143:Generated_Source\PSoC4/cyfitter_cfg.c **** *   Performs the initialization of all of the clocks in the device based on the
 144:Generated_Source\PSoC4/cyfitter_cfg.c **** *   settings in the Clock tab of the DWR.  This includes enabling the requested
 145:Generated_Source\PSoC4/cyfitter_cfg.c **** *   clocks and setting the necessary dividers to produce the desired frequency. 
 146:Generated_Source\PSoC4/cyfitter_cfg.c **** *
 147:Generated_Source\PSoC4/cyfitter_cfg.c **** * Parameters:
 148:Generated_Source\PSoC4/cyfitter_cfg.c **** *   void
 149:Generated_Source\PSoC4/cyfitter_cfg.c **** *
 150:Generated_Source\PSoC4/cyfitter_cfg.c **** * Return:
 151:Generated_Source\PSoC4/cyfitter_cfg.c **** *   void
 152:Generated_Source\PSoC4/cyfitter_cfg.c **** *
 153:Generated_Source\PSoC4/cyfitter_cfg.c **** *******************************************************************************/
 154:Generated_Source\PSoC4/cyfitter_cfg.c **** static void ClockSetup(void);
 155:Generated_Source\PSoC4/cyfitter_cfg.c **** CY_CFG_SECTION
ARM GAS  C:\Users\Jerry\AppData\Local\Temp\cc6I8D1k.s 			page 6


 156:Generated_Source\PSoC4/cyfitter_cfg.c **** static void ClockSetup(void)
 157:Generated_Source\PSoC4/cyfitter_cfg.c **** {
 131              		.loc 1 157 0
 132              		.cfi_startproc
 133 0000 80B5     		push	{r7, lr}
 134              		.cfi_def_cfa_offset 8
 135              		.cfi_offset 7, -8
 136              		.cfi_offset 14, -4
 137 0002 00AF     		add	r7, sp, #0
 138              		.cfi_def_cfa_register 7
 158:Generated_Source\PSoC4/cyfitter_cfg.c **** 
 159:Generated_Source\PSoC4/cyfitter_cfg.c **** 	/* Set Flash Cycles based on max possible frequency in case a glitch occurs during ClockSetup(). *
 160:Generated_Source\PSoC4/cyfitter_cfg.c **** 	CY_SET_REG32((void CYXDATA *)(CYREG_CPUSS_FLASH_CTL), (0x0012u));
 139              		.loc 1 160 0
 140 0004 364B     		ldr	r3, .L5
 141 0006 1222     		mov	r2, #18
 142 0008 1A60     		str	r2, [r3]
 161:Generated_Source\PSoC4/cyfitter_cfg.c **** 
 162:Generated_Source\PSoC4/cyfitter_cfg.c **** 	/* Start the WCO */
 163:Generated_Source\PSoC4/cyfitter_cfg.c **** 	CySysClkWcoStart();
 143              		.loc 1 163 0
 144 000a FFF7FEFF 		bl	CySysClkWcoStart
 164:Generated_Source\PSoC4/cyfitter_cfg.c **** 	CyDelayCycles(12000000u); /* WCO may take up to 500ms to start */
 145              		.loc 1 164 0
 146 000e 354B     		ldr	r3, .L5+4
 147 0010 181C     		mov	r0, r3
 148 0012 FFF7FEFF 		bl	CyDelayCycles
 165:Generated_Source\PSoC4/cyfitter_cfg.c **** 	(void)CySysClkWcoSetPowerMode(CY_SYS_CLK_WCO_LPM);    /* Switch to the low power mode */
 149              		.loc 1 165 0
 150 0016 0120     		mov	r0, #1
 151 0018 FFF7FEFF 		bl	CySysClkWcoSetPowerMode
 166:Generated_Source\PSoC4/cyfitter_cfg.c **** 
 167:Generated_Source\PSoC4/cyfitter_cfg.c **** 	/* Setup and trim IMO based on desired frequency. */
 168:Generated_Source\PSoC4/cyfitter_cfg.c **** 	CySysClkWriteImoFreq(48u);
 152              		.loc 1 168 0
 153 001c 3020     		mov	r0, #48
 154 001e FFF7FEFF 		bl	CySysClkWriteImoFreq
 169:Generated_Source\PSoC4/cyfitter_cfg.c **** 	/* CYDEV_CLK_ILO_CONFIG Starting address: CYDEV_CLK_ILO_CONFIG */
 170:Generated_Source\PSoC4/cyfitter_cfg.c **** 	CY_SET_XTND_REG32((void CYFAR *)(CYREG_CLK_ILO_CONFIG), 0x80000006u);
 155              		.loc 1 170 0
 156 0022 314B     		ldr	r3, .L5+8
 157 0024 314A     		ldr	r2, .L5+12
 158 0026 1A60     		str	r2, [r3]
 171:Generated_Source\PSoC4/cyfitter_cfg.c **** 
 172:Generated_Source\PSoC4/cyfitter_cfg.c **** 	/* CYDEV_WDT_CONFIG Starting address: CYDEV_WDT_CONFIG */
 173:Generated_Source\PSoC4/cyfitter_cfg.c **** 	CY_SET_XTND_REG32((void CYFAR *)(CYREG_WDT_CONFIG), 0x40000000u);
 159              		.loc 1 173 0
 160 0028 314B     		ldr	r3, .L5+16
 161 002a 8022     		mov	r2, #128
 162 002c D205     		lsl	r2, r2, #23
 163 002e 1A60     		str	r2, [r3]
 174:Generated_Source\PSoC4/cyfitter_cfg.c **** 
 175:Generated_Source\PSoC4/cyfitter_cfg.c **** 
 176:Generated_Source\PSoC4/cyfitter_cfg.c **** 	/* Enable fast start mode for XO */
 177:Generated_Source\PSoC4/cyfitter_cfg.c **** 	CY_SET_REG32((void*)CYREG_BLE_BLERD_BB_XO, CY_GET_REG32((void*)CYREG_BLE_BLERD_BB_XO) | (uint32)0x
 164              		.loc 1 177 0
 165 0030 304B     		ldr	r3, .L5+20
ARM GAS  C:\Users\Jerry\AppData\Local\Temp\cc6I8D1k.s 			page 7


 166 0032 304A     		ldr	r2, .L5+20
 167 0034 1268     		ldr	r2, [r2]
 168 0036 0221     		mov	r1, #2
 169 0038 0A43     		orr	r2, r1
 170 003a 1A60     		str	r2, [r3]
 178:Generated_Source\PSoC4/cyfitter_cfg.c **** 	CY_SET_XTND_REG32((void CYFAR *)(CYREG_BLE_BLERD_BB_XO_CAPTRIM), 0x00003E2Du);
 171              		.loc 1 178 0
 172 003c 2E4B     		ldr	r3, .L5+24
 173 003e 2F4A     		ldr	r2, .L5+28
 174 0040 1A60     		str	r2, [r3]
 179:Generated_Source\PSoC4/cyfitter_cfg.c **** 	/*Set XTAL(ECO) divider*/
 180:Generated_Source\PSoC4/cyfitter_cfg.c **** 	CY_SET_XTND_REG32((void CYFAR *)(CYREG_BLE_BLESS_XTAL_CLK_DIV_CONFIG), 0x00000000u);
 175              		.loc 1 180 0
 176 0042 2F4B     		ldr	r3, .L5+32
 177 0044 0022     		mov	r2, #0
 178 0046 1A60     		str	r2, [r3]
 181:Generated_Source\PSoC4/cyfitter_cfg.c **** 	/* Disable Crystal Stable Interrupt before enabling ECO */
 182:Generated_Source\PSoC4/cyfitter_cfg.c **** 	CY_SET_REG32((void*)CYREG_BLE_BLESS_LL_DSM_CTRL, CY_GET_REG32((void*)CYREG_BLE_BLESS_LL_DSM_CTRL) 
 179              		.loc 1 182 0
 180 0048 2E4B     		ldr	r3, .L5+36
 181 004a 2E4A     		ldr	r2, .L5+36
 182 004c 1268     		ldr	r2, [r2]
 183 004e 0821     		mov	r1, #8
 184 0050 8A43     		bic	r2, r1
 185 0052 1A60     		str	r2, [r3]
 183:Generated_Source\PSoC4/cyfitter_cfg.c **** 	/* Start the ECO and do not check status since it is not needed for HFCLK */
 184:Generated_Source\PSoC4/cyfitter_cfg.c **** 	(void)CySysClkEcoStart(2000u);
 186              		.loc 1 184 0
 187 0054 FA23     		mov	r3, #250
 188 0056 DB00     		lsl	r3, r3, #3
 189 0058 181C     		mov	r0, r3
 190 005a FFF7FEFF 		bl	CySysClkEcoStart
 185:Generated_Source\PSoC4/cyfitter_cfg.c **** 	CyDelayUs(1500u); /* Wait to stabalize */
 191              		.loc 1 185 0
 192 005e 2A4B     		ldr	r3, .L5+40
 193 0060 181C     		mov	r0, r3
 194 0062 FFF7FEFF 		bl	CyDelayUs
 186:Generated_Source\PSoC4/cyfitter_cfg.c **** 
 187:Generated_Source\PSoC4/cyfitter_cfg.c **** 	/* Setup phase aligned clocks */
 188:Generated_Source\PSoC4/cyfitter_cfg.c **** 	CY_SET_REG32((void *)CYREG_PERI_DIV_16_CTL3, 0x0005DB00u);
 195              		.loc 1 188 0
 196 0066 294B     		ldr	r3, .L5+44
 197 0068 294A     		ldr	r2, .L5+48
 198 006a 1A60     		str	r2, [r3]
 189:Generated_Source\PSoC4/cyfitter_cfg.c **** 	CY_SET_REG32((void *)CYREG_PERI_DIV_CMD, 0x8000FF43u);
 199              		.loc 1 189 0
 200 006c 294B     		ldr	r3, .L5+52
 201 006e 2A4A     		ldr	r2, .L5+56
 202 0070 1A60     		str	r2, [r3]
 190:Generated_Source\PSoC4/cyfitter_cfg.c **** 	CY_SET_REG32((void *)CYREG_PERI_DIV_16_CTL0, 0x00000A00u);
 203              		.loc 1 190 0
 204 0072 2A4B     		ldr	r3, .L5+60
 205 0074 A022     		mov	r2, #160
 206 0076 1201     		lsl	r2, r2, #4
 207 0078 1A60     		str	r2, [r3]
 191:Generated_Source\PSoC4/cyfitter_cfg.c **** 	CY_SET_REG32((void *)CYREG_PERI_DIV_CMD, 0x8000FF40u);
 208              		.loc 1 191 0
ARM GAS  C:\Users\Jerry\AppData\Local\Temp\cc6I8D1k.s 			page 8


 209 007a 264B     		ldr	r3, .L5+52
 210 007c 284A     		ldr	r2, .L5+64
 211 007e 1A60     		str	r2, [r3]
 192:Generated_Source\PSoC4/cyfitter_cfg.c **** 	CY_SET_REG32((void *)CYREG_PERI_DIV_16_CTL1, 0x00001D00u);
 212              		.loc 1 192 0
 213 0080 284B     		ldr	r3, .L5+68
 214 0082 E822     		mov	r2, #232
 215 0084 5201     		lsl	r2, r2, #5
 216 0086 1A60     		str	r2, [r3]
 193:Generated_Source\PSoC4/cyfitter_cfg.c **** 	CY_SET_REG32((void *)CYREG_PERI_DIV_CMD, 0x8000FF41u);
 217              		.loc 1 193 0
 218 0088 224B     		ldr	r3, .L5+52
 219 008a 274A     		ldr	r2, .L5+72
 220 008c 1A60     		str	r2, [r3]
 194:Generated_Source\PSoC4/cyfitter_cfg.c **** 	CY_SET_REG32((void *)CYREG_PERI_DIV_16_CTL2, 0x00002200u);
 221              		.loc 1 194 0
 222 008e 274B     		ldr	r3, .L5+76
 223 0090 8822     		mov	r2, #136
 224 0092 9201     		lsl	r2, r2, #6
 225 0094 1A60     		str	r2, [r3]
 195:Generated_Source\PSoC4/cyfitter_cfg.c **** 	CY_SET_REG32((void *)CYREG_PERI_DIV_CMD, 0x8000FF42u);
 226              		.loc 1 195 0
 227 0096 1F4B     		ldr	r3, .L5+52
 228 0098 254A     		ldr	r2, .L5+80
 229 009a 1A60     		str	r2, [r3]
 196:Generated_Source\PSoC4/cyfitter_cfg.c **** 
 197:Generated_Source\PSoC4/cyfitter_cfg.c **** 	/* CYDEV_CLK_IMO_CONFIG Starting address: CYDEV_CLK_IMO_CONFIG */
 198:Generated_Source\PSoC4/cyfitter_cfg.c **** 	CY_SET_XTND_REG32((void CYFAR *)(CYREG_CLK_IMO_CONFIG), 0x82000000u);
 230              		.loc 1 198 0
 231 009c 254B     		ldr	r3, .L5+84
 232 009e 8222     		mov	r2, #130
 233 00a0 1206     		lsl	r2, r2, #24
 234 00a2 1A60     		str	r2, [r3]
 199:Generated_Source\PSoC4/cyfitter_cfg.c **** 
 200:Generated_Source\PSoC4/cyfitter_cfg.c **** 	/* CYDEV_CLK_SELECT Starting address: CYDEV_CLK_SELECT */
 201:Generated_Source\PSoC4/cyfitter_cfg.c **** 	CY_SET_XTND_REG32((void CYFAR *)(CYREG_CLK_SELECT), 0x00040000u);
 235              		.loc 1 201 0
 236 00a4 244B     		ldr	r3, .L5+88
 237 00a6 8022     		mov	r2, #128
 238 00a8 D202     		lsl	r2, r2, #11
 239 00aa 1A60     		str	r2, [r3]
 202:Generated_Source\PSoC4/cyfitter_cfg.c **** 
 203:Generated_Source\PSoC4/cyfitter_cfg.c **** 	/* CYDEV_PERI_PCLK_CTL7 Starting address: CYDEV_PERI_PCLK_CTL7 */
 204:Generated_Source\PSoC4/cyfitter_cfg.c **** 	CY_SET_XTND_REG32((void CYFAR *)(CYREG_PERI_PCLK_CTL7), 0x00000043u);
 240              		.loc 1 204 0
 241 00ac 234B     		ldr	r3, .L5+92
 242 00ae 4322     		mov	r2, #67
 243 00b0 1A60     		str	r2, [r3]
 205:Generated_Source\PSoC4/cyfitter_cfg.c **** 
 206:Generated_Source\PSoC4/cyfitter_cfg.c **** 	/* CYDEV_PERI_PCLK_CTL6 Starting address: CYDEV_PERI_PCLK_CTL6 */
 207:Generated_Source\PSoC4/cyfitter_cfg.c **** 	CY_SET_XTND_REG32((void CYFAR *)(CYREG_PERI_PCLK_CTL6), 0x00000040u);
 244              		.loc 1 207 0
 245 00b2 234B     		ldr	r3, .L5+96
 246 00b4 4022     		mov	r2, #64
 247 00b6 1A60     		str	r2, [r3]
 208:Generated_Source\PSoC4/cyfitter_cfg.c **** 
 209:Generated_Source\PSoC4/cyfitter_cfg.c **** 	/* CYDEV_PERI_PCLK_CTL2 Starting address: CYDEV_PERI_PCLK_CTL2 */
ARM GAS  C:\Users\Jerry\AppData\Local\Temp\cc6I8D1k.s 			page 9


 210:Generated_Source\PSoC4/cyfitter_cfg.c **** 	CY_SET_XTND_REG32((void CYFAR *)(CYREG_PERI_PCLK_CTL2), 0x00000041u);
 248              		.loc 1 210 0
 249 00b8 224B     		ldr	r3, .L5+100
 250 00ba 4122     		mov	r2, #65
 251 00bc 1A60     		str	r2, [r3]
 211:Generated_Source\PSoC4/cyfitter_cfg.c **** 
 212:Generated_Source\PSoC4/cyfitter_cfg.c **** 	/* CYDEV_PERI_PCLK_CTL1 Starting address: CYDEV_PERI_PCLK_CTL1 */
 213:Generated_Source\PSoC4/cyfitter_cfg.c **** 	CY_SET_XTND_REG32((void CYFAR *)(CYREG_PERI_PCLK_CTL1), 0x00000042u);
 252              		.loc 1 213 0
 253 00be 224B     		ldr	r3, .L5+104
 254 00c0 4222     		mov	r2, #66
 255 00c2 1A60     		str	r2, [r3]
 214:Generated_Source\PSoC4/cyfitter_cfg.c **** 
 215:Generated_Source\PSoC4/cyfitter_cfg.c **** 	(void)CyIntSetVector(8u, &CySysWdtIsr);
 256              		.loc 1 215 0
 257 00c4 214B     		ldr	r3, .L5+108
 258 00c6 0820     		mov	r0, #8
 259 00c8 191C     		mov	r1, r3
 260 00ca FFF7FEFF 		bl	CyIntSetVector
 216:Generated_Source\PSoC4/cyfitter_cfg.c **** 	CyIntEnable(8u);
 261              		.loc 1 216 0
 262 00ce 0820     		mov	r0, #8
 263 00d0 FFF7FEFF 		bl	CyIntEnable
 217:Generated_Source\PSoC4/cyfitter_cfg.c **** 	CY_SET_XTND_REG32((void CYFAR *)(CYREG_WDT_CONFIG), 0x40000000u);
 264              		.loc 1 217 0
 265 00d4 064B     		ldr	r3, .L5+16
 266 00d6 8022     		mov	r2, #128
 267 00d8 D205     		lsl	r2, r2, #23
 268 00da 1A60     		str	r2, [r3]
 218:Generated_Source\PSoC4/cyfitter_cfg.c **** }
 269              		.loc 1 218 0
 270 00dc BD46     		mov	sp, r7
 271              		@ sp needed
 272 00de 80BD     		pop	{r7, pc}
 273              	.L6:
 274              		.align	2
 275              	.L5:
 276 00e0 30001040 		.word	1074790448
 277 00e4 001BB700 		.word	12000000
 278 00e8 04010B40 		.word	1074462980
 279 00ec 06000080 		.word	-2147483642
 280 00f0 0C020B40 		.word	1074463244
 281 00f4 78002E40 		.word	1076756600
 282 00f8 7C002E40 		.word	1076756604
 283 00fc 2D3E0000 		.word	15917
 284 0100 64F02E40 		.word	1076818020
 285 0104 6CF02E40 		.word	1076818028
 286 0108 DC050000 		.word	1500
 287 010c 0C030140 		.word	1073808140
 288 0110 00DB0500 		.word	383744
 289 0114 00000140 		.word	1073807360
 290 0118 43FF0080 		.word	-2147418301
 291 011c 00030140 		.word	1073808128
 292 0120 40FF0080 		.word	-2147418304
 293 0124 04030140 		.word	1073808132
 294 0128 41FF0080 		.word	-2147418303
 295 012c 08030140 		.word	1073808136
ARM GAS  C:\Users\Jerry\AppData\Local\Temp\cc6I8D1k.s 			page 10


 296 0130 42FF0080 		.word	-2147418302
 297 0134 08010B40 		.word	1074462984
 298 0138 00010B40 		.word	1074462976
 299 013c 1C010140 		.word	1073807644
 300 0140 18010140 		.word	1073807640
 301 0144 08010140 		.word	1073807624
 302 0148 04010140 		.word	1073807620
 303 014c 00000000 		.word	CySysWdtIsr
 304              		.cfi_endproc
 305              	.LFE5:
 306              		.size	ClockSetup, .-ClockSetup
 307              		.section	.text.AnalogSetDefault,"ax",%progbits
 308              		.align	2
 309              		.code	16
 310              		.thumb_func
 311              		.type	AnalogSetDefault, %function
 312              	AnalogSetDefault:
 313              	.LFB6:
 219:Generated_Source\PSoC4/cyfitter_cfg.c **** 
 220:Generated_Source\PSoC4/cyfitter_cfg.c **** 
 221:Generated_Source\PSoC4/cyfitter_cfg.c **** /* Analog API Functions */
 222:Generated_Source\PSoC4/cyfitter_cfg.c **** 
 223:Generated_Source\PSoC4/cyfitter_cfg.c **** 
 224:Generated_Source\PSoC4/cyfitter_cfg.c **** /*******************************************************************************
 225:Generated_Source\PSoC4/cyfitter_cfg.c **** * Function Name: AnalogSetDefault
 226:Generated_Source\PSoC4/cyfitter_cfg.c **** ********************************************************************************
 227:Generated_Source\PSoC4/cyfitter_cfg.c **** *
 228:Generated_Source\PSoC4/cyfitter_cfg.c **** * Summary:
 229:Generated_Source\PSoC4/cyfitter_cfg.c **** *  Sets up the analog portions of the chip to default values based on chip
 230:Generated_Source\PSoC4/cyfitter_cfg.c **** *  configuration options from the project.
 231:Generated_Source\PSoC4/cyfitter_cfg.c **** *
 232:Generated_Source\PSoC4/cyfitter_cfg.c **** * Parameters:
 233:Generated_Source\PSoC4/cyfitter_cfg.c **** *  void
 234:Generated_Source\PSoC4/cyfitter_cfg.c **** *
 235:Generated_Source\PSoC4/cyfitter_cfg.c **** * Return:
 236:Generated_Source\PSoC4/cyfitter_cfg.c **** *  void
 237:Generated_Source\PSoC4/cyfitter_cfg.c **** *
 238:Generated_Source\PSoC4/cyfitter_cfg.c **** *******************************************************************************/
 239:Generated_Source\PSoC4/cyfitter_cfg.c **** static void AnalogSetDefault(void);
 240:Generated_Source\PSoC4/cyfitter_cfg.c **** static void AnalogSetDefault(void)
 241:Generated_Source\PSoC4/cyfitter_cfg.c **** {
 314              		.loc 1 241 0
 315              		.cfi_startproc
 316 0000 80B5     		push	{r7, lr}
 317              		.cfi_def_cfa_offset 8
 318              		.cfi_offset 7, -8
 319              		.cfi_offset 14, -4
 320 0002 00AF     		add	r7, sp, #0
 321              		.cfi_def_cfa_register 7
 242:Generated_Source\PSoC4/cyfitter_cfg.c **** 	CY_SET_XTND_REG32((void CYFAR *)CYREG_CTBM0_DFT_CTRL, 0x00000003u);
 322              		.loc 1 242 0
 323 0004 0A4B     		ldr	r3, .L8
 324 0006 0322     		mov	r2, #3
 325 0008 1A60     		str	r2, [r3]
 243:Generated_Source\PSoC4/cyfitter_cfg.c **** 	CY_SET_XTND_REG32((void CYFAR *)CYREG_CTBM1_DFT_CTRL, 0x00000003u);
 326              		.loc 1 243 0
 327 000a 0A4B     		ldr	r3, .L8+4
ARM GAS  C:\Users\Jerry\AppData\Local\Temp\cc6I8D1k.s 			page 11


 328 000c 0322     		mov	r2, #3
 329 000e 1A60     		str	r2, [r3]
 244:Generated_Source\PSoC4/cyfitter_cfg.c **** 	CY_SET_XTND_REG32((void CYFAR *)CYREG_SAR_CTRL, 0x80000000u);
 330              		.loc 1 244 0
 331 0010 094B     		ldr	r3, .L8+8
 332 0012 8022     		mov	r2, #128
 333 0014 1206     		lsl	r2, r2, #24
 334 0016 1A60     		str	r2, [r3]
 245:Generated_Source\PSoC4/cyfitter_cfg.c **** 	CY_SET_XTND_REG32((void CYFAR *)CYREG_SAR_MUX_SWITCH0, 0x00000080u);
 335              		.loc 1 245 0
 336 0018 084B     		ldr	r3, .L8+12
 337 001a 8022     		mov	r2, #128
 338 001c 1A60     		str	r2, [r3]
 246:Generated_Source\PSoC4/cyfitter_cfg.c **** 	CY_SET_XTND_REG32((void CYFAR *)CYREG_PASS_DSAB_DSAB_CTRL, 0x00000000u);
 339              		.loc 1 246 0
 340 001e 084B     		ldr	r3, .L8+16
 341 0020 0022     		mov	r2, #0
 342 0022 1A60     		str	r2, [r3]
 247:Generated_Source\PSoC4/cyfitter_cfg.c **** 	SetAnalogRoutingPumps(1);
 343              		.loc 1 247 0
 344 0024 0120     		mov	r0, #1
 345 0026 FFF7FEFF 		bl	SetAnalogRoutingPumps
 248:Generated_Source\PSoC4/cyfitter_cfg.c **** }
 346              		.loc 1 248 0
 347 002a BD46     		mov	sp, r7
 348              		@ sp needed
 349 002c 80BD     		pop	{r7, pc}
 350              	.L9:
 351 002e C046     		.align	2
 352              	.L8:
 353 0030 30003040 		.word	1076887600
 354 0034 30003140 		.word	1076953136
 355 0038 00003A40 		.word	1077542912
 356 003c 00033A40 		.word	1077543680
 357 0040 000E3F40 		.word	1077874176
 358              		.cfi_endproc
 359              	.LFE6:
 360              		.size	AnalogSetDefault, .-AnalogSetDefault
 361              		.section	.text.SetAnalogRoutingPumps,"ax",%progbits
 362              		.align	2
 363              		.global	SetAnalogRoutingPumps
 364              		.code	16
 365              		.thumb_func
 366              		.type	SetAnalogRoutingPumps, %function
 367              	SetAnalogRoutingPumps:
 368              	.LFB7:
 249:Generated_Source\PSoC4/cyfitter_cfg.c **** 
 250:Generated_Source\PSoC4/cyfitter_cfg.c **** 
 251:Generated_Source\PSoC4/cyfitter_cfg.c **** /*******************************************************************************
 252:Generated_Source\PSoC4/cyfitter_cfg.c **** * Function Name: SetAnalogRoutingPumps
 253:Generated_Source\PSoC4/cyfitter_cfg.c **** ********************************************************************************
 254:Generated_Source\PSoC4/cyfitter_cfg.c **** *
 255:Generated_Source\PSoC4/cyfitter_cfg.c **** * Summary:
 256:Generated_Source\PSoC4/cyfitter_cfg.c **** * Enables or disables the analog pumps feeding analog routing switches.
 257:Generated_Source\PSoC4/cyfitter_cfg.c **** * Intended to be called at startup, based on the Vdda system configuration;
 258:Generated_Source\PSoC4/cyfitter_cfg.c **** * may be called during operation when the user informs us that the Vdda voltage crossed the pump th
 259:Generated_Source\PSoC4/cyfitter_cfg.c **** *
ARM GAS  C:\Users\Jerry\AppData\Local\Temp\cc6I8D1k.s 			page 12


 260:Generated_Source\PSoC4/cyfitter_cfg.c **** * Parameters:
 261:Generated_Source\PSoC4/cyfitter_cfg.c **** *  enabled - 1 to enable the pumps, 0 to disable the pumps
 262:Generated_Source\PSoC4/cyfitter_cfg.c **** *
 263:Generated_Source\PSoC4/cyfitter_cfg.c **** * Return:
 264:Generated_Source\PSoC4/cyfitter_cfg.c **** *  void
 265:Generated_Source\PSoC4/cyfitter_cfg.c **** *
 266:Generated_Source\PSoC4/cyfitter_cfg.c **** *******************************************************************************/
 267:Generated_Source\PSoC4/cyfitter_cfg.c **** void SetAnalogRoutingPumps(uint8 enabled)
 268:Generated_Source\PSoC4/cyfitter_cfg.c **** {
 369              		.loc 1 268 0
 370              		.cfi_startproc
 371 0000 80B5     		push	{r7, lr}
 372              		.cfi_def_cfa_offset 8
 373              		.cfi_offset 7, -8
 374              		.cfi_offset 14, -4
 375 0002 84B0     		sub	sp, sp, #16
 376              		.cfi_def_cfa_offset 24
 377 0004 00AF     		add	r7, sp, #0
 378              		.cfi_def_cfa_register 7
 379 0006 021C     		mov	r2, r0
 380 0008 FB1D     		add	r3, r7, #7
 381 000a 1A70     		strb	r2, [r3]
 269:Generated_Source\PSoC4/cyfitter_cfg.c **** 	uint32 regValue = CY_GET_XTND_REG32((void *)(CYREG_SAR_PUMP_CTRL));
 382              		.loc 1 269 0
 383 000c 0B4B     		ldr	r3, .L13
 384 000e 1B68     		ldr	r3, [r3]
 385 0010 FB60     		str	r3, [r7, #12]
 270:Generated_Source\PSoC4/cyfitter_cfg.c **** 	if (enabled != 0u)
 386              		.loc 1 270 0
 387 0012 FB1D     		add	r3, r7, #7
 388 0014 1B78     		ldrb	r3, [r3]
 389 0016 002B     		cmp	r3, #0
 390 0018 05D0     		beq	.L11
 271:Generated_Source\PSoC4/cyfitter_cfg.c **** 	{
 272:Generated_Source\PSoC4/cyfitter_cfg.c **** 		regValue |= 0x80000000u;
 391              		.loc 1 272 0
 392 001a FB68     		ldr	r3, [r7, #12]
 393 001c 8022     		mov	r2, #128
 394 001e 1206     		lsl	r2, r2, #24
 395 0020 1343     		orr	r3, r2
 396 0022 FB60     		str	r3, [r7, #12]
 397 0024 03E0     		b	.L12
 398              	.L11:
 273:Generated_Source\PSoC4/cyfitter_cfg.c **** 	}
 274:Generated_Source\PSoC4/cyfitter_cfg.c **** 	else
 275:Generated_Source\PSoC4/cyfitter_cfg.c **** 	{
 276:Generated_Source\PSoC4/cyfitter_cfg.c **** 		regValue &= ~0x80000000u;
 399              		.loc 1 276 0
 400 0026 FB68     		ldr	r3, [r7, #12]
 401 0028 5B00     		lsl	r3, r3, #1
 402 002a 5B08     		lsr	r3, r3, #1
 403 002c FB60     		str	r3, [r7, #12]
 404              	.L12:
 277:Generated_Source\PSoC4/cyfitter_cfg.c **** 	}
 278:Generated_Source\PSoC4/cyfitter_cfg.c **** 	CY_SET_XTND_REG32((void *)(CYREG_SAR_PUMP_CTRL), regValue);
 405              		.loc 1 278 0
 406 002e 034B     		ldr	r3, .L13
ARM GAS  C:\Users\Jerry\AppData\Local\Temp\cc6I8D1k.s 			page 13


 407 0030 FA68     		ldr	r2, [r7, #12]
 408 0032 1A60     		str	r2, [r3]
 279:Generated_Source\PSoC4/cyfitter_cfg.c **** }
 409              		.loc 1 279 0
 410 0034 BD46     		mov	sp, r7
 411 0036 04B0     		add	sp, sp, #16
 412              		@ sp needed
 413 0038 80BD     		pop	{r7, pc}
 414              	.L14:
 415 003a C046     		.align	2
 416              	.L13:
 417 003c 80033A40 		.word	1077543808
 418              		.cfi_endproc
 419              	.LFE7:
 420              		.size	SetAnalogRoutingPumps, .-SetAnalogRoutingPumps
 421              		.section	.psocinit
 422              		.align	2
 423              		.global	cyfitter_cfg
 424              		.code	16
 425              		.thumb_func
 426              		.type	cyfitter_cfg, %function
 427              	cyfitter_cfg:
 428              	.LFB8:
 280:Generated_Source\PSoC4/cyfitter_cfg.c **** 
 281:Generated_Source\PSoC4/cyfitter_cfg.c **** #define CY_AMUX_UNUSED CYREG_CM0_ROM_DWT
 282:Generated_Source\PSoC4/cyfitter_cfg.c **** 
 283:Generated_Source\PSoC4/cyfitter_cfg.c **** 
 284:Generated_Source\PSoC4/cyfitter_cfg.c **** /*******************************************************************************
 285:Generated_Source\PSoC4/cyfitter_cfg.c **** * Function Name: cyfitter_cfg
 286:Generated_Source\PSoC4/cyfitter_cfg.c **** ********************************************************************************
 287:Generated_Source\PSoC4/cyfitter_cfg.c **** * Summary:
 288:Generated_Source\PSoC4/cyfitter_cfg.c **** *  This function is called by the start-up code for the selected device. It
 289:Generated_Source\PSoC4/cyfitter_cfg.c **** *  performs all of the necessary device configuration based on the design
 290:Generated_Source\PSoC4/cyfitter_cfg.c **** *  settings.  This includes settings from the Design Wide Resources (DWR) such
 291:Generated_Source\PSoC4/cyfitter_cfg.c **** *  as Clocks and Pins as well as any component configuration that is necessary.
 292:Generated_Source\PSoC4/cyfitter_cfg.c **** *
 293:Generated_Source\PSoC4/cyfitter_cfg.c **** * Parameters:  
 294:Generated_Source\PSoC4/cyfitter_cfg.c **** *   void
 295:Generated_Source\PSoC4/cyfitter_cfg.c **** *
 296:Generated_Source\PSoC4/cyfitter_cfg.c **** * Return:
 297:Generated_Source\PSoC4/cyfitter_cfg.c **** *   void
 298:Generated_Source\PSoC4/cyfitter_cfg.c **** *
 299:Generated_Source\PSoC4/cyfitter_cfg.c **** *******************************************************************************/
 300:Generated_Source\PSoC4/cyfitter_cfg.c **** CY_CFG_SECTION
 301:Generated_Source\PSoC4/cyfitter_cfg.c **** void cyfitter_cfg(void)
 302:Generated_Source\PSoC4/cyfitter_cfg.c **** {
 429              		.loc 1 302 0
 430              		.cfi_startproc
 431 0150 80B5     		push	{r7, lr}
 432              		.cfi_def_cfa_offset 8
 433              		.cfi_offset 7, -8
 434              		.cfi_offset 14, -4
 435 0152 82B0     		sub	sp, sp, #8
 436              		.cfi_def_cfa_offset 16
 437 0154 00AF     		add	r7, sp, #0
 438              		.cfi_def_cfa_register 7
 303:Generated_Source\PSoC4/cyfitter_cfg.c **** 	/* Disable interrupts by default. Let user enable if/when they want. */
ARM GAS  C:\Users\Jerry\AppData\Local\Temp\cc6I8D1k.s 			page 14


 304:Generated_Source\PSoC4/cyfitter_cfg.c **** 	CyGlobalIntDisable;
 439              		.loc 1 304 0
 440              	@ 304 "Generated_Source\PSoC4\cyfitter_cfg.c" 1
 441 0156 72B6     		CPSID   i
 442              	@ 0 "" 2
 305:Generated_Source\PSoC4/cyfitter_cfg.c **** 
 306:Generated_Source\PSoC4/cyfitter_cfg.c **** 	CY_SET_XTND_REG32((void CYFAR *)(CYREG_BLE_BLESS_LL_DSM_CTRL), 0x00000000u);
 443              		.loc 1 306 0
 444              		.code	16
 445 0158 3A4B     		ldr	r3, .L18
 446 015a 0022     		mov	r2, #0
 447 015c 1A60     		str	r2, [r3]
 448              	.LBB2:
 307:Generated_Source\PSoC4/cyfitter_cfg.c **** 
 308:Generated_Source\PSoC4/cyfitter_cfg.c **** 	{
 309:Generated_Source\PSoC4/cyfitter_cfg.c **** 
 310:Generated_Source\PSoC4/cyfitter_cfg.c **** 		CYPACKED typedef struct {
 311:Generated_Source\PSoC4/cyfitter_cfg.c **** 			void CYFAR *address;
 312:Generated_Source\PSoC4/cyfitter_cfg.c **** 			uint16 size;
 313:Generated_Source\PSoC4/cyfitter_cfg.c **** 		} CYPACKED_ATTR cfg_memset_t;
 314:Generated_Source\PSoC4/cyfitter_cfg.c **** 
 315:Generated_Source\PSoC4/cyfitter_cfg.c **** 		static const cfg_memset_t CYCODE cfg_memset_list [] = {
 316:Generated_Source\PSoC4/cyfitter_cfg.c **** 			/* address, size */
 317:Generated_Source\PSoC4/cyfitter_cfg.c **** 			{(void CYFAR *)(CYDEV_UDB_P0_U0_BASE), 1024u},
 318:Generated_Source\PSoC4/cyfitter_cfg.c **** 			{(void CYFAR *)(CYDEV_UDB_DSI0_BASE), 1024u},
 319:Generated_Source\PSoC4/cyfitter_cfg.c **** 		};
 320:Generated_Source\PSoC4/cyfitter_cfg.c **** 
 321:Generated_Source\PSoC4/cyfitter_cfg.c **** 		uint8 CYDATA i;
 322:Generated_Source\PSoC4/cyfitter_cfg.c **** 
 323:Generated_Source\PSoC4/cyfitter_cfg.c **** 		/* Zero out critical memory blocks before beginning configuration */
 324:Generated_Source\PSoC4/cyfitter_cfg.c **** 		for (i = 0u; i < (sizeof(cfg_memset_list)/sizeof(cfg_memset_list[0])); i++)
 449              		.loc 1 324 0
 450 015e FB1D     		add	r3, r7, #7
 451 0160 0022     		mov	r2, #0
 452 0162 1A70     		strb	r2, [r3]
 453 0164 23E0     		b	.L16
 454              	.L17:
 455              	.LBB3:
 325:Generated_Source\PSoC4/cyfitter_cfg.c **** 		{
 326:Generated_Source\PSoC4/cyfitter_cfg.c **** 			const cfg_memset_t CYCODE * CYDATA ms = &cfg_memset_list[i];
 456              		.loc 1 326 0 discriminator 3
 457 0166 FB1D     		add	r3, r7, #7
 458 0168 1A78     		ldrb	r2, [r3]
 459 016a 131C     		mov	r3, r2
 460 016c 5B00     		lsl	r3, r3, #1
 461 016e 9B18     		add	r3, r3, r2
 462 0170 5B00     		lsl	r3, r3, #1
 463 0172 354A     		ldr	r2, .L18+4
 464 0174 9B18     		add	r3, r3, r2
 465 0176 3B60     		str	r3, [r7]
 327:Generated_Source\PSoC4/cyfitter_cfg.c **** 			CYMEMZERO(ms->address, (size_t)(uint32)(ms->size));
 466              		.loc 1 327 0 discriminator 3
 467 0178 3B68     		ldr	r3, [r7]
 468 017a 1A78     		ldrb	r2, [r3]
 469 017c 5978     		ldrb	r1, [r3, #1]
 470 017e 0902     		lsl	r1, r1, #8
 471 0180 0A43     		orr	r2, r1
ARM GAS  C:\Users\Jerry\AppData\Local\Temp\cc6I8D1k.s 			page 15


 472 0182 9978     		ldrb	r1, [r3, #2]
 473 0184 0904     		lsl	r1, r1, #16
 474 0186 0A43     		orr	r2, r1
 475 0188 DB78     		ldrb	r3, [r3, #3]
 476 018a 1B06     		lsl	r3, r3, #24
 477 018c 1343     		orr	r3, r2
 478 018e 191C     		mov	r1, r3
 479 0190 3B68     		ldr	r3, [r7]
 480 0192 1A79     		ldrb	r2, [r3, #4]
 481 0194 5B79     		ldrb	r3, [r3, #5]
 482 0196 1B02     		lsl	r3, r3, #8
 483 0198 1343     		orr	r3, r2
 484 019a 9BB2     		uxth	r3, r3
 485 019c 081C     		mov	r0, r1
 486 019e 191C     		mov	r1, r3
 487 01a0 FFF7FEFF 		bl	CYMEMZERO
 488              	.LBE3:
 324:Generated_Source\PSoC4/cyfitter_cfg.c **** 		{
 489              		.loc 1 324 0 discriminator 3
 490 01a4 FB1D     		add	r3, r7, #7
 491 01a6 1A78     		ldrb	r2, [r3]
 492 01a8 FB1D     		add	r3, r7, #7
 493 01aa 0132     		add	r2, r2, #1
 494 01ac 1A70     		strb	r2, [r3]
 495              	.L16:
 324:Generated_Source\PSoC4/cyfitter_cfg.c **** 		{
 496              		.loc 1 324 0 is_stmt 0 discriminator 1
 497 01ae FB1D     		add	r3, r7, #7
 498 01b0 1B78     		ldrb	r3, [r3]
 499 01b2 012B     		cmp	r3, #1
 500 01b4 D7D9     		bls	.L17
 328:Generated_Source\PSoC4/cyfitter_cfg.c **** 		}
 329:Generated_Source\PSoC4/cyfitter_cfg.c **** 
 330:Generated_Source\PSoC4/cyfitter_cfg.c **** 		/* HSIOM Starting address: CYDEV_HSIOM_BASE */
 331:Generated_Source\PSoC4/cyfitter_cfg.c **** 		CY_SET_XTND_REG32((void CYFAR *)(CYDEV_HSIOM_BASE), 0xEE9900EEu);
 501              		.loc 1 331 0 is_stmt 1
 502 01b6 254B     		ldr	r3, .L18+8
 503 01b8 254A     		ldr	r2, .L18+12
 504 01ba 1A60     		str	r2, [r3]
 332:Generated_Source\PSoC4/cyfitter_cfg.c **** 
 333:Generated_Source\PSoC4/cyfitter_cfg.c **** 		/* UDB_PA_0 Starting address: CYDEV_UDB_PA0_BASE */
 334:Generated_Source\PSoC4/cyfitter_cfg.c **** 		CY_SET_XTND_REG32((void CYFAR *)(CYDEV_UDB_PA0_BASE), 0x00990000u);
 505              		.loc 1 334 0
 506 01bc 254B     		ldr	r3, .L18+16
 507 01be 9922     		mov	r2, #153
 508 01c0 1204     		lsl	r2, r2, #16
 509 01c2 1A60     		str	r2, [r3]
 335:Generated_Source\PSoC4/cyfitter_cfg.c **** 
 336:Generated_Source\PSoC4/cyfitter_cfg.c **** 		/* UDB_PA_1 Starting address: CYDEV_UDB_PA1_BASE */
 337:Generated_Source\PSoC4/cyfitter_cfg.c **** 		CY_SET_XTND_REG32((void CYFAR *)(CYDEV_UDB_PA1_BASE), 0x00990000u);
 510              		.loc 1 337 0
 511 01c4 244B     		ldr	r3, .L18+20
 512 01c6 9922     		mov	r2, #153
 513 01c8 1204     		lsl	r2, r2, #16
 514 01ca 1A60     		str	r2, [r3]
 338:Generated_Source\PSoC4/cyfitter_cfg.c **** 
 339:Generated_Source\PSoC4/cyfitter_cfg.c **** 		/* UDB_PA_3 Starting address: CYDEV_UDB_PA3_BASE */
ARM GAS  C:\Users\Jerry\AppData\Local\Temp\cc6I8D1k.s 			page 16


 340:Generated_Source\PSoC4/cyfitter_cfg.c **** 		CY_SET_XTND_REG32((void CYFAR *)(CYDEV_UDB_PA3_BASE), 0x00990000u);
 515              		.loc 1 340 0
 516 01cc 234B     		ldr	r3, .L18+24
 517 01ce 9922     		mov	r2, #153
 518 01d0 1204     		lsl	r2, r2, #16
 519 01d2 1A60     		str	r2, [r3]
 341:Generated_Source\PSoC4/cyfitter_cfg.c **** 
 342:Generated_Source\PSoC4/cyfitter_cfg.c **** 		/* Enable digital routing */
 343:Generated_Source\PSoC4/cyfitter_cfg.c **** 		CY_SET_XTND_REG8((void *)CYREG_UDB_UDBIF_BANK_CTL, CY_GET_XTND_REG8((void *)CYREG_UDB_UDBIF_BANK_
 520              		.loc 1 343 0
 521 01d4 224A     		ldr	r2, .L18+28
 522 01d6 224B     		ldr	r3, .L18+28
 523 01d8 1B78     		ldrb	r3, [r3]
 524 01da DBB2     		uxtb	r3, r3
 525 01dc 0221     		mov	r1, #2
 526 01de 0B43     		orr	r3, r1
 527 01e0 DBB2     		uxtb	r3, r3
 528 01e2 1370     		strb	r3, [r2]
 344:Generated_Source\PSoC4/cyfitter_cfg.c **** 
 345:Generated_Source\PSoC4/cyfitter_cfg.c **** 		/* Enable UDB array */
 346:Generated_Source\PSoC4/cyfitter_cfg.c **** 		CY_SET_XTND_REG8((void *)CYREG_UDB_UDBIF_WAIT_CFG, (uint8)((CY_GET_XTND_REG8((void *)CYREG_UDB_UD
 529              		.loc 1 346 0
 530 01e4 1F4A     		ldr	r2, .L18+32
 531 01e6 1F4B     		ldr	r3, .L18+32
 532 01e8 1B78     		ldrb	r3, [r3]
 533 01ea DBB2     		uxtb	r3, r3
 534 01ec 3C21     		mov	r1, #60
 535 01ee 8B43     		bic	r3, r1
 536 01f0 DBB2     		uxtb	r3, r3
 537 01f2 1421     		mov	r1, #20
 538 01f4 0B43     		orr	r3, r1
 539 01f6 DBB2     		uxtb	r3, r3
 540 01f8 1370     		strb	r3, [r2]
 347:Generated_Source\PSoC4/cyfitter_cfg.c **** 		CY_SET_XTND_REG8((void *)CYREG_UDB_UDBIF_BANK_CTL, (uint8)(CY_GET_XTND_REG8((void *)CYREG_UDB_UDB
 541              		.loc 1 347 0
 542 01fa 194A     		ldr	r2, .L18+28
 543 01fc 184B     		ldr	r3, .L18+28
 544 01fe 1B78     		ldrb	r3, [r3]
 545 0200 DBB2     		uxtb	r3, r3
 546 0202 1621     		mov	r1, #22
 547 0204 0B43     		orr	r3, r1
 548 0206 DBB2     		uxtb	r3, r3
 549 0208 1370     		strb	r3, [r2]
 550              	.LBE2:
 348:Generated_Source\PSoC4/cyfitter_cfg.c **** 	}
 349:Generated_Source\PSoC4/cyfitter_cfg.c **** 
 350:Generated_Source\PSoC4/cyfitter_cfg.c **** 	/* Perform second pass device configuration. These items must be configured in specific order afte
 351:Generated_Source\PSoC4/cyfitter_cfg.c **** 	/* IOPINS0_0 Starting address: CYDEV_GPIO_PRT0_BASE */
 352:Generated_Source\PSoC4/cyfitter_cfg.c **** 	CY_SET_XTND_REG32((void CYFAR *)(CYDEV_GPIO_PRT0_BASE), 0x0000002Fu);
 551              		.loc 1 352 0
 552 020a 174B     		ldr	r3, .L18+36
 553 020c 2F22     		mov	r2, #47
 554 020e 1A60     		str	r2, [r3]
 353:Generated_Source\PSoC4/cyfitter_cfg.c **** 	CY_SET_XTND_REG32((void CYFAR *)(CYREG_GPIO_PRT0_PC), 0x00DB14A4u);
 555              		.loc 1 353 0
 556 0210 164B     		ldr	r3, .L18+40
 557 0212 174A     		ldr	r2, .L18+44
ARM GAS  C:\Users\Jerry\AppData\Local\Temp\cc6I8D1k.s 			page 17


 558 0214 1A60     		str	r2, [r3]
 354:Generated_Source\PSoC4/cyfitter_cfg.c **** 	CY_SET_XTND_REG32((void CYFAR *)(CYREG_GPIO_PRT0_PC2), 0x00000020u);
 559              		.loc 1 354 0
 560 0216 174B     		ldr	r3, .L18+48
 561 0218 2022     		mov	r2, #32
 562 021a 1A60     		str	r2, [r3]
 355:Generated_Source\PSoC4/cyfitter_cfg.c **** 
 356:Generated_Source\PSoC4/cyfitter_cfg.c **** 	/* IOPINS0_1 Starting address: CYDEV_GPIO_PRT1_BASE */
 357:Generated_Source\PSoC4/cyfitter_cfg.c **** 	CY_SET_XTND_REG32((void CYFAR *)(CYDEV_GPIO_PRT1_BASE), 0x0000001Fu);
 563              		.loc 1 357 0
 564 021c 164B     		ldr	r3, .L18+52
 565 021e 1F22     		mov	r2, #31
 566 0220 1A60     		str	r2, [r3]
 358:Generated_Source\PSoC4/cyfitter_cfg.c **** 	CY_SET_XTND_REG32((void CYFAR *)(CYREG_GPIO_PRT1_PC), 0x00004892u);
 567              		.loc 1 358 0
 568 0222 164B     		ldr	r3, .L18+56
 569 0224 164A     		ldr	r2, .L18+60
 570 0226 1A60     		str	r2, [r3]
 359:Generated_Source\PSoC4/cyfitter_cfg.c **** 
 360:Generated_Source\PSoC4/cyfitter_cfg.c **** 	/* IOPINS0_3 Starting address: CYDEV_GPIO_PRT3_BASE */
 361:Generated_Source\PSoC4/cyfitter_cfg.c **** 	CY_SET_XTND_REG32((void CYFAR *)(CYDEV_GPIO_PRT3_BASE), 0x00000080u);
 571              		.loc 1 361 0
 572 0228 164B     		ldr	r3, .L18+64
 573 022a 8022     		mov	r2, #128
 574 022c 1A60     		str	r2, [r3]
 362:Generated_Source\PSoC4/cyfitter_cfg.c **** 	CY_SET_XTND_REG32((void CYFAR *)(CYREG_GPIO_PRT3_PC2), 0x00000080u);
 575              		.loc 1 362 0
 576 022e 164B     		ldr	r3, .L18+68
 577 0230 8022     		mov	r2, #128
 578 0232 1A60     		str	r2, [r3]
 363:Generated_Source\PSoC4/cyfitter_cfg.c **** 
 364:Generated_Source\PSoC4/cyfitter_cfg.c **** 
 365:Generated_Source\PSoC4/cyfitter_cfg.c **** 	/* Setup clocks based on selections from Clock DWR */
 366:Generated_Source\PSoC4/cyfitter_cfg.c **** 	ClockSetup();
 579              		.loc 1 366 0
 580 0234 FFF7E4FE 		bl	ClockSetup
 367:Generated_Source\PSoC4/cyfitter_cfg.c **** 
 368:Generated_Source\PSoC4/cyfitter_cfg.c **** 	/* Perform basic analog initialization to defaults */
 369:Generated_Source\PSoC4/cyfitter_cfg.c **** 	AnalogSetDefault();
 581              		.loc 1 369 0
 582 0238 FFF7FEFF 		bl	AnalogSetDefault
 370:Generated_Source\PSoC4/cyfitter_cfg.c **** 
 371:Generated_Source\PSoC4/cyfitter_cfg.c **** }
 583              		.loc 1 371 0
 584 023c BD46     		mov	sp, r7
 585 023e 02B0     		add	sp, sp, #8
 586              		@ sp needed
 587 0240 80BD     		pop	{r7, pc}
 588              	.L19:
 589 0242 C046     		.align	2
 590              	.L18:
 591 0244 6CF02E40 		.word	1076818028
 592 0248 00000000 		.word	cfg_memset_list.4768
 593 024c 00000240 		.word	1073872896
 594 0250 EE0099EE 		.word	-291962642
 595 0254 00500F40 		.word	1074745344
 596 0258 10500F40 		.word	1074745360
ARM GAS  C:\Users\Jerry\AppData\Local\Temp\cc6I8D1k.s 			page 18


 597 025c 30500F40 		.word	1074745392
 598 0260 00700F40 		.word	1074753536
 599 0264 01700F40 		.word	1074753537
 600 0268 00000440 		.word	1074003968
 601 026c 08000440 		.word	1074003976
 602 0270 A414DB00 		.word	14357668
 603 0274 18000440 		.word	1074003992
 604 0278 00010440 		.word	1074004224
 605 027c 08010440 		.word	1074004232
 606 0280 92480000 		.word	18578
 607 0284 00030440 		.word	1074004736
 608 0288 18030440 		.word	1074004760
 609              		.cfi_endproc
 610              	.LFE8:
 611              		.size	cyfitter_cfg, .-cyfitter_cfg
 612              		.section	.rodata
 613              		.align	2
 614              		.type	cfg_memset_list.4768, %object
 615              		.size	cfg_memset_list.4768, 12
 616              	cfg_memset_list.4768:
 617 0000 00300F40 		.word	1074737152
 618 0004 0004     		.short	1024
 619 0006 00400F40 		.4byte	1074741248
 620 000a 0004     		.short	1024
 621              		.text
 622              	.Letext0:
 623              		.file 2 "c:\\program files (x86)\\cypress\\psoc creator\\4.0\\psoc creator\\import\\gnu\\arm\\4.9.
 624              		.file 3 "Generated_Source\\PSoC4\\cytypes.h"
 625              		.section	.debug_info,"",%progbits
 626              	.Ldebug_info0:
 627 0000 83020000 		.4byte	0x283
 628 0004 0400     		.2byte	0x4
 629 0006 00000000 		.4byte	.Ldebug_abbrev0
 630 000a 04       		.byte	0x4
 631 000b 01       		.uleb128 0x1
 632 000c 24010000 		.4byte	.LASF31
 633 0010 01       		.byte	0x1
 634 0011 3C020000 		.4byte	.LASF32
 635 0015 5C000000 		.4byte	.LASF33
 636 0019 00000000 		.4byte	.Ldebug_ranges0+0
 637 001d 00000000 		.4byte	0
 638 0021 00000000 		.4byte	.Ldebug_line0
 639 0025 02       		.uleb128 0x2
 640 0026 04       		.byte	0x4
 641 0027 05       		.byte	0x5
 642 0028 696E7400 		.ascii	"int\000"
 643 002c 03       		.uleb128 0x3
 644 002d 16000000 		.4byte	.LASF11
 645 0031 02       		.byte	0x2
 646 0032 D4       		.byte	0xd4
 647 0033 37000000 		.4byte	0x37
 648 0037 04       		.uleb128 0x4
 649 0038 04       		.byte	0x4
 650 0039 07       		.byte	0x7
 651 003a C0010000 		.4byte	.LASF0
 652 003e 04       		.uleb128 0x4
 653 003f 01       		.byte	0x1
ARM GAS  C:\Users\Jerry\AppData\Local\Temp\cc6I8D1k.s 			page 19


 654 0040 06       		.byte	0x6
 655 0041 30020000 		.4byte	.LASF1
 656 0045 04       		.uleb128 0x4
 657 0046 01       		.byte	0x1
 658 0047 08       		.byte	0x8
 659 0048 02010000 		.4byte	.LASF2
 660 004c 04       		.uleb128 0x4
 661 004d 02       		.byte	0x2
 662 004e 05       		.byte	0x5
 663 004f 15020000 		.4byte	.LASF3
 664 0053 04       		.uleb128 0x4
 665 0054 02       		.byte	0x2
 666 0055 07       		.byte	0x7
 667 0056 49000000 		.4byte	.LASF4
 668 005a 04       		.uleb128 0x4
 669 005b 04       		.byte	0x4
 670 005c 05       		.byte	0x5
 671 005d 27020000 		.4byte	.LASF5
 672 0061 04       		.uleb128 0x4
 673 0062 04       		.byte	0x4
 674 0063 07       		.byte	0x7
 675 0064 CA000000 		.4byte	.LASF6
 676 0068 04       		.uleb128 0x4
 677 0069 08       		.byte	0x8
 678 006a 05       		.byte	0x5
 679 006b 02020000 		.4byte	.LASF7
 680 006f 04       		.uleb128 0x4
 681 0070 08       		.byte	0x8
 682 0071 07       		.byte	0x7
 683 0072 D5010000 		.4byte	.LASF8
 684 0076 04       		.uleb128 0x4
 685 0077 04       		.byte	0x4
 686 0078 07       		.byte	0x7
 687 0079 F9010000 		.4byte	.LASF9
 688 007d 05       		.uleb128 0x5
 689 007e 04       		.byte	0x4
 690 007f 04       		.uleb128 0x4
 691 0080 01       		.byte	0x1
 692 0081 08       		.byte	0x8
 693 0082 10020000 		.4byte	.LASF10
 694 0086 06       		.uleb128 0x6
 695 0087 DC000000 		.4byte	.LASF12
 696 008b 03       		.byte	0x3
 697 008c B901     		.2byte	0x1b9
 698 008e 45000000 		.4byte	0x45
 699 0092 06       		.uleb128 0x6
 700 0093 B2010000 		.4byte	.LASF13
 701 0097 03       		.byte	0x3
 702 0098 BA01     		.2byte	0x1ba
 703 009a 53000000 		.4byte	0x53
 704 009e 06       		.uleb128 0x6
 705 009f B9010000 		.4byte	.LASF14
 706 00a3 03       		.byte	0x3
 707 00a4 BB01     		.2byte	0x1bb
 708 00a6 61000000 		.4byte	0x61
 709 00aa 04       		.uleb128 0x4
 710 00ab 04       		.byte	0x4
ARM GAS  C:\Users\Jerry\AppData\Local\Temp\cc6I8D1k.s 			page 20


 711 00ac 04       		.byte	0x4
 712 00ad B5000000 		.4byte	.LASF15
 713 00b1 04       		.uleb128 0x4
 714 00b2 08       		.byte	0x8
 715 00b3 04       		.byte	0x4
 716 00b4 10010000 		.4byte	.LASF16
 717 00b8 06       		.uleb128 0x6
 718 00b9 C5000000 		.4byte	.LASF17
 719 00bd 03       		.byte	0x3
 720 00be 6302     		.2byte	0x263
 721 00c0 C4000000 		.4byte	0xc4
 722 00c4 07       		.uleb128 0x7
 723 00c5 86000000 		.4byte	0x86
 724 00c9 06       		.uleb128 0x6
 725 00ca 10000000 		.4byte	.LASF18
 726 00ce 03       		.byte	0x3
 727 00cf 6502     		.2byte	0x265
 728 00d1 D5000000 		.4byte	0xd5
 729 00d5 07       		.uleb128 0x7
 730 00d6 9E000000 		.4byte	0x9e
 731 00da 08       		.uleb128 0x8
 732 00db E2000000 		.4byte	.LASF19
 733 00df 01       		.byte	0x1
 734 00e0 3E       		.byte	0x3e
 735 00e1 00000000 		.4byte	.LFB2
 736 00e5 1E000000 		.4byte	.LFE2-.LFB2
 737 00e9 01       		.uleb128 0x1
 738 00ea 9C       		.byte	0x9c
 739 00eb 08010000 		.4byte	0x108
 740 00ef 09       		.uleb128 0x9
 741 00f0 7300     		.ascii	"s\000"
 742 00f2 01       		.byte	0x1
 743 00f3 3E       		.byte	0x3e
 744 00f4 7D000000 		.4byte	0x7d
 745 00f8 02       		.uleb128 0x2
 746 00f9 91       		.byte	0x91
 747 00fa 74       		.sleb128 -12
 748 00fb 09       		.uleb128 0x9
 749 00fc 6E00     		.ascii	"n\000"
 750 00fe 01       		.byte	0x1
 751 00ff 3E       		.byte	0x3e
 752 0100 2C000000 		.4byte	0x2c
 753 0104 02       		.uleb128 0x2
 754 0105 91       		.byte	0x91
 755 0106 70       		.sleb128 -16
 756 0107 00       		.byte	0
 757 0108 08       		.uleb128 0x8
 758 0109 6B020000 		.4byte	.LASF20
 759 010d 01       		.byte	0x1
 760 010e 45       		.byte	0x45
 761 010f 00000000 		.4byte	.LFB3
 762 0113 22000000 		.4byte	.LFE3-.LFB3
 763 0117 01       		.uleb128 0x1
 764 0118 9C       		.byte	0x9c
 765 0119 46010000 		.4byte	0x146
 766 011d 0A       		.uleb128 0xa
 767 011e BB000000 		.4byte	.LASF21
ARM GAS  C:\Users\Jerry\AppData\Local\Temp\cc6I8D1k.s 			page 21


 768 0122 01       		.byte	0x1
 769 0123 45       		.byte	0x45
 770 0124 7D000000 		.4byte	0x7d
 771 0128 02       		.uleb128 0x2
 772 0129 91       		.byte	0x91
 773 012a 74       		.sleb128 -12
 774 012b 09       		.uleb128 0x9
 775 012c 73726300 		.ascii	"src\000"
 776 0130 01       		.byte	0x1
 777 0131 45       		.byte	0x45
 778 0132 46010000 		.4byte	0x146
 779 0136 02       		.uleb128 0x2
 780 0137 91       		.byte	0x91
 781 0138 70       		.sleb128 -16
 782 0139 09       		.uleb128 0x9
 783 013a 6E00     		.ascii	"n\000"
 784 013c 01       		.byte	0x1
 785 013d 45       		.byte	0x45
 786 013e 2C000000 		.4byte	0x2c
 787 0142 02       		.uleb128 0x2
 788 0143 91       		.byte	0x91
 789 0144 6C       		.sleb128 -20
 790 0145 00       		.byte	0
 791 0146 0B       		.uleb128 0xb
 792 0147 04       		.byte	0x4
 793 0148 4C010000 		.4byte	0x14c
 794 014c 0C       		.uleb128 0xc
 795 014d 08       		.uleb128 0x8
 796 014e 00000000 		.4byte	.LASF22
 797 0152 01       		.byte	0x1
 798 0153 4C       		.byte	0x4c
 799 0154 00000000 		.4byte	.LFB4
 800 0158 22000000 		.4byte	.LFE4-.LFB4
 801 015c 01       		.uleb128 0x1
 802 015d 9C       		.byte	0x9c
 803 015e 8B010000 		.4byte	0x18b
 804 0162 0A       		.uleb128 0xa
 805 0163 BB000000 		.4byte	.LASF21
 806 0167 01       		.byte	0x1
 807 0168 4C       		.byte	0x4c
 808 0169 7D000000 		.4byte	0x7d
 809 016d 02       		.uleb128 0x2
 810 016e 91       		.byte	0x91
 811 016f 74       		.sleb128 -12
 812 0170 09       		.uleb128 0x9
 813 0171 73726300 		.ascii	"src\000"
 814 0175 01       		.byte	0x1
 815 0176 4C       		.byte	0x4c
 816 0177 46010000 		.4byte	0x146
 817 017b 02       		.uleb128 0x2
 818 017c 91       		.byte	0x91
 819 017d 70       		.sleb128 -16
 820 017e 09       		.uleb128 0x9
 821 017f 6E00     		.ascii	"n\000"
 822 0181 01       		.byte	0x1
 823 0182 4C       		.byte	0x4c
 824 0183 2C000000 		.4byte	0x2c
ARM GAS  C:\Users\Jerry\AppData\Local\Temp\cc6I8D1k.s 			page 22


 825 0187 02       		.uleb128 0x2
 826 0188 91       		.byte	0x91
 827 0189 6C       		.sleb128 -20
 828 018a 00       		.byte	0
 829 018b 0D       		.uleb128 0xd
 830 018c 3E000000 		.4byte	.LASF23
 831 0190 01       		.byte	0x1
 832 0191 9C       		.byte	0x9c
 833 0192 00000000 		.4byte	.LFB5
 834 0196 50010000 		.4byte	.LFE5-.LFB5
 835 019a 01       		.uleb128 0x1
 836 019b 9C       		.byte	0x9c
 837 019c 0D       		.uleb128 0xd
 838 019d 1D000000 		.4byte	.LASF24
 839 01a1 01       		.byte	0x1
 840 01a2 F0       		.byte	0xf0
 841 01a3 00000000 		.4byte	.LFB6
 842 01a7 44000000 		.4byte	.LFE6-.LFB6
 843 01ab 01       		.uleb128 0x1
 844 01ac 9C       		.byte	0x9c
 845 01ad 0E       		.uleb128 0xe
 846 01ae EC000000 		.4byte	.LASF34
 847 01b2 01       		.byte	0x1
 848 01b3 0B01     		.2byte	0x10b
 849 01b5 00000000 		.4byte	.LFB7
 850 01b9 40000000 		.4byte	.LFE7-.LFB7
 851 01bd 01       		.uleb128 0x1
 852 01be 9C       		.byte	0x9c
 853 01bf E2010000 		.4byte	0x1e2
 854 01c3 0F       		.uleb128 0xf
 855 01c4 1F020000 		.4byte	.LASF25
 856 01c8 01       		.byte	0x1
 857 01c9 0B01     		.2byte	0x10b
 858 01cb 86000000 		.4byte	0x86
 859 01cf 02       		.uleb128 0x2
 860 01d0 91       		.byte	0x91
 861 01d1 6F       		.sleb128 -17
 862 01d2 10       		.uleb128 0x10
 863 01d3 62020000 		.4byte	.LASF29
 864 01d7 01       		.byte	0x1
 865 01d8 0D01     		.2byte	0x10d
 866 01da 9E000000 		.4byte	0x9e
 867 01de 02       		.uleb128 0x2
 868 01df 91       		.byte	0x91
 869 01e0 74       		.sleb128 -12
 870 01e1 00       		.byte	0
 871 01e2 11       		.uleb128 0x11
 872 01e3 17010000 		.4byte	.LASF35
 873 01e7 01       		.byte	0x1
 874 01e8 2D01     		.2byte	0x12d
 875 01ea 50010000 		.4byte	.LFB8
 876 01ee 3C010000 		.4byte	.LFE8-.LFB8
 877 01f2 01       		.uleb128 0x1
 878 01f3 9C       		.byte	0x9c
 879 01f4 12       		.uleb128 0x12
 880 01f5 5E010000 		.4byte	.LBB2
 881 01f9 AC000000 		.4byte	.LBE2-.LBB2
ARM GAS  C:\Users\Jerry\AppData\Local\Temp\cc6I8D1k.s 			page 23


 882 01fd 13       		.uleb128 0x13
 883 01fe 06       		.byte	0x6
 884 01ff 01       		.byte	0x1
 885 0200 3601     		.2byte	0x136
 886 0202 21020000 		.4byte	0x221
 887 0206 14       		.uleb128 0x14
 888 0207 CD010000 		.4byte	.LASF26
 889 020b 01       		.byte	0x1
 890 020c 3701     		.2byte	0x137
 891 020e 7D000000 		.4byte	0x7d
 892 0212 00       		.byte	0
 893 0213 14       		.uleb128 0x14
 894 0214 C0000000 		.4byte	.LASF27
 895 0218 01       		.byte	0x1
 896 0219 3801     		.2byte	0x138
 897 021b 92000000 		.4byte	0x92
 898 021f 04       		.byte	0x4
 899 0220 00       		.byte	0
 900 0221 06       		.uleb128 0x6
 901 0222 EC010000 		.4byte	.LASF28
 902 0226 01       		.byte	0x1
 903 0227 3901     		.2byte	0x139
 904 0229 FD010000 		.4byte	0x1fd
 905 022d 15       		.uleb128 0x15
 906 022e 21020000 		.4byte	0x221
 907 0232 3D020000 		.4byte	0x23d
 908 0236 16       		.uleb128 0x16
 909 0237 76000000 		.4byte	0x76
 910 023b 01       		.byte	0x1
 911 023c 00       		.byte	0
 912 023d 10       		.uleb128 0x10
 913 023e 2E000000 		.4byte	.LASF30
 914 0242 01       		.byte	0x1
 915 0243 3B01     		.2byte	0x13b
 916 0245 4F020000 		.4byte	0x24f
 917 0249 05       		.uleb128 0x5
 918 024a 03       		.byte	0x3
 919 024b 00000000 		.4byte	cfg_memset_list.4768
 920 024f 17       		.uleb128 0x17
 921 0250 2D020000 		.4byte	0x22d
 922 0254 18       		.uleb128 0x18
 923 0255 6900     		.ascii	"i\000"
 924 0257 01       		.byte	0x1
 925 0258 4101     		.2byte	0x141
 926 025a 86000000 		.4byte	0x86
 927 025e 02       		.uleb128 0x2
 928 025f 91       		.byte	0x91
 929 0260 77       		.sleb128 -9
 930 0261 12       		.uleb128 0x12
 931 0262 66010000 		.4byte	.LBB3
 932 0266 3E000000 		.4byte	.LBE3-.LBB3
 933 026a 18       		.uleb128 0x18
 934 026b 6D7300   		.ascii	"ms\000"
 935 026e 01       		.byte	0x1
 936 026f 4601     		.2byte	0x146
 937 0271 78020000 		.4byte	0x278
 938 0275 02       		.uleb128 0x2
ARM GAS  C:\Users\Jerry\AppData\Local\Temp\cc6I8D1k.s 			page 24


 939 0276 91       		.byte	0x91
 940 0277 70       		.sleb128 -16
 941 0278 0B       		.uleb128 0xb
 942 0279 04       		.byte	0x4
 943 027a 7E020000 		.4byte	0x27e
 944 027e 17       		.uleb128 0x17
 945 027f 21020000 		.4byte	0x221
 946 0283 00       		.byte	0
 947 0284 00       		.byte	0
 948 0285 00       		.byte	0
 949 0286 00       		.byte	0
 950              		.section	.debug_abbrev,"",%progbits
 951              	.Ldebug_abbrev0:
 952 0000 01       		.uleb128 0x1
 953 0001 11       		.uleb128 0x11
 954 0002 01       		.byte	0x1
 955 0003 25       		.uleb128 0x25
 956 0004 0E       		.uleb128 0xe
 957 0005 13       		.uleb128 0x13
 958 0006 0B       		.uleb128 0xb
 959 0007 03       		.uleb128 0x3
 960 0008 0E       		.uleb128 0xe
 961 0009 1B       		.uleb128 0x1b
 962 000a 0E       		.uleb128 0xe
 963 000b 55       		.uleb128 0x55
 964 000c 17       		.uleb128 0x17
 965 000d 11       		.uleb128 0x11
 966 000e 01       		.uleb128 0x1
 967 000f 10       		.uleb128 0x10
 968 0010 17       		.uleb128 0x17
 969 0011 00       		.byte	0
 970 0012 00       		.byte	0
 971 0013 02       		.uleb128 0x2
 972 0014 24       		.uleb128 0x24
 973 0015 00       		.byte	0
 974 0016 0B       		.uleb128 0xb
 975 0017 0B       		.uleb128 0xb
 976 0018 3E       		.uleb128 0x3e
 977 0019 0B       		.uleb128 0xb
 978 001a 03       		.uleb128 0x3
 979 001b 08       		.uleb128 0x8
 980 001c 00       		.byte	0
 981 001d 00       		.byte	0
 982 001e 03       		.uleb128 0x3
 983 001f 16       		.uleb128 0x16
 984 0020 00       		.byte	0
 985 0021 03       		.uleb128 0x3
 986 0022 0E       		.uleb128 0xe
 987 0023 3A       		.uleb128 0x3a
 988 0024 0B       		.uleb128 0xb
 989 0025 3B       		.uleb128 0x3b
 990 0026 0B       		.uleb128 0xb
 991 0027 49       		.uleb128 0x49
 992 0028 13       		.uleb128 0x13
 993 0029 00       		.byte	0
 994 002a 00       		.byte	0
 995 002b 04       		.uleb128 0x4
ARM GAS  C:\Users\Jerry\AppData\Local\Temp\cc6I8D1k.s 			page 25


 996 002c 24       		.uleb128 0x24
 997 002d 00       		.byte	0
 998 002e 0B       		.uleb128 0xb
 999 002f 0B       		.uleb128 0xb
 1000 0030 3E       		.uleb128 0x3e
 1001 0031 0B       		.uleb128 0xb
 1002 0032 03       		.uleb128 0x3
 1003 0033 0E       		.uleb128 0xe
 1004 0034 00       		.byte	0
 1005 0035 00       		.byte	0
 1006 0036 05       		.uleb128 0x5
 1007 0037 0F       		.uleb128 0xf
 1008 0038 00       		.byte	0
 1009 0039 0B       		.uleb128 0xb
 1010 003a 0B       		.uleb128 0xb
 1011 003b 00       		.byte	0
 1012 003c 00       		.byte	0
 1013 003d 06       		.uleb128 0x6
 1014 003e 16       		.uleb128 0x16
 1015 003f 00       		.byte	0
 1016 0040 03       		.uleb128 0x3
 1017 0041 0E       		.uleb128 0xe
 1018 0042 3A       		.uleb128 0x3a
 1019 0043 0B       		.uleb128 0xb
 1020 0044 3B       		.uleb128 0x3b
 1021 0045 05       		.uleb128 0x5
 1022 0046 49       		.uleb128 0x49
 1023 0047 13       		.uleb128 0x13
 1024 0048 00       		.byte	0
 1025 0049 00       		.byte	0
 1026 004a 07       		.uleb128 0x7
 1027 004b 35       		.uleb128 0x35
 1028 004c 00       		.byte	0
 1029 004d 49       		.uleb128 0x49
 1030 004e 13       		.uleb128 0x13
 1031 004f 00       		.byte	0
 1032 0050 00       		.byte	0
 1033 0051 08       		.uleb128 0x8
 1034 0052 2E       		.uleb128 0x2e
 1035 0053 01       		.byte	0x1
 1036 0054 03       		.uleb128 0x3
 1037 0055 0E       		.uleb128 0xe
 1038 0056 3A       		.uleb128 0x3a
 1039 0057 0B       		.uleb128 0xb
 1040 0058 3B       		.uleb128 0x3b
 1041 0059 0B       		.uleb128 0xb
 1042 005a 27       		.uleb128 0x27
 1043 005b 19       		.uleb128 0x19
 1044 005c 11       		.uleb128 0x11
 1045 005d 01       		.uleb128 0x1
 1046 005e 12       		.uleb128 0x12
 1047 005f 06       		.uleb128 0x6
 1048 0060 40       		.uleb128 0x40
 1049 0061 18       		.uleb128 0x18
 1050 0062 9642     		.uleb128 0x2116
 1051 0064 19       		.uleb128 0x19
 1052 0065 01       		.uleb128 0x1
ARM GAS  C:\Users\Jerry\AppData\Local\Temp\cc6I8D1k.s 			page 26


 1053 0066 13       		.uleb128 0x13
 1054 0067 00       		.byte	0
 1055 0068 00       		.byte	0
 1056 0069 09       		.uleb128 0x9
 1057 006a 05       		.uleb128 0x5
 1058 006b 00       		.byte	0
 1059 006c 03       		.uleb128 0x3
 1060 006d 08       		.uleb128 0x8
 1061 006e 3A       		.uleb128 0x3a
 1062 006f 0B       		.uleb128 0xb
 1063 0070 3B       		.uleb128 0x3b
 1064 0071 0B       		.uleb128 0xb
 1065 0072 49       		.uleb128 0x49
 1066 0073 13       		.uleb128 0x13
 1067 0074 02       		.uleb128 0x2
 1068 0075 18       		.uleb128 0x18
 1069 0076 00       		.byte	0
 1070 0077 00       		.byte	0
 1071 0078 0A       		.uleb128 0xa
 1072 0079 05       		.uleb128 0x5
 1073 007a 00       		.byte	0
 1074 007b 03       		.uleb128 0x3
 1075 007c 0E       		.uleb128 0xe
 1076 007d 3A       		.uleb128 0x3a
 1077 007e 0B       		.uleb128 0xb
 1078 007f 3B       		.uleb128 0x3b
 1079 0080 0B       		.uleb128 0xb
 1080 0081 49       		.uleb128 0x49
 1081 0082 13       		.uleb128 0x13
 1082 0083 02       		.uleb128 0x2
 1083 0084 18       		.uleb128 0x18
 1084 0085 00       		.byte	0
 1085 0086 00       		.byte	0
 1086 0087 0B       		.uleb128 0xb
 1087 0088 0F       		.uleb128 0xf
 1088 0089 00       		.byte	0
 1089 008a 0B       		.uleb128 0xb
 1090 008b 0B       		.uleb128 0xb
 1091 008c 49       		.uleb128 0x49
 1092 008d 13       		.uleb128 0x13
 1093 008e 00       		.byte	0
 1094 008f 00       		.byte	0
 1095 0090 0C       		.uleb128 0xc
 1096 0091 26       		.uleb128 0x26
 1097 0092 00       		.byte	0
 1098 0093 00       		.byte	0
 1099 0094 00       		.byte	0
 1100 0095 0D       		.uleb128 0xd
 1101 0096 2E       		.uleb128 0x2e
 1102 0097 00       		.byte	0
 1103 0098 03       		.uleb128 0x3
 1104 0099 0E       		.uleb128 0xe
 1105 009a 3A       		.uleb128 0x3a
 1106 009b 0B       		.uleb128 0xb
 1107 009c 3B       		.uleb128 0x3b
 1108 009d 0B       		.uleb128 0xb
 1109 009e 27       		.uleb128 0x27
ARM GAS  C:\Users\Jerry\AppData\Local\Temp\cc6I8D1k.s 			page 27


 1110 009f 19       		.uleb128 0x19
 1111 00a0 11       		.uleb128 0x11
 1112 00a1 01       		.uleb128 0x1
 1113 00a2 12       		.uleb128 0x12
 1114 00a3 06       		.uleb128 0x6
 1115 00a4 40       		.uleb128 0x40
 1116 00a5 18       		.uleb128 0x18
 1117 00a6 9642     		.uleb128 0x2116
 1118 00a8 19       		.uleb128 0x19
 1119 00a9 00       		.byte	0
 1120 00aa 00       		.byte	0
 1121 00ab 0E       		.uleb128 0xe
 1122 00ac 2E       		.uleb128 0x2e
 1123 00ad 01       		.byte	0x1
 1124 00ae 3F       		.uleb128 0x3f
 1125 00af 19       		.uleb128 0x19
 1126 00b0 03       		.uleb128 0x3
 1127 00b1 0E       		.uleb128 0xe
 1128 00b2 3A       		.uleb128 0x3a
 1129 00b3 0B       		.uleb128 0xb
 1130 00b4 3B       		.uleb128 0x3b
 1131 00b5 05       		.uleb128 0x5
 1132 00b6 27       		.uleb128 0x27
 1133 00b7 19       		.uleb128 0x19
 1134 00b8 11       		.uleb128 0x11
 1135 00b9 01       		.uleb128 0x1
 1136 00ba 12       		.uleb128 0x12
 1137 00bb 06       		.uleb128 0x6
 1138 00bc 40       		.uleb128 0x40
 1139 00bd 18       		.uleb128 0x18
 1140 00be 9742     		.uleb128 0x2117
 1141 00c0 19       		.uleb128 0x19
 1142 00c1 01       		.uleb128 0x1
 1143 00c2 13       		.uleb128 0x13
 1144 00c3 00       		.byte	0
 1145 00c4 00       		.byte	0
 1146 00c5 0F       		.uleb128 0xf
 1147 00c6 05       		.uleb128 0x5
 1148 00c7 00       		.byte	0
 1149 00c8 03       		.uleb128 0x3
 1150 00c9 0E       		.uleb128 0xe
 1151 00ca 3A       		.uleb128 0x3a
 1152 00cb 0B       		.uleb128 0xb
 1153 00cc 3B       		.uleb128 0x3b
 1154 00cd 05       		.uleb128 0x5
 1155 00ce 49       		.uleb128 0x49
 1156 00cf 13       		.uleb128 0x13
 1157 00d0 02       		.uleb128 0x2
 1158 00d1 18       		.uleb128 0x18
 1159 00d2 00       		.byte	0
 1160 00d3 00       		.byte	0
 1161 00d4 10       		.uleb128 0x10
 1162 00d5 34       		.uleb128 0x34
 1163 00d6 00       		.byte	0
 1164 00d7 03       		.uleb128 0x3
 1165 00d8 0E       		.uleb128 0xe
 1166 00d9 3A       		.uleb128 0x3a
ARM GAS  C:\Users\Jerry\AppData\Local\Temp\cc6I8D1k.s 			page 28


 1167 00da 0B       		.uleb128 0xb
 1168 00db 3B       		.uleb128 0x3b
 1169 00dc 05       		.uleb128 0x5
 1170 00dd 49       		.uleb128 0x49
 1171 00de 13       		.uleb128 0x13
 1172 00df 02       		.uleb128 0x2
 1173 00e0 18       		.uleb128 0x18
 1174 00e1 00       		.byte	0
 1175 00e2 00       		.byte	0
 1176 00e3 11       		.uleb128 0x11
 1177 00e4 2E       		.uleb128 0x2e
 1178 00e5 01       		.byte	0x1
 1179 00e6 3F       		.uleb128 0x3f
 1180 00e7 19       		.uleb128 0x19
 1181 00e8 03       		.uleb128 0x3
 1182 00e9 0E       		.uleb128 0xe
 1183 00ea 3A       		.uleb128 0x3a
 1184 00eb 0B       		.uleb128 0xb
 1185 00ec 3B       		.uleb128 0x3b
 1186 00ed 05       		.uleb128 0x5
 1187 00ee 27       		.uleb128 0x27
 1188 00ef 19       		.uleb128 0x19
 1189 00f0 11       		.uleb128 0x11
 1190 00f1 01       		.uleb128 0x1
 1191 00f2 12       		.uleb128 0x12
 1192 00f3 06       		.uleb128 0x6
 1193 00f4 40       		.uleb128 0x40
 1194 00f5 18       		.uleb128 0x18
 1195 00f6 9642     		.uleb128 0x2116
 1196 00f8 19       		.uleb128 0x19
 1197 00f9 00       		.byte	0
 1198 00fa 00       		.byte	0
 1199 00fb 12       		.uleb128 0x12
 1200 00fc 0B       		.uleb128 0xb
 1201 00fd 01       		.byte	0x1
 1202 00fe 11       		.uleb128 0x11
 1203 00ff 01       		.uleb128 0x1
 1204 0100 12       		.uleb128 0x12
 1205 0101 06       		.uleb128 0x6
 1206 0102 00       		.byte	0
 1207 0103 00       		.byte	0
 1208 0104 13       		.uleb128 0x13
 1209 0105 13       		.uleb128 0x13
 1210 0106 01       		.byte	0x1
 1211 0107 0B       		.uleb128 0xb
 1212 0108 0B       		.uleb128 0xb
 1213 0109 3A       		.uleb128 0x3a
 1214 010a 0B       		.uleb128 0xb
 1215 010b 3B       		.uleb128 0x3b
 1216 010c 05       		.uleb128 0x5
 1217 010d 01       		.uleb128 0x1
 1218 010e 13       		.uleb128 0x13
 1219 010f 00       		.byte	0
 1220 0110 00       		.byte	0
 1221 0111 14       		.uleb128 0x14
 1222 0112 0D       		.uleb128 0xd
 1223 0113 00       		.byte	0
ARM GAS  C:\Users\Jerry\AppData\Local\Temp\cc6I8D1k.s 			page 29


 1224 0114 03       		.uleb128 0x3
 1225 0115 0E       		.uleb128 0xe
 1226 0116 3A       		.uleb128 0x3a
 1227 0117 0B       		.uleb128 0xb
 1228 0118 3B       		.uleb128 0x3b
 1229 0119 05       		.uleb128 0x5
 1230 011a 49       		.uleb128 0x49
 1231 011b 13       		.uleb128 0x13
 1232 011c 38       		.uleb128 0x38
 1233 011d 0B       		.uleb128 0xb
 1234 011e 00       		.byte	0
 1235 011f 00       		.byte	0
 1236 0120 15       		.uleb128 0x15
 1237 0121 01       		.uleb128 0x1
 1238 0122 01       		.byte	0x1
 1239 0123 49       		.uleb128 0x49
 1240 0124 13       		.uleb128 0x13
 1241 0125 01       		.uleb128 0x1
 1242 0126 13       		.uleb128 0x13
 1243 0127 00       		.byte	0
 1244 0128 00       		.byte	0
 1245 0129 16       		.uleb128 0x16
 1246 012a 21       		.uleb128 0x21
 1247 012b 00       		.byte	0
 1248 012c 49       		.uleb128 0x49
 1249 012d 13       		.uleb128 0x13
 1250 012e 2F       		.uleb128 0x2f
 1251 012f 0B       		.uleb128 0xb
 1252 0130 00       		.byte	0
 1253 0131 00       		.byte	0
 1254 0132 17       		.uleb128 0x17
 1255 0133 26       		.uleb128 0x26
 1256 0134 00       		.byte	0
 1257 0135 49       		.uleb128 0x49
 1258 0136 13       		.uleb128 0x13
 1259 0137 00       		.byte	0
 1260 0138 00       		.byte	0
 1261 0139 18       		.uleb128 0x18
 1262 013a 34       		.uleb128 0x34
 1263 013b 00       		.byte	0
 1264 013c 03       		.uleb128 0x3
 1265 013d 08       		.uleb128 0x8
 1266 013e 3A       		.uleb128 0x3a
 1267 013f 0B       		.uleb128 0xb
 1268 0140 3B       		.uleb128 0x3b
 1269 0141 05       		.uleb128 0x5
 1270 0142 49       		.uleb128 0x49
 1271 0143 13       		.uleb128 0x13
 1272 0144 02       		.uleb128 0x2
 1273 0145 18       		.uleb128 0x18
 1274 0146 00       		.byte	0
 1275 0147 00       		.byte	0
 1276 0148 00       		.byte	0
 1277              		.section	.debug_aranges,"",%progbits
 1278 0000 4C000000 		.4byte	0x4c
 1279 0004 0200     		.2byte	0x2
 1280 0006 00000000 		.4byte	.Ldebug_info0
ARM GAS  C:\Users\Jerry\AppData\Local\Temp\cc6I8D1k.s 			page 30


 1281 000a 04       		.byte	0x4
 1282 000b 00       		.byte	0
 1283 000c 0000     		.2byte	0
 1284 000e 0000     		.2byte	0
 1285 0010 00000000 		.4byte	.LFB2
 1286 0014 1E000000 		.4byte	.LFE2-.LFB2
 1287 0018 00000000 		.4byte	.LFB3
 1288 001c 22000000 		.4byte	.LFE3-.LFB3
 1289 0020 00000000 		.4byte	.LFB4
 1290 0024 22000000 		.4byte	.LFE4-.LFB4
 1291 0028 00000000 		.4byte	.LFB5
 1292 002c 50010000 		.4byte	.LFE5-.LFB5
 1293 0030 00000000 		.4byte	.LFB6
 1294 0034 44000000 		.4byte	.LFE6-.LFB6
 1295 0038 00000000 		.4byte	.LFB7
 1296 003c 40000000 		.4byte	.LFE7-.LFB7
 1297 0040 50010000 		.4byte	.LFB8
 1298 0044 3C010000 		.4byte	.LFE8-.LFB8
 1299 0048 00000000 		.4byte	0
 1300 004c 00000000 		.4byte	0
 1301              		.section	.debug_ranges,"",%progbits
 1302              	.Ldebug_ranges0:
 1303 0000 00000000 		.4byte	.LFB2
 1304 0004 1E000000 		.4byte	.LFE2
 1305 0008 00000000 		.4byte	.LFB3
 1306 000c 22000000 		.4byte	.LFE3
 1307 0010 00000000 		.4byte	.LFB4
 1308 0014 22000000 		.4byte	.LFE4
 1309 0018 00000000 		.4byte	.LFB5
 1310 001c 50010000 		.4byte	.LFE5
 1311 0020 00000000 		.4byte	.LFB6
 1312 0024 44000000 		.4byte	.LFE6
 1313 0028 00000000 		.4byte	.LFB7
 1314 002c 40000000 		.4byte	.LFE7
 1315 0030 50010000 		.4byte	.LFB8
 1316 0034 8C020000 		.4byte	.LFE8
 1317 0038 00000000 		.4byte	0
 1318 003c 00000000 		.4byte	0
 1319              		.section	.debug_line,"",%progbits
 1320              	.Ldebug_line0:
 1321 0000 95010000 		.section	.debug_str,"MS",%progbits,1
 1321      0200CB00 
 1321      00000201 
 1321      FB0E0D00 
 1321      01010101 
 1322              	.LASF22:
 1323 0000 4359434F 		.ascii	"CYCONFIGCPYCODE\000"
 1323      4E464947 
 1323      43505943 
 1323      4F444500 
 1324              	.LASF18:
 1325 0010 72656733 		.ascii	"reg32\000"
 1325      3200
 1326              	.LASF11:
 1327 0016 73697A65 		.ascii	"size_t\000"
 1327      5F7400
 1328              	.LASF24:
ARM GAS  C:\Users\Jerry\AppData\Local\Temp\cc6I8D1k.s 			page 31


 1329 001d 416E616C 		.ascii	"AnalogSetDefault\000"
 1329      6F675365 
 1329      74446566 
 1329      61756C74 
 1329      00
 1330              	.LASF30:
 1331 002e 6366675F 		.ascii	"cfg_memset_list\000"
 1331      6D656D73 
 1331      65745F6C 
 1331      69737400 
 1332              	.LASF23:
 1333 003e 436C6F63 		.ascii	"ClockSetup\000"
 1333      6B536574 
 1333      757000
 1334              	.LASF4:
 1335 0049 73686F72 		.ascii	"short unsigned int\000"
 1335      7420756E 
 1335      7369676E 
 1335      65642069 
 1335      6E7400
 1336              	.LASF33:
 1337 005c 433A5C55 		.ascii	"C:\\Users\\Jerry\\Documents\\GitHub\\sandbox\\renss"
 1337      73657273 
 1337      5C4A6572 
 1337      72795C44 
 1337      6F63756D 
 1338 0089 656C6165 		.ascii	"elaer-motorsports\\PSoC_timer\\Design01.cydsn\000"
 1338      722D6D6F 
 1338      746F7273 
 1338      706F7274 
 1338      735C5053 
 1339              	.LASF15:
 1340 00b5 666C6F61 		.ascii	"float\000"
 1340      7400
 1341              	.LASF21:
 1342 00bb 64657374 		.ascii	"dest\000"
 1342      00
 1343              	.LASF27:
 1344 00c0 73697A65 		.ascii	"size\000"
 1344      00
 1345              	.LASF17:
 1346 00c5 72656738 		.ascii	"reg8\000"
 1346      00
 1347              	.LASF6:
 1348 00ca 6C6F6E67 		.ascii	"long unsigned int\000"
 1348      20756E73 
 1348      69676E65 
 1348      6420696E 
 1348      7400
 1349              	.LASF12:
 1350 00dc 75696E74 		.ascii	"uint8\000"
 1350      3800
 1351              	.LASF19:
 1352 00e2 43594D45 		.ascii	"CYMEMZERO\000"
 1352      4D5A4552 
 1352      4F00
 1353              	.LASF34:
ARM GAS  C:\Users\Jerry\AppData\Local\Temp\cc6I8D1k.s 			page 32


 1354 00ec 53657441 		.ascii	"SetAnalogRoutingPumps\000"
 1354      6E616C6F 
 1354      67526F75 
 1354      74696E67 
 1354      50756D70 
 1355              	.LASF2:
 1356 0102 756E7369 		.ascii	"unsigned char\000"
 1356      676E6564 
 1356      20636861 
 1356      7200
 1357              	.LASF16:
 1358 0110 646F7562 		.ascii	"double\000"
 1358      6C6500
 1359              	.LASF35:
 1360 0117 63796669 		.ascii	"cyfitter_cfg\000"
 1360      74746572 
 1360      5F636667 
 1360      00
 1361              	.LASF31:
 1362 0124 474E5520 		.ascii	"GNU C 4.9.3 20150303 (release) [ARM/embedded-4_9-br"
 1362      4320342E 
 1362      392E3320 
 1362      32303135 
 1362      30333033 
 1363 0157 616E6368 		.ascii	"anch revision 221220] -mcpu=cortex-m0 -mthumb -g -O"
 1363      20726576 
 1363      6973696F 
 1363      6E203232 
 1363      31323230 
 1364 018a 30202D66 		.ascii	"0 -ffunction-sections -ffat-lto-objects\000"
 1364      66756E63 
 1364      74696F6E 
 1364      2D736563 
 1364      74696F6E 
 1365              	.LASF13:
 1366 01b2 75696E74 		.ascii	"uint16\000"
 1366      313600
 1367              	.LASF14:
 1368 01b9 75696E74 		.ascii	"uint32\000"
 1368      333200
 1369              	.LASF0:
 1370 01c0 756E7369 		.ascii	"unsigned int\000"
 1370      676E6564 
 1370      20696E74 
 1370      00
 1371              	.LASF26:
 1372 01cd 61646472 		.ascii	"address\000"
 1372      65737300 
 1373              	.LASF8:
 1374 01d5 6C6F6E67 		.ascii	"long long unsigned int\000"
 1374      206C6F6E 
 1374      6720756E 
 1374      7369676E 
 1374      65642069 
 1375              	.LASF28:
 1376 01ec 6366675F 		.ascii	"cfg_memset_t\000"
 1376      6D656D73 
ARM GAS  C:\Users\Jerry\AppData\Local\Temp\cc6I8D1k.s 			page 33


 1376      65745F74 
 1376      00
 1377              	.LASF9:
 1378 01f9 73697A65 		.ascii	"sizetype\000"
 1378      74797065 
 1378      00
 1379              	.LASF7:
 1380 0202 6C6F6E67 		.ascii	"long long int\000"
 1380      206C6F6E 
 1380      6720696E 
 1380      7400
 1381              	.LASF10:
 1382 0210 63686172 		.ascii	"char\000"
 1382      00
 1383              	.LASF3:
 1384 0215 73686F72 		.ascii	"short int\000"
 1384      7420696E 
 1384      7400
 1385              	.LASF25:
 1386 021f 656E6162 		.ascii	"enabled\000"
 1386      6C656400 
 1387              	.LASF5:
 1388 0227 6C6F6E67 		.ascii	"long int\000"
 1388      20696E74 
 1388      00
 1389              	.LASF1:
 1390 0230 7369676E 		.ascii	"signed char\000"
 1390      65642063 
 1390      68617200 
 1391              	.LASF32:
 1392 023c 47656E65 		.ascii	"Generated_Source\\PSoC4\\cyfitter_cfg.c\000"
 1392      72617465 
 1392      645F536F 
 1392      75726365 
 1392      5C50536F 
 1393              	.LASF29:
 1394 0262 72656756 		.ascii	"regValue\000"
 1394      616C7565 
 1394      00
 1395              	.LASF20:
 1396 026b 4359434F 		.ascii	"CYCONFIGCPY\000"
 1396      4E464947 
 1396      43505900 
 1397              		.ident	"GCC: (GNU Tools for ARM Embedded Processors) 4.9.3 20150303 (release) [ARM/embedded-4_9-br
