ARM GAS  C:\Users\Jerry\AppData\Local\Temp\ccK1gKLo.s 			page 1


   1              		.cpu cortex-m0
   2              		.fpu softvfp
   3              		.eabi_attribute 20, 1
   4              		.eabi_attribute 21, 1
   5              		.eabi_attribute 23, 3
   6              		.eabi_attribute 24, 1
   7              		.eabi_attribute 25, 1
   8              		.eabi_attribute 26, 1
   9              		.eabi_attribute 30, 6
  10              		.eabi_attribute 34, 0
  11              		.eabi_attribute 18, 4
  12              		.code	16
  13              		.file	"main.c"
  14              		.text
  15              	.Ltext0:
  16              		.cfi_sections	.debug_frame
  17              		.global	__aeabi_idivmod
  18              		.global	__aeabi_idiv
  19              		.section	.rodata
  20              		.align	2
  21              	.LC0:
  22 0000 30313233 		.ascii	"0123456789\000"
  22      34353637 
  22      383900
  23              		.section	.text.int_to_string,"ax",%progbits
  24              		.align	2
  25              		.global	int_to_string
  26              		.code	16
  27              		.thumb_func
  28              		.type	int_to_string, %function
  29              	int_to_string:
  30              	.LFB37:
  31              		.file 1 "main.c"
   1:main.c        **** /* ========================================
   2:main.c        ****  *
   3:main.c        ****  * Copyright YOUR COMPANY, THE YEAR
   4:main.c        ****  * All Rights Reserved
   5:main.c        ****  * UNPUBLISHED, LICENSED SOFTWARE.
   6:main.c        ****  *
   7:main.c        ****  * CONFIDENTIAL AND PROPRIETARY INFORMATION
   8:main.c        ****  * WHICH IS THE PROPERTY OF your company.
   9:main.c        ****  *
  10:main.c        ****  * ========================================
  11:main.c        **** */
  12:main.c        **** #include <project.h>
  13:main.c        **** #include <math.h>
  14:main.c        **** #include <time.h>
  15:main.c        **** #include <stdlib.h>
  16:main.c        **** 
  17:main.c        **** void int_to_string(int input, char *readto){
  32              		.loc 1 17 0
  33              		.cfi_startproc
  34 0000 90B5     		push	{r4, r7, lr}
  35              		.cfi_def_cfa_offset 12
  36              		.cfi_offset 4, -12
  37              		.cfi_offset 7, -8
  38              		.cfi_offset 14, -4
ARM GAS  C:\Users\Jerry\AppData\Local\Temp\ccK1gKLo.s 			page 2


  39 0002 87B0     		sub	sp, sp, #28
  40              		.cfi_def_cfa_offset 40
  41 0004 00AF     		add	r7, sp, #0
  42              		.cfi_def_cfa_register 7
  43 0006 7860     		str	r0, [r7, #4]
  44 0008 3960     		str	r1, [r7]
  18:main.c        ****     char const digits[] = "0123456789";
  45              		.loc 1 18 0
  46 000a 0823     		mov	r3, #8
  47 000c FB18     		add	r3, r7, r3
  48 000e 1B4A     		ldr	r2, .L7
  49 0010 03CA     		ldmia	r2!, {r0, r1}
  50 0012 03C3     		stmia	r3!, {r0, r1}
  51 0014 1188     		ldrh	r1, [r2]
  52 0016 1980     		strh	r1, [r3]
  53 0018 9278     		ldrb	r2, [r2, #2]
  54 001a 9A70     		strb	r2, [r3, #2]
  19:main.c        ****     int c1 = 0;
  55              		.loc 1 19 0
  56 001c 0023     		mov	r3, #0
  57 001e 7B61     		str	r3, [r7, #20]
  20:main.c        ****     while(c1 < 9){
  58              		.loc 1 20 0
  59 0020 07E0     		b	.L2
  60              	.L3:
  21:main.c        ****         (*(readto+c1)) = ' ';
  61              		.loc 1 21 0
  62 0022 7B69     		ldr	r3, [r7, #20]
  63 0024 3A68     		ldr	r2, [r7]
  64 0026 D318     		add	r3, r2, r3
  65 0028 2022     		mov	r2, #32
  66 002a 1A70     		strb	r2, [r3]
  22:main.c        ****         c1 += 1;
  67              		.loc 1 22 0
  68 002c 7B69     		ldr	r3, [r7, #20]
  69 002e 0133     		add	r3, r3, #1
  70 0030 7B61     		str	r3, [r7, #20]
  71              	.L2:
  20:main.c        ****     while(c1 < 9){
  72              		.loc 1 20 0
  73 0032 7B69     		ldr	r3, [r7, #20]
  74 0034 082B     		cmp	r3, #8
  75 0036 F4DD     		ble	.L3
  23:main.c        ****     }
  24:main.c        ****     while(input > 0 && c1 > 0){
  76              		.loc 1 24 0
  77 0038 17E0     		b	.L4
  78              	.L6:
  25:main.c        ****         (*(readto+c1)) = digits[input%10];
  79              		.loc 1 25 0
  80 003a 7B69     		ldr	r3, [r7, #20]
  81 003c 3A68     		ldr	r2, [r7]
  82 003e D418     		add	r4, r2, r3
  83 0040 7B68     		ldr	r3, [r7, #4]
  84 0042 181C     		mov	r0, r3
  85 0044 0A21     		mov	r1, #10
  86 0046 FFF7FEFF 		bl	__aeabi_idivmod
ARM GAS  C:\Users\Jerry\AppData\Local\Temp\ccK1gKLo.s 			page 3


  87 004a 0B1C     		mov	r3, r1
  88 004c 1A1C     		mov	r2, r3
  89 004e 0823     		mov	r3, #8
  90 0050 FB18     		add	r3, r7, r3
  91 0052 9B5C     		ldrb	r3, [r3, r2]
  92 0054 2370     		strb	r3, [r4]
  26:main.c        ****         input = input/10;
  93              		.loc 1 26 0
  94 0056 7B68     		ldr	r3, [r7, #4]
  95 0058 181C     		mov	r0, r3
  96 005a 0A21     		mov	r1, #10
  97 005c FFF7FEFF 		bl	__aeabi_idiv
  98 0060 031C     		mov	r3, r0
  99 0062 7B60     		str	r3, [r7, #4]
  27:main.c        ****         c1 -= 1;
 100              		.loc 1 27 0
 101 0064 7B69     		ldr	r3, [r7, #20]
 102 0066 013B     		sub	r3, r3, #1
 103 0068 7B61     		str	r3, [r7, #20]
 104              	.L4:
  24:main.c        ****         (*(readto+c1)) = digits[input%10];
 105              		.loc 1 24 0
 106 006a 7B68     		ldr	r3, [r7, #4]
 107 006c 002B     		cmp	r3, #0
 108 006e 02DD     		ble	.L1
  24:main.c        ****         (*(readto+c1)) = digits[input%10];
 109              		.loc 1 24 0 is_stmt 0 discriminator 1
 110 0070 7B69     		ldr	r3, [r7, #20]
 111 0072 002B     		cmp	r3, #0
 112 0074 E1DC     		bgt	.L6
 113              	.L1:
  28:main.c        ****     }
  29:main.c        **** }
 114              		.loc 1 29 0 is_stmt 1
 115 0076 BD46     		mov	sp, r7
 116 0078 07B0     		add	sp, sp, #28
 117              		@ sp needed
 118 007a 90BD     		pop	{r4, r7, pc}
 119              	.L8:
 120              		.align	2
 121              	.L7:
 122 007c 00000000 		.word	.LC0
 123              		.cfi_endproc
 124              	.LFE37:
 125              		.size	int_to_string, .-int_to_string
 126              		.global	__aeabi_dmul
 127              		.global	__aeabi_d2iz
 128              		.section	.text.float_to_string,"ax",%progbits
 129              		.align	2
 130              		.global	float_to_string
 131              		.code	16
 132              		.thumb_func
 133              		.type	float_to_string, %function
 134              	float_to_string:
 135              	.LFB38:
  30:main.c        **** void float_to_string(double input, char *readto){
 136              		.loc 1 30 0
ARM GAS  C:\Users\Jerry\AppData\Local\Temp\ccK1gKLo.s 			page 4


 137              		.cfi_startproc
 138 0000 90B5     		push	{r4, r7, lr}
 139              		.cfi_def_cfa_offset 12
 140              		.cfi_offset 4, -12
 141              		.cfi_offset 7, -8
 142              		.cfi_offset 14, -4
 143 0002 91B0     		sub	sp, sp, #68
 144              		.cfi_def_cfa_offset 80
 145 0004 00AF     		add	r7, sp, #0
 146              		.cfi_def_cfa_register 7
 147 0006 B860     		str	r0, [r7, #8]
 148 0008 F960     		str	r1, [r7, #12]
 149 000a 7A60     		str	r2, [r7, #4]
  31:main.c        ****     char const digits[] = "0123456789";
 150              		.loc 1 31 0
 151 000c 1C23     		mov	r3, #28
 152 000e FB18     		add	r3, r7, r3
 153 0010 3F4A     		ldr	r2, .L17
 154 0012 03CA     		ldmia	r2!, {r0, r1}
 155 0014 03C3     		stmia	r3!, {r0, r1}
 156 0016 1188     		ldrh	r1, [r2]
 157 0018 1980     		strh	r1, [r3]
 158 001a 9278     		ldrb	r2, [r2, #2]
 159 001c 9A70     		strb	r2, [r3, #2]
  32:main.c        ****     int c1 = 0;
 160              		.loc 1 32 0
 161 001e 0023     		mov	r3, #0
 162 0020 FB63     		str	r3, [r7, #60]
  33:main.c        ****     while(c1 < 9){
 163              		.loc 1 33 0
 164 0022 07E0     		b	.L10
 165              	.L11:
  34:main.c        ****         (*(readto+c1)) = ' ';
 166              		.loc 1 34 0
 167 0024 FB6B     		ldr	r3, [r7, #60]
 168 0026 7A68     		ldr	r2, [r7, #4]
 169 0028 D318     		add	r3, r2, r3
 170 002a 2022     		mov	r2, #32
 171 002c 1A70     		strb	r2, [r3]
  35:main.c        ****         c1 += 1;
 172              		.loc 1 35 0
 173 002e FB6B     		ldr	r3, [r7, #60]
 174 0030 0133     		add	r3, r3, #1
 175 0032 FB63     		str	r3, [r7, #60]
 176              	.L10:
  33:main.c        ****     while(c1 < 9){
 177              		.loc 1 33 0
 178 0034 FB6B     		ldr	r3, [r7, #60]
 179 0036 082B     		cmp	r3, #8
 180 0038 F4DD     		ble	.L11
  36:main.c        ****     }
  37:main.c        ****     double fractpart, intpart;
  38:main.c        ****     fractpart = modf(input, &intpart);
 181              		.loc 1 38 0
 182 003a BB68     		ldr	r3, [r7, #8]
 183 003c FC68     		ldr	r4, [r7, #12]
 184 003e 1022     		mov	r2, #16
ARM GAS  C:\Users\Jerry\AppData\Local\Temp\ccK1gKLo.s 			page 5


 185 0040 BA18     		add	r2, r7, r2
 186 0042 181C     		mov	r0, r3
 187 0044 211C     		mov	r1, r4
 188 0046 FFF7FEFF 		bl	modf
 189 004a 031C     		mov	r3, r0
 190 004c 0C1C     		mov	r4, r1
 191 004e BB62     		str	r3, [r7, #40]
 192 0050 FC62     		str	r4, [r7, #44]
  39:main.c        ****     fractpart *= 10 * 10 * 10 * 10 * 10;
 193              		.loc 1 39 0
 194 0052 B86A     		ldr	r0, [r7, #40]
 195 0054 F96A     		ldr	r1, [r7, #44]
 196 0056 0022     		mov	r2, #0
 197 0058 2E4B     		ldr	r3, .L17+4
 198 005a FFF7FEFF 		bl	__aeabi_dmul
 199 005e 031C     		mov	r3, r0
 200 0060 0C1C     		mov	r4, r1
 201 0062 BB62     		str	r3, [r7, #40]
 202 0064 FC62     		str	r4, [r7, #44]
  40:main.c        ****     int frac_rep = (int)fractpart;
 203              		.loc 1 40 0
 204 0066 B86A     		ldr	r0, [r7, #40]
 205 0068 F96A     		ldr	r1, [r7, #44]
 206 006a FFF7FEFF 		bl	__aeabi_d2iz
 207 006e 031C     		mov	r3, r0
 208 0070 BB63     		str	r3, [r7, #56]
  41:main.c        ****     int int_rep = (int)intpart;
 209              		.loc 1 41 0
 210 0072 3B69     		ldr	r3, [r7, #16]
 211 0074 7C69     		ldr	r4, [r7, #20]
 212 0076 181C     		mov	r0, r3
 213 0078 211C     		mov	r1, r4
 214 007a FFF7FEFF 		bl	__aeabi_d2iz
 215 007e 031C     		mov	r3, r0
 216 0080 7B63     		str	r3, [r7, #52]
  42:main.c        ****     while(c1 > 4){
 217              		.loc 1 42 0
 218 0082 17E0     		b	.L12
 219              	.L13:
  43:main.c        ****         (*(readto+c1)) = digits[frac_rep%10];
 220              		.loc 1 43 0
 221 0084 FB6B     		ldr	r3, [r7, #60]
 222 0086 7A68     		ldr	r2, [r7, #4]
 223 0088 D418     		add	r4, r2, r3
 224 008a BB6B     		ldr	r3, [r7, #56]
 225 008c 181C     		mov	r0, r3
 226 008e 0A21     		mov	r1, #10
 227 0090 FFF7FEFF 		bl	__aeabi_idivmod
 228 0094 0B1C     		mov	r3, r1
 229 0096 1A1C     		mov	r2, r3
 230 0098 1C23     		mov	r3, #28
 231 009a FB18     		add	r3, r7, r3
 232 009c 9B5C     		ldrb	r3, [r3, r2]
 233 009e 2370     		strb	r3, [r4]
  44:main.c        ****         frac_rep = frac_rep/10;
 234              		.loc 1 44 0
 235 00a0 BB6B     		ldr	r3, [r7, #56]
ARM GAS  C:\Users\Jerry\AppData\Local\Temp\ccK1gKLo.s 			page 6


 236 00a2 181C     		mov	r0, r3
 237 00a4 0A21     		mov	r1, #10
 238 00a6 FFF7FEFF 		bl	__aeabi_idiv
 239 00aa 031C     		mov	r3, r0
 240 00ac BB63     		str	r3, [r7, #56]
  45:main.c        ****         c1-=1;
 241              		.loc 1 45 0
 242 00ae FB6B     		ldr	r3, [r7, #60]
 243 00b0 013B     		sub	r3, r3, #1
 244 00b2 FB63     		str	r3, [r7, #60]
 245              	.L12:
  42:main.c        ****         (*(readto+c1)) = digits[frac_rep%10];
 246              		.loc 1 42 0
 247 00b4 FB6B     		ldr	r3, [r7, #60]
 248 00b6 042B     		cmp	r3, #4
 249 00b8 E4DC     		bgt	.L13
  46:main.c        ****     }
  47:main.c        ****     (*(readto+c1)) = '.';
 250              		.loc 1 47 0
 251 00ba FB6B     		ldr	r3, [r7, #60]
 252 00bc 7A68     		ldr	r2, [r7, #4]
 253 00be D318     		add	r3, r2, r3
 254 00c0 2E22     		mov	r2, #46
 255 00c2 1A70     		strb	r2, [r3]
  48:main.c        ****     c1-=1;
 256              		.loc 1 48 0
 257 00c4 FB6B     		ldr	r3, [r7, #60]
 258 00c6 013B     		sub	r3, r3, #1
 259 00c8 FB63     		str	r3, [r7, #60]
  49:main.c        ****     while(int_rep > 0 && c1 > 1){
 260              		.loc 1 49 0
 261 00ca 17E0     		b	.L14
 262              	.L16:
  50:main.c        ****         (*(readto+c1)) = digits[int_rep%10];
 263              		.loc 1 50 0
 264 00cc FB6B     		ldr	r3, [r7, #60]
 265 00ce 7A68     		ldr	r2, [r7, #4]
 266 00d0 D418     		add	r4, r2, r3
 267 00d2 7B6B     		ldr	r3, [r7, #52]
 268 00d4 181C     		mov	r0, r3
 269 00d6 0A21     		mov	r1, #10
 270 00d8 FFF7FEFF 		bl	__aeabi_idivmod
 271 00dc 0B1C     		mov	r3, r1
 272 00de 1A1C     		mov	r2, r3
 273 00e0 1C23     		mov	r3, #28
 274 00e2 FB18     		add	r3, r7, r3
 275 00e4 9B5C     		ldrb	r3, [r3, r2]
 276 00e6 2370     		strb	r3, [r4]
  51:main.c        ****         int_rep = int_rep/10;
 277              		.loc 1 51 0
 278 00e8 7B6B     		ldr	r3, [r7, #52]
 279 00ea 181C     		mov	r0, r3
 280 00ec 0A21     		mov	r1, #10
 281 00ee FFF7FEFF 		bl	__aeabi_idiv
 282 00f2 031C     		mov	r3, r0
 283 00f4 7B63     		str	r3, [r7, #52]
  52:main.c        ****         c1-=1;
ARM GAS  C:\Users\Jerry\AppData\Local\Temp\ccK1gKLo.s 			page 7


 284              		.loc 1 52 0
 285 00f6 FB6B     		ldr	r3, [r7, #60]
 286 00f8 013B     		sub	r3, r3, #1
 287 00fa FB63     		str	r3, [r7, #60]
 288              	.L14:
  49:main.c        ****         (*(readto+c1)) = digits[int_rep%10];
 289              		.loc 1 49 0
 290 00fc 7B6B     		ldr	r3, [r7, #52]
 291 00fe 002B     		cmp	r3, #0
 292 0100 02DD     		ble	.L9
  49:main.c        ****         (*(readto+c1)) = digits[int_rep%10];
 293              		.loc 1 49 0 is_stmt 0 discriminator 1
 294 0102 FB6B     		ldr	r3, [r7, #60]
 295 0104 012B     		cmp	r3, #1
 296 0106 E1DC     		bgt	.L16
 297              	.L9:
  53:main.c        ****     }
  54:main.c        **** }
 298              		.loc 1 54 0 is_stmt 1
 299 0108 BD46     		mov	sp, r7
 300 010a 11B0     		add	sp, sp, #68
 301              		@ sp needed
 302 010c 90BD     		pop	{r4, r7, pc}
 303              	.L18:
 304 010e C046     		.align	2
 305              	.L17:
 306 0110 00000000 		.word	.LC0
 307 0114 006AF840 		.word	1090021888
 308              		.cfi_endproc
 309              	.LFE38:
 310              		.size	float_to_string, .-float_to_string
 311              		.section	.rodata
 312 000b 00       		.align	2
 313              	.LC3:
 314 000c 44656C61 		.ascii	"Delay ms  | Calculated second value\000"
 314      79206D73 
 314      20207C20 
 314      43616C63 
 314      756C6174 
 315              		.global	__aeabi_i2d
 316              		.global	__aeabi_dadd
 317              		.global	__aeabi_ddiv
 318              		.section	.text.main,"ax",%progbits
 319              		.align	2
 320              		.global	main
 321              		.code	16
 322              		.thumb_func
 323              		.type	main, %function
 324              	main:
 325              	.LFB39:
  55:main.c        **** 
  56:main.c        **** int main()
  57:main.c        **** {
 326              		.loc 1 57 0
 327              		.cfi_startproc
 328 0000 F0B5     		push	{r4, r5, r6, r7, lr}
 329              		.cfi_def_cfa_offset 20
ARM GAS  C:\Users\Jerry\AppData\Local\Temp\ccK1gKLo.s 			page 8


 330              		.cfi_offset 4, -20
 331              		.cfi_offset 5, -16
 332              		.cfi_offset 6, -12
 333              		.cfi_offset 7, -8
 334              		.cfi_offset 14, -4
 335 0002 8FB0     		sub	sp, sp, #60
 336              		.cfi_def_cfa_offset 80
 337 0004 00AF     		add	r7, sp, #0
 338              		.cfi_def_cfa_register 7
  58:main.c        ****     /* Place your initialization/startup code here (e.g. MyInst_Start()) */
  59:main.c        ****     TCPWM_1_Start();
 339              		.loc 1 59 0
 340 0006 FFF7FEFF 		bl	TCPWM_1_Start
  60:main.c        ****     SCB_1_Start();
 341              		.loc 1 60 0
 342 000a FFF7FEFF 		bl	SCB_1_Start
  61:main.c        ****     /* CyGlobalIntEnable; */ /* Uncomment this line to enable global interrupts. */
  62:main.c        **** 
  63:main.c        ****     //rand for testing only
  64:main.c        ****     srand(time(NULL));
 343              		.loc 1 64 0
 344 000e 0020     		mov	r0, #0
 345 0010 FFF7FEFF 		bl	time
 346 0014 031C     		mov	r3, r0
 347 0016 181C     		mov	r0, r3
 348 0018 FFF7FEFF 		bl	srand
 349              	.LBB2:
  65:main.c        ****     for(;;)
  66:main.c        ****     {
  67:main.c        ****         int read_period = TCPWM_1_ReadPeriod();
 350              		.loc 1 67 0
 351 001c FFF7FEFF 		bl	TCPWM_1_ReadPeriod
 352 0020 031C     		mov	r3, r0
 353 0022 7B62     		str	r3, [r7, #36]
  68:main.c        ****         int read_capture = TCPWM_1_ReadCapture();
 354              		.loc 1 68 0
 355 0024 FFF7FEFF 		bl	TCPWM_1_ReadCapture
 356 0028 031C     		mov	r3, r0
 357 002a 3B62     		str	r3, [r7, #32]
  69:main.c        ****         char print_array[10];
  70:main.c        ****         //SCB_1_UartPutString("Period   |");
  71:main.c        ****         //int_to_string(read_period, print_array);
  72:main.c        ****         //SCB_1_UartPutString(print_array);
  73:main.c        ****         //SCB_1_UartPutChar('\n');
  74:main.c        ****         //SCB_1_UartPutString("Capture  |");
  75:main.c        ****         //int_to_string(read_capture, print_array);
  76:main.c        ****         //SCB_1_UartPutString(print_array);
  77:main.c        ****         SCB_1_UartPutChar('\n');
 358              		.loc 1 77 0
 359 002c 0A20     		mov	r0, #10
 360 002e FFF7FEFF 		bl	SCB_1_SpiUartWriteTxData
  78:main.c        ****         
  79:main.c        ****         //reading counters test
  80:main.c        ****         SCB_1_UartPutString("Delay ms  | Calculated second value");
 361              		.loc 1 80 0
 362 0032 4C4B     		ldr	r3, .L25
 363 0034 181C     		mov	r0, r3
ARM GAS  C:\Users\Jerry\AppData\Local\Temp\ccK1gKLo.s 			page 9


 364 0036 FFF7FEFF 		bl	SCB_1_UartPutString
  81:main.c        ****         int read_counter = TCPWM_1_ReadCounter();
 365              		.loc 1 81 0
 366 003a FFF7FEFF 		bl	TCPWM_1_ReadCounter
 367 003e 031C     		mov	r3, r0
 368 0040 7B63     		str	r3, [r7, #52]
  82:main.c        ****         //int_to_string(read_counter, print_array);
  83:main.c        ****         //SCB_1_UartPutString(print_array);
  84:main.c        ****         SCB_1_UartPutChar('\n');
 369              		.loc 1 84 0
 370 0042 0A20     		mov	r0, #10
 371 0044 FFF7FEFF 		bl	SCB_1_SpiUartWriteTxData
  85:main.c        ****         int c1 = 0;
 372              		.loc 1 85 0
 373 0048 0023     		mov	r3, #0
 374 004a 3B63     		str	r3, [r7, #48]
  86:main.c        ****         int old_counter = 0;
 375              		.loc 1 86 0
 376 004c 0023     		mov	r3, #0
 377 004e FB61     		str	r3, [r7, #28]
  87:main.c        ****         char random_time[10];
  88:main.c        ****         while(c1<100){
 378              		.loc 1 88 0
 379 0050 7BE0     		b	.L20
 380              	.L23:
 381              	.LBB3:
  89:main.c        ****             int rand_delay = rand() % 1750;
 382              		.loc 1 89 0
 383 0052 FFF7FEFF 		bl	rand
 384 0056 031C     		mov	r3, r0
 385 0058 181C     		mov	r0, r3
 386 005a 4349     		ldr	r1, .L25+4
 387 005c FFF7FEFF 		bl	__aeabi_idivmod
 388 0060 0B1C     		mov	r3, r1
 389 0062 BB61     		str	r3, [r7, #24]
  90:main.c        ****             old_counter = read_counter;
 390              		.loc 1 90 0
 391 0064 7B6B     		ldr	r3, [r7, #52]
 392 0066 FB61     		str	r3, [r7, #28]
  91:main.c        ****             read_counter = TCPWM_1_ReadCounter();
 393              		.loc 1 91 0
 394 0068 FFF7FEFF 		bl	TCPWM_1_ReadCounter
 395 006c 031C     		mov	r3, r0
 396 006e 7B63     		str	r3, [r7, #52]
  92:main.c        ****             double value;
  93:main.c        ****             if(read_counter > old_counter){
 397              		.loc 1 93 0
 398 0070 7A6B     		ldr	r2, [r7, #52]
 399 0072 FB69     		ldr	r3, [r7, #28]
 400 0074 9A42     		cmp	r2, r3
 401 0076 21DD     		ble	.L21
  94:main.c        ****                 value = (read_counter - old_counter) * 2.0 / read_period;
 402              		.loc 1 94 0
 403 0078 7A6B     		ldr	r2, [r7, #52]
 404 007a FB69     		ldr	r3, [r7, #28]
 405 007c D31A     		sub	r3, r2, r3
 406 007e 181C     		mov	r0, r3
ARM GAS  C:\Users\Jerry\AppData\Local\Temp\ccK1gKLo.s 			page 10


 407 0080 FFF7FEFF 		bl	__aeabi_i2d
 408 0084 031C     		mov	r3, r0
 409 0086 0C1C     		mov	r4, r1
 410 0088 181C     		mov	r0, r3
 411 008a 211C     		mov	r1, r4
 412 008c 1A1C     		mov	r2, r3
 413 008e 231C     		mov	r3, r4
 414 0090 FFF7FEFF 		bl	__aeabi_dadd
 415 0094 031C     		mov	r3, r0
 416 0096 0C1C     		mov	r4, r1
 417 0098 1D1C     		mov	r5, r3
 418 009a 261C     		mov	r6, r4
 419 009c 786A     		ldr	r0, [r7, #36]
 420 009e FFF7FEFF 		bl	__aeabi_i2d
 421 00a2 031C     		mov	r3, r0
 422 00a4 0C1C     		mov	r4, r1
 423 00a6 281C     		mov	r0, r5
 424 00a8 311C     		mov	r1, r6
 425 00aa 1A1C     		mov	r2, r3
 426 00ac 231C     		mov	r3, r4
 427 00ae FFF7FEFF 		bl	__aeabi_ddiv
 428 00b2 031C     		mov	r3, r0
 429 00b4 0C1C     		mov	r4, r1
 430 00b6 BB62     		str	r3, [r7, #40]
 431 00b8 FC62     		str	r4, [r7, #44]
 432 00ba 22E0     		b	.L22
 433              	.L21:
  95:main.c        ****             }
  96:main.c        ****             //case where the counter resets because it is over period count
  97:main.c        ****             else{
  98:main.c        ****                 value = (read_period - old_counter + read_counter) * 2.0 / read_period;
 434              		.loc 1 98 0
 435 00bc 7A6A     		ldr	r2, [r7, #36]
 436 00be FB69     		ldr	r3, [r7, #28]
 437 00c0 D21A     		sub	r2, r2, r3
 438 00c2 7B6B     		ldr	r3, [r7, #52]
 439 00c4 D318     		add	r3, r2, r3
 440 00c6 181C     		mov	r0, r3
 441 00c8 FFF7FEFF 		bl	__aeabi_i2d
 442 00cc 031C     		mov	r3, r0
 443 00ce 0C1C     		mov	r4, r1
 444 00d0 181C     		mov	r0, r3
 445 00d2 211C     		mov	r1, r4
 446 00d4 1A1C     		mov	r2, r3
 447 00d6 231C     		mov	r3, r4
 448 00d8 FFF7FEFF 		bl	__aeabi_dadd
 449 00dc 031C     		mov	r3, r0
 450 00de 0C1C     		mov	r4, r1
 451 00e0 1D1C     		mov	r5, r3
 452 00e2 261C     		mov	r6, r4
 453 00e4 786A     		ldr	r0, [r7, #36]
 454 00e6 FFF7FEFF 		bl	__aeabi_i2d
 455 00ea 031C     		mov	r3, r0
 456 00ec 0C1C     		mov	r4, r1
 457 00ee 281C     		mov	r0, r5
 458 00f0 311C     		mov	r1, r6
 459 00f2 1A1C     		mov	r2, r3
ARM GAS  C:\Users\Jerry\AppData\Local\Temp\ccK1gKLo.s 			page 11


 460 00f4 231C     		mov	r3, r4
 461 00f6 FFF7FEFF 		bl	__aeabi_ddiv
 462 00fa 031C     		mov	r3, r0
 463 00fc 0C1C     		mov	r4, r1
 464 00fe BB62     		str	r3, [r7, #40]
 465 0100 FC62     		str	r4, [r7, #44]
 466              	.L22:
  99:main.c        ****             }
 100:main.c        ****             float_to_string(value,print_array);
 467              		.loc 1 100 0
 468 0102 BB6A     		ldr	r3, [r7, #40]
 469 0104 FC6A     		ldr	r4, [r7, #44]
 470 0106 0C22     		mov	r2, #12
 471 0108 BA18     		add	r2, r7, r2
 472 010a 181C     		mov	r0, r3
 473 010c 211C     		mov	r1, r4
 474 010e FFF7FEFF 		bl	float_to_string
 101:main.c        ****             SCB_1_UartPutString(print_array);
 475              		.loc 1 101 0
 476 0112 0C23     		mov	r3, #12
 477 0114 FB18     		add	r3, r7, r3
 478 0116 181C     		mov	r0, r3
 479 0118 FFF7FEFF 		bl	SCB_1_UartPutString
 102:main.c        ****             SCB_1_UartPutChar('\n');
 480              		.loc 1 102 0
 481 011c 0A20     		mov	r0, #10
 482 011e FFF7FEFF 		bl	SCB_1_SpiUartWriteTxData
 103:main.c        ****             int_to_string(rand_delay,random_time);
 483              		.loc 1 103 0
 484 0122 BA69     		ldr	r2, [r7, #24]
 485 0124 3B1C     		mov	r3, r7
 486 0126 101C     		mov	r0, r2
 487 0128 191C     		mov	r1, r3
 488 012a FFF7FEFF 		bl	int_to_string
 104:main.c        ****             SCB_1_UartPutString(random_time);
 489              		.loc 1 104 0
 490 012e 3B1C     		mov	r3, r7
 491 0130 181C     		mov	r0, r3
 492 0132 FFF7FEFF 		bl	SCB_1_UartPutString
 105:main.c        ****             SCB_1_UartPutChar('|');
 493              		.loc 1 105 0
 494 0136 7C20     		mov	r0, #124
 495 0138 FFF7FEFF 		bl	SCB_1_SpiUartWriteTxData
 106:main.c        ****             CyDelay(rand_delay);
 496              		.loc 1 106 0
 497 013c BB69     		ldr	r3, [r7, #24]
 498 013e 181C     		mov	r0, r3
 499 0140 FFF7FEFF 		bl	CyDelay
 107:main.c        ****             c1++;
 500              		.loc 1 107 0
 501 0144 3B6B     		ldr	r3, [r7, #48]
 502 0146 0133     		add	r3, r3, #1
 503 0148 3B63     		str	r3, [r7, #48]
 504              	.L20:
 505              	.LBE3:
  88:main.c        ****             int rand_delay = rand() % 1750;
 506              		.loc 1 88 0
ARM GAS  C:\Users\Jerry\AppData\Local\Temp\ccK1gKLo.s 			page 12


 507 014a 3B6B     		ldr	r3, [r7, #48]
 508 014c 632B     		cmp	r3, #99
 509 014e 00DC     		bgt	.LCB413
 510 0150 7FE7     		b	.L23	@long jump
 511              	.LCB413:
 108:main.c        ****         }
 109:main.c        ****         break;
 512              		.loc 1 109 0
 513 0152 C046     		mov	r8, r8
 514              	.LBE2:
 110:main.c        ****     }
 111:main.c        ****     SCB_1_UartPutChar('~');
 515              		.loc 1 111 0
 516 0154 7E20     		mov	r0, #126
 517 0156 FFF7FEFF 		bl	SCB_1_SpiUartWriteTxData
 112:main.c        ****     return 0;
 518              		.loc 1 112 0
 519 015a 0023     		mov	r3, #0
 113:main.c        **** }
 520              		.loc 1 113 0
 521 015c 181C     		mov	r0, r3
 522 015e BD46     		mov	sp, r7
 523 0160 0FB0     		add	sp, sp, #60
 524              		@ sp needed
 525 0162 F0BD     		pop	{r4, r5, r6, r7, pc}
 526              	.L26:
 527              		.align	2
 528              	.L25:
 529 0164 0C000000 		.word	.LC3
 530 0168 D6060000 		.word	1750
 531              		.cfi_endproc
 532              	.LFE39:
 533              		.size	main, .-main
 534              		.text
 535              	.Letext0:
 536              		.file 2 "Generated_Source\\PSoC4/cytypes.h"
 537              		.section	.debug_info,"",%progbits
 538              	.Ldebug_info0:
 539 0000 44020000 		.4byte	0x244
 540 0004 0400     		.2byte	0x4
 541 0006 00000000 		.4byte	.Ldebug_abbrev0
 542 000a 04       		.byte	0x4
 543 000b 01       		.uleb128 0x1
 544 000c 0B010000 		.4byte	.LASF32
 545 0010 01       		.byte	0x1
 546 0011 FD010000 		.4byte	.LASF33
 547 0015 3E000000 		.4byte	.LASF34
 548 0019 00000000 		.4byte	.Ldebug_ranges0+0
 549 001d 00000000 		.4byte	0
 550 0021 00000000 		.4byte	.Ldebug_line0
 551 0025 02       		.uleb128 0x2
 552 0026 01       		.byte	0x1
 553 0027 06       		.byte	0x6
 554 0028 2A020000 		.4byte	.LASF0
 555 002c 02       		.uleb128 0x2
 556 002d 01       		.byte	0x1
 557 002e 08       		.byte	0x8
ARM GAS  C:\Users\Jerry\AppData\Local\Temp\ccK1gKLo.s 			page 13


 558 002f B4000000 		.4byte	.LASF1
 559 0033 02       		.uleb128 0x2
 560 0034 02       		.byte	0x2
 561 0035 05       		.byte	0x5
 562 0036 0B020000 		.4byte	.LASF2
 563 003a 02       		.uleb128 0x2
 564 003b 02       		.byte	0x2
 565 003c 07       		.byte	0x7
 566 003d E2000000 		.4byte	.LASF3
 567 0041 02       		.uleb128 0x2
 568 0042 04       		.byte	0x4
 569 0043 05       		.byte	0x5
 570 0044 15020000 		.4byte	.LASF4
 571 0048 02       		.uleb128 0x2
 572 0049 04       		.byte	0x4
 573 004a 07       		.byte	0x7
 574 004b D0000000 		.4byte	.LASF5
 575 004f 02       		.uleb128 0x2
 576 0050 08       		.byte	0x8
 577 0051 05       		.byte	0x5
 578 0052 EF010000 		.4byte	.LASF6
 579 0056 02       		.uleb128 0x2
 580 0057 08       		.byte	0x8
 581 0058 07       		.byte	0x7
 582 0059 9D000000 		.4byte	.LASF7
 583 005d 03       		.uleb128 0x3
 584 005e 04       		.byte	0x4
 585 005f 05       		.byte	0x5
 586 0060 696E7400 		.ascii	"int\000"
 587 0064 02       		.uleb128 0x2
 588 0065 04       		.byte	0x4
 589 0066 07       		.byte	0x7
 590 0067 AD010000 		.4byte	.LASF8
 591 006b 04       		.uleb128 0x4
 592 006c A6010000 		.4byte	.LASF35
 593 0070 02       		.byte	0x2
 594 0071 BB01     		.2byte	0x1bb
 595 0073 48000000 		.4byte	0x48
 596 0077 02       		.uleb128 0x2
 597 0078 04       		.byte	0x4
 598 0079 04       		.byte	0x4
 599 007a 97000000 		.4byte	.LASF9
 600 007e 02       		.uleb128 0x2
 601 007f 08       		.byte	0x8
 602 0080 04       		.byte	0x4
 603 0081 FF000000 		.4byte	.LASF10
 604 0085 02       		.uleb128 0x2
 605 0086 01       		.byte	0x1
 606 0087 08       		.byte	0x8
 607 0088 BA010000 		.4byte	.LASF11
 608 008c 02       		.uleb128 0x2
 609 008d 04       		.byte	0x4
 610 008e 07       		.byte	0x7
 611 008f E6010000 		.4byte	.LASF12
 612 0093 05       		.uleb128 0x5
 613 0094 04       		.byte	0x4
 614 0095 85000000 		.4byte	0x85
ARM GAS  C:\Users\Jerry\AppData\Local\Temp\ccK1gKLo.s 			page 14


 615 0099 02       		.uleb128 0x2
 616 009a 08       		.byte	0x8
 617 009b 04       		.byte	0x4
 618 009c 1E020000 		.4byte	.LASF13
 619 00a0 06       		.uleb128 0x6
 620 00a1 47020000 		.4byte	.LASF17
 621 00a5 01       		.byte	0x1
 622 00a6 11       		.byte	0x11
 623 00a7 00000000 		.4byte	.LFB37
 624 00ab 80000000 		.4byte	.LFE37-.LFB37
 625 00af 01       		.uleb128 0x1
 626 00b0 9C       		.byte	0x9c
 627 00b1 ED000000 		.4byte	0xed
 628 00b5 07       		.uleb128 0x7
 629 00b6 C2000000 		.4byte	.LASF14
 630 00ba 01       		.byte	0x1
 631 00bb 11       		.byte	0x11
 632 00bc 5D000000 		.4byte	0x5d
 633 00c0 02       		.uleb128 0x2
 634 00c1 91       		.byte	0x91
 635 00c2 5C       		.sleb128 -36
 636 00c3 07       		.uleb128 0x7
 637 00c4 0D000000 		.4byte	.LASF15
 638 00c8 01       		.byte	0x1
 639 00c9 11       		.byte	0x11
 640 00ca 93000000 		.4byte	0x93
 641 00ce 02       		.uleb128 0x2
 642 00cf 91       		.byte	0x91
 643 00d0 58       		.sleb128 -40
 644 00d1 08       		.uleb128 0x8
 645 00d2 04020000 		.4byte	.LASF16
 646 00d6 01       		.byte	0x1
 647 00d7 12       		.byte	0x12
 648 00d8 FD000000 		.4byte	0xfd
 649 00dc 02       		.uleb128 0x2
 650 00dd 91       		.byte	0x91
 651 00de 60       		.sleb128 -32
 652 00df 09       		.uleb128 0x9
 653 00e0 633100   		.ascii	"c1\000"
 654 00e3 01       		.byte	0x1
 655 00e4 13       		.byte	0x13
 656 00e5 5D000000 		.4byte	0x5d
 657 00e9 02       		.uleb128 0x2
 658 00ea 91       		.byte	0x91
 659 00eb 6C       		.sleb128 -20
 660 00ec 00       		.byte	0
 661 00ed 0A       		.uleb128 0xa
 662 00ee 85000000 		.4byte	0x85
 663 00f2 FD000000 		.4byte	0xfd
 664 00f6 0B       		.uleb128 0xb
 665 00f7 8C000000 		.4byte	0x8c
 666 00fb 0A       		.byte	0xa
 667 00fc 00       		.byte	0
 668 00fd 0C       		.uleb128 0xc
 669 00fe ED000000 		.4byte	0xed
 670 0102 06       		.uleb128 0x6
 671 0103 CB010000 		.4byte	.LASF18
ARM GAS  C:\Users\Jerry\AppData\Local\Temp\ccK1gKLo.s 			page 15


 672 0107 01       		.byte	0x1
 673 0108 1E       		.byte	0x1e
 674 0109 00000000 		.4byte	.LFB38
 675 010d 18010000 		.4byte	.LFE38-.LFB38
 676 0111 01       		.uleb128 0x1
 677 0112 9C       		.byte	0x9c
 678 0113 89010000 		.4byte	0x189
 679 0117 07       		.uleb128 0x7
 680 0118 C2000000 		.4byte	.LASF14
 681 011c 01       		.byte	0x1
 682 011d 1E       		.byte	0x1e
 683 011e 7E000000 		.4byte	0x7e
 684 0122 03       		.uleb128 0x3
 685 0123 91       		.byte	0x91
 686 0124 B87F     		.sleb128 -72
 687 0126 07       		.uleb128 0x7
 688 0127 0D000000 		.4byte	.LASF15
 689 012b 01       		.byte	0x1
 690 012c 1E       		.byte	0x1e
 691 012d 93000000 		.4byte	0x93
 692 0131 03       		.uleb128 0x3
 693 0132 91       		.byte	0x91
 694 0133 B47F     		.sleb128 -76
 695 0135 08       		.uleb128 0x8
 696 0136 04020000 		.4byte	.LASF16
 697 013a 01       		.byte	0x1
 698 013b 1F       		.byte	0x1f
 699 013c 89010000 		.4byte	0x189
 700 0140 02       		.uleb128 0x2
 701 0141 91       		.byte	0x91
 702 0142 4C       		.sleb128 -52
 703 0143 09       		.uleb128 0x9
 704 0144 633100   		.ascii	"c1\000"
 705 0147 01       		.byte	0x1
 706 0148 20       		.byte	0x20
 707 0149 5D000000 		.4byte	0x5d
 708 014d 02       		.uleb128 0x2
 709 014e 91       		.byte	0x91
 710 014f 6C       		.sleb128 -20
 711 0150 08       		.uleb128 0x8
 712 0151 F5000000 		.4byte	.LASF19
 713 0155 01       		.byte	0x1
 714 0156 25       		.byte	0x25
 715 0157 7E000000 		.4byte	0x7e
 716 015b 02       		.uleb128 0x2
 717 015c 91       		.byte	0x91
 718 015d 58       		.sleb128 -40
 719 015e 08       		.uleb128 0x8
 720 015f 36020000 		.4byte	.LASF20
 721 0163 01       		.byte	0x1
 722 0164 25       		.byte	0x25
 723 0165 7E000000 		.4byte	0x7e
 724 0169 02       		.uleb128 0x2
 725 016a 91       		.byte	0x91
 726 016b 40       		.sleb128 -64
 727 016c 08       		.uleb128 0x8
 728 016d 3E020000 		.4byte	.LASF21
ARM GAS  C:\Users\Jerry\AppData\Local\Temp\ccK1gKLo.s 			page 16


 729 0171 01       		.byte	0x1
 730 0172 28       		.byte	0x28
 731 0173 5D000000 		.4byte	0x5d
 732 0177 02       		.uleb128 0x2
 733 0178 91       		.byte	0x91
 734 0179 68       		.sleb128 -24
 735 017a 08       		.uleb128 0x8
 736 017b C8000000 		.4byte	.LASF22
 737 017f 01       		.byte	0x1
 738 0180 29       		.byte	0x29
 739 0181 5D000000 		.4byte	0x5d
 740 0185 02       		.uleb128 0x2
 741 0186 91       		.byte	0x91
 742 0187 64       		.sleb128 -28
 743 0188 00       		.byte	0
 744 0189 0C       		.uleb128 0xc
 745 018a ED000000 		.4byte	0xed
 746 018e 0D       		.uleb128 0xd
 747 018f 06010000 		.4byte	.LASF23
 748 0193 01       		.byte	0x1
 749 0194 38       		.byte	0x38
 750 0195 5D000000 		.4byte	0x5d
 751 0199 00000000 		.4byte	.LFB39
 752 019d 6C010000 		.4byte	.LFE39-.LFB39
 753 01a1 01       		.uleb128 0x1
 754 01a2 9C       		.byte	0x9c
 755 01a3 3B020000 		.4byte	0x23b
 756 01a7 0E       		.uleb128 0xe
 757 01a8 1C000000 		.4byte	.LBB2
 758 01ac 38010000 		.4byte	.LBE2-.LBB2
 759 01b0 08       		.uleb128 0x8
 760 01b1 26000000 		.4byte	.LASF24
 761 01b5 01       		.byte	0x1
 762 01b6 43       		.byte	0x43
 763 01b7 5D000000 		.4byte	0x5d
 764 01bb 02       		.uleb128 0x2
 765 01bc 91       		.byte	0x91
 766 01bd 54       		.sleb128 -44
 767 01be 08       		.uleb128 0x8
 768 01bf 99010000 		.4byte	.LASF25
 769 01c3 01       		.byte	0x1
 770 01c4 44       		.byte	0x44
 771 01c5 5D000000 		.4byte	0x5d
 772 01c9 02       		.uleb128 0x2
 773 01ca 91       		.byte	0x91
 774 01cb 50       		.sleb128 -48
 775 01cc 08       		.uleb128 0x8
 776 01cd BF010000 		.4byte	.LASF26
 777 01d1 01       		.byte	0x1
 778 01d2 45       		.byte	0x45
 779 01d3 3B020000 		.4byte	0x23b
 780 01d7 03       		.uleb128 0x3
 781 01d8 91       		.byte	0x91
 782 01d9 BC7F     		.sleb128 -68
 783 01db 08       		.uleb128 0x8
 784 01dc 00000000 		.4byte	.LASF27
 785 01e0 01       		.byte	0x1
ARM GAS  C:\Users\Jerry\AppData\Local\Temp\ccK1gKLo.s 			page 17


 786 01e1 51       		.byte	0x51
 787 01e2 5D000000 		.4byte	0x5d
 788 01e6 02       		.uleb128 0x2
 789 01e7 91       		.byte	0x91
 790 01e8 64       		.sleb128 -28
 791 01e9 09       		.uleb128 0x9
 792 01ea 633100   		.ascii	"c1\000"
 793 01ed 01       		.byte	0x1
 794 01ee 55       		.byte	0x55
 795 01ef 5D000000 		.4byte	0x5d
 796 01f3 02       		.uleb128 0x2
 797 01f4 91       		.byte	0x91
 798 01f5 60       		.sleb128 -32
 799 01f6 08       		.uleb128 0x8
 800 01f7 32000000 		.4byte	.LASF28
 801 01fb 01       		.byte	0x1
 802 01fc 56       		.byte	0x56
 803 01fd 5D000000 		.4byte	0x5d
 804 0201 02       		.uleb128 0x2
 805 0202 91       		.byte	0x91
 806 0203 4C       		.sleb128 -52
 807 0204 08       		.uleb128 0x8
 808 0205 1A000000 		.4byte	.LASF29
 809 0209 01       		.byte	0x1
 810 020a 57       		.byte	0x57
 811 020b 3B020000 		.4byte	0x23b
 812 020f 03       		.uleb128 0x3
 813 0210 91       		.byte	0x91
 814 0211 B07F     		.sleb128 -80
 815 0213 0E       		.uleb128 0xe
 816 0214 52000000 		.4byte	.LBB3
 817 0218 F8000000 		.4byte	.LBE3-.LBB3
 818 021c 08       		.uleb128 0x8
 819 021d DB010000 		.4byte	.LASF30
 820 0221 01       		.byte	0x1
 821 0222 59       		.byte	0x59
 822 0223 5D000000 		.4byte	0x5d
 823 0227 02       		.uleb128 0x2
 824 0228 91       		.byte	0x91
 825 0229 48       		.sleb128 -56
 826 022a 08       		.uleb128 0x8
 827 022b 14000000 		.4byte	.LASF31
 828 022f 01       		.byte	0x1
 829 0230 5C       		.byte	0x5c
 830 0231 7E000000 		.4byte	0x7e
 831 0235 02       		.uleb128 0x2
 832 0236 91       		.byte	0x91
 833 0237 58       		.sleb128 -40
 834 0238 00       		.byte	0
 835 0239 00       		.byte	0
 836 023a 00       		.byte	0
 837 023b 0F       		.uleb128 0xf
 838 023c 85000000 		.4byte	0x85
 839 0240 0B       		.uleb128 0xb
 840 0241 8C000000 		.4byte	0x8c
 841 0245 09       		.byte	0x9
 842 0246 00       		.byte	0
ARM GAS  C:\Users\Jerry\AppData\Local\Temp\ccK1gKLo.s 			page 18


 843 0247 00       		.byte	0
 844              		.section	.debug_abbrev,"",%progbits
 845              	.Ldebug_abbrev0:
 846 0000 01       		.uleb128 0x1
 847 0001 11       		.uleb128 0x11
 848 0002 01       		.byte	0x1
 849 0003 25       		.uleb128 0x25
 850 0004 0E       		.uleb128 0xe
 851 0005 13       		.uleb128 0x13
 852 0006 0B       		.uleb128 0xb
 853 0007 03       		.uleb128 0x3
 854 0008 0E       		.uleb128 0xe
 855 0009 1B       		.uleb128 0x1b
 856 000a 0E       		.uleb128 0xe
 857 000b 55       		.uleb128 0x55
 858 000c 17       		.uleb128 0x17
 859 000d 11       		.uleb128 0x11
 860 000e 01       		.uleb128 0x1
 861 000f 10       		.uleb128 0x10
 862 0010 17       		.uleb128 0x17
 863 0011 00       		.byte	0
 864 0012 00       		.byte	0
 865 0013 02       		.uleb128 0x2
 866 0014 24       		.uleb128 0x24
 867 0015 00       		.byte	0
 868 0016 0B       		.uleb128 0xb
 869 0017 0B       		.uleb128 0xb
 870 0018 3E       		.uleb128 0x3e
 871 0019 0B       		.uleb128 0xb
 872 001a 03       		.uleb128 0x3
 873 001b 0E       		.uleb128 0xe
 874 001c 00       		.byte	0
 875 001d 00       		.byte	0
 876 001e 03       		.uleb128 0x3
 877 001f 24       		.uleb128 0x24
 878 0020 00       		.byte	0
 879 0021 0B       		.uleb128 0xb
 880 0022 0B       		.uleb128 0xb
 881 0023 3E       		.uleb128 0x3e
 882 0024 0B       		.uleb128 0xb
 883 0025 03       		.uleb128 0x3
 884 0026 08       		.uleb128 0x8
 885 0027 00       		.byte	0
 886 0028 00       		.byte	0
 887 0029 04       		.uleb128 0x4
 888 002a 16       		.uleb128 0x16
 889 002b 00       		.byte	0
 890 002c 03       		.uleb128 0x3
 891 002d 0E       		.uleb128 0xe
 892 002e 3A       		.uleb128 0x3a
 893 002f 0B       		.uleb128 0xb
 894 0030 3B       		.uleb128 0x3b
 895 0031 05       		.uleb128 0x5
 896 0032 49       		.uleb128 0x49
 897 0033 13       		.uleb128 0x13
 898 0034 00       		.byte	0
 899 0035 00       		.byte	0
ARM GAS  C:\Users\Jerry\AppData\Local\Temp\ccK1gKLo.s 			page 19


 900 0036 05       		.uleb128 0x5
 901 0037 0F       		.uleb128 0xf
 902 0038 00       		.byte	0
 903 0039 0B       		.uleb128 0xb
 904 003a 0B       		.uleb128 0xb
 905 003b 49       		.uleb128 0x49
 906 003c 13       		.uleb128 0x13
 907 003d 00       		.byte	0
 908 003e 00       		.byte	0
 909 003f 06       		.uleb128 0x6
 910 0040 2E       		.uleb128 0x2e
 911 0041 01       		.byte	0x1
 912 0042 3F       		.uleb128 0x3f
 913 0043 19       		.uleb128 0x19
 914 0044 03       		.uleb128 0x3
 915 0045 0E       		.uleb128 0xe
 916 0046 3A       		.uleb128 0x3a
 917 0047 0B       		.uleb128 0xb
 918 0048 3B       		.uleb128 0x3b
 919 0049 0B       		.uleb128 0xb
 920 004a 27       		.uleb128 0x27
 921 004b 19       		.uleb128 0x19
 922 004c 11       		.uleb128 0x11
 923 004d 01       		.uleb128 0x1
 924 004e 12       		.uleb128 0x12
 925 004f 06       		.uleb128 0x6
 926 0050 40       		.uleb128 0x40
 927 0051 18       		.uleb128 0x18
 928 0052 9642     		.uleb128 0x2116
 929 0054 19       		.uleb128 0x19
 930 0055 01       		.uleb128 0x1
 931 0056 13       		.uleb128 0x13
 932 0057 00       		.byte	0
 933 0058 00       		.byte	0
 934 0059 07       		.uleb128 0x7
 935 005a 05       		.uleb128 0x5
 936 005b 00       		.byte	0
 937 005c 03       		.uleb128 0x3
 938 005d 0E       		.uleb128 0xe
 939 005e 3A       		.uleb128 0x3a
 940 005f 0B       		.uleb128 0xb
 941 0060 3B       		.uleb128 0x3b
 942 0061 0B       		.uleb128 0xb
 943 0062 49       		.uleb128 0x49
 944 0063 13       		.uleb128 0x13
 945 0064 02       		.uleb128 0x2
 946 0065 18       		.uleb128 0x18
 947 0066 00       		.byte	0
 948 0067 00       		.byte	0
 949 0068 08       		.uleb128 0x8
 950 0069 34       		.uleb128 0x34
 951 006a 00       		.byte	0
 952 006b 03       		.uleb128 0x3
 953 006c 0E       		.uleb128 0xe
 954 006d 3A       		.uleb128 0x3a
 955 006e 0B       		.uleb128 0xb
 956 006f 3B       		.uleb128 0x3b
ARM GAS  C:\Users\Jerry\AppData\Local\Temp\ccK1gKLo.s 			page 20


 957 0070 0B       		.uleb128 0xb
 958 0071 49       		.uleb128 0x49
 959 0072 13       		.uleb128 0x13
 960 0073 02       		.uleb128 0x2
 961 0074 18       		.uleb128 0x18
 962 0075 00       		.byte	0
 963 0076 00       		.byte	0
 964 0077 09       		.uleb128 0x9
 965 0078 34       		.uleb128 0x34
 966 0079 00       		.byte	0
 967 007a 03       		.uleb128 0x3
 968 007b 08       		.uleb128 0x8
 969 007c 3A       		.uleb128 0x3a
 970 007d 0B       		.uleb128 0xb
 971 007e 3B       		.uleb128 0x3b
 972 007f 0B       		.uleb128 0xb
 973 0080 49       		.uleb128 0x49
 974 0081 13       		.uleb128 0x13
 975 0082 02       		.uleb128 0x2
 976 0083 18       		.uleb128 0x18
 977 0084 00       		.byte	0
 978 0085 00       		.byte	0
 979 0086 0A       		.uleb128 0xa
 980 0087 01       		.uleb128 0x1
 981 0088 01       		.byte	0x1
 982 0089 49       		.uleb128 0x49
 983 008a 13       		.uleb128 0x13
 984 008b 01       		.uleb128 0x1
 985 008c 13       		.uleb128 0x13
 986 008d 00       		.byte	0
 987 008e 00       		.byte	0
 988 008f 0B       		.uleb128 0xb
 989 0090 21       		.uleb128 0x21
 990 0091 00       		.byte	0
 991 0092 49       		.uleb128 0x49
 992 0093 13       		.uleb128 0x13
 993 0094 2F       		.uleb128 0x2f
 994 0095 0B       		.uleb128 0xb
 995 0096 00       		.byte	0
 996 0097 00       		.byte	0
 997 0098 0C       		.uleb128 0xc
 998 0099 26       		.uleb128 0x26
 999 009a 00       		.byte	0
 1000 009b 49       		.uleb128 0x49
 1001 009c 13       		.uleb128 0x13
 1002 009d 00       		.byte	0
 1003 009e 00       		.byte	0
 1004 009f 0D       		.uleb128 0xd
 1005 00a0 2E       		.uleb128 0x2e
 1006 00a1 01       		.byte	0x1
 1007 00a2 3F       		.uleb128 0x3f
 1008 00a3 19       		.uleb128 0x19
 1009 00a4 03       		.uleb128 0x3
 1010 00a5 0E       		.uleb128 0xe
 1011 00a6 3A       		.uleb128 0x3a
 1012 00a7 0B       		.uleb128 0xb
 1013 00a8 3B       		.uleb128 0x3b
ARM GAS  C:\Users\Jerry\AppData\Local\Temp\ccK1gKLo.s 			page 21


 1014 00a9 0B       		.uleb128 0xb
 1015 00aa 49       		.uleb128 0x49
 1016 00ab 13       		.uleb128 0x13
 1017 00ac 11       		.uleb128 0x11
 1018 00ad 01       		.uleb128 0x1
 1019 00ae 12       		.uleb128 0x12
 1020 00af 06       		.uleb128 0x6
 1021 00b0 40       		.uleb128 0x40
 1022 00b1 18       		.uleb128 0x18
 1023 00b2 9642     		.uleb128 0x2116
 1024 00b4 19       		.uleb128 0x19
 1025 00b5 01       		.uleb128 0x1
 1026 00b6 13       		.uleb128 0x13
 1027 00b7 00       		.byte	0
 1028 00b8 00       		.byte	0
 1029 00b9 0E       		.uleb128 0xe
 1030 00ba 0B       		.uleb128 0xb
 1031 00bb 01       		.byte	0x1
 1032 00bc 11       		.uleb128 0x11
 1033 00bd 01       		.uleb128 0x1
 1034 00be 12       		.uleb128 0x12
 1035 00bf 06       		.uleb128 0x6
 1036 00c0 00       		.byte	0
 1037 00c1 00       		.byte	0
 1038 00c2 0F       		.uleb128 0xf
 1039 00c3 01       		.uleb128 0x1
 1040 00c4 01       		.byte	0x1
 1041 00c5 49       		.uleb128 0x49
 1042 00c6 13       		.uleb128 0x13
 1043 00c7 00       		.byte	0
 1044 00c8 00       		.byte	0
 1045 00c9 00       		.byte	0
 1046              		.section	.debug_aranges,"",%progbits
 1047 0000 2C000000 		.4byte	0x2c
 1048 0004 0200     		.2byte	0x2
 1049 0006 00000000 		.4byte	.Ldebug_info0
 1050 000a 04       		.byte	0x4
 1051 000b 00       		.byte	0
 1052 000c 0000     		.2byte	0
 1053 000e 0000     		.2byte	0
 1054 0010 00000000 		.4byte	.LFB37
 1055 0014 80000000 		.4byte	.LFE37-.LFB37
 1056 0018 00000000 		.4byte	.LFB38
 1057 001c 18010000 		.4byte	.LFE38-.LFB38
 1058 0020 00000000 		.4byte	.LFB39
 1059 0024 6C010000 		.4byte	.LFE39-.LFB39
 1060 0028 00000000 		.4byte	0
 1061 002c 00000000 		.4byte	0
 1062              		.section	.debug_ranges,"",%progbits
 1063              	.Ldebug_ranges0:
 1064 0000 00000000 		.4byte	.LFB37
 1065 0004 80000000 		.4byte	.LFE37
 1066 0008 00000000 		.4byte	.LFB38
 1067 000c 18010000 		.4byte	.LFE38
 1068 0010 00000000 		.4byte	.LFB39
 1069 0014 6C010000 		.4byte	.LFE39
 1070 0018 00000000 		.4byte	0
ARM GAS  C:\Users\Jerry\AppData\Local\Temp\ccK1gKLo.s 			page 22


 1071 001c 00000000 		.4byte	0
 1072              		.section	.debug_line,"",%progbits
 1073              	.Ldebug_line0:
 1074 0000 CE000000 		.section	.debug_str,"MS",%progbits,1
 1074      02004100 
 1074      00000201 
 1074      FB0E0D00 
 1074      01010101 
 1075              	.LASF27:
 1076 0000 72656164 		.ascii	"read_counter\000"
 1076      5F636F75 
 1076      6E746572 
 1076      00
 1077              	.LASF15:
 1078 000d 72656164 		.ascii	"readto\000"
 1078      746F00
 1079              	.LASF31:
 1080 0014 76616C75 		.ascii	"value\000"
 1080      6500
 1081              	.LASF29:
 1082 001a 72616E64 		.ascii	"random_time\000"
 1082      6F6D5F74 
 1082      696D6500 
 1083              	.LASF24:
 1084 0026 72656164 		.ascii	"read_period\000"
 1084      5F706572 
 1084      696F6400 
 1085              	.LASF28:
 1086 0032 6F6C645F 		.ascii	"old_counter\000"
 1086      636F756E 
 1086      74657200 
 1087              	.LASF34:
 1088 003e 433A5C55 		.ascii	"C:\\Users\\Jerry\\Documents\\GitHub\\sandbox\\renss"
 1088      73657273 
 1088      5C4A6572 
 1088      72795C44 
 1088      6F63756D 
 1089 006b 656C6165 		.ascii	"elaer-motorsports\\PSoC_timer\\Design01.cydsn\000"
 1089      722D6D6F 
 1089      746F7273 
 1089      706F7274 
 1089      735C5053 
 1090              	.LASF9:
 1091 0097 666C6F61 		.ascii	"float\000"
 1091      7400
 1092              	.LASF7:
 1093 009d 6C6F6E67 		.ascii	"long long unsigned int\000"
 1093      206C6F6E 
 1093      6720756E 
 1093      7369676E 
 1093      65642069 
 1094              	.LASF1:
 1095 00b4 756E7369 		.ascii	"unsigned char\000"
 1095      676E6564 
 1095      20636861 
 1095      7200
 1096              	.LASF14:
ARM GAS  C:\Users\Jerry\AppData\Local\Temp\ccK1gKLo.s 			page 23


 1097 00c2 696E7075 		.ascii	"input\000"
 1097      7400
 1098              	.LASF22:
 1099 00c8 696E745F 		.ascii	"int_rep\000"
 1099      72657000 
 1100              	.LASF5:
 1101 00d0 6C6F6E67 		.ascii	"long unsigned int\000"
 1101      20756E73 
 1101      69676E65 
 1101      6420696E 
 1101      7400
 1102              	.LASF3:
 1103 00e2 73686F72 		.ascii	"short unsigned int\000"
 1103      7420756E 
 1103      7369676E 
 1103      65642069 
 1103      6E7400
 1104              	.LASF19:
 1105 00f5 66726163 		.ascii	"fractpart\000"
 1105      74706172 
 1105      7400
 1106              	.LASF10:
 1107 00ff 646F7562 		.ascii	"double\000"
 1107      6C6500
 1108              	.LASF23:
 1109 0106 6D61696E 		.ascii	"main\000"
 1109      00
 1110              	.LASF32:
 1111 010b 474E5520 		.ascii	"GNU C 4.9.3 20150303 (release) [ARM/embedded-4_9-br"
 1111      4320342E 
 1111      392E3320 
 1111      32303135 
 1111      30333033 
 1112 013e 616E6368 		.ascii	"anch revision 221220] -mcpu=cortex-m0 -mthumb -g -O"
 1112      20726576 
 1112      6973696F 
 1112      6E203232 
 1112      31323230 
 1113 0171 30202D66 		.ascii	"0 -ffunction-sections -ffat-lto-objects\000"
 1113      66756E63 
 1113      74696F6E 
 1113      2D736563 
 1113      74696F6E 
 1114              	.LASF25:
 1115 0199 72656164 		.ascii	"read_capture\000"
 1115      5F636170 
 1115      74757265 
 1115      00
 1116              	.LASF35:
 1117 01a6 75696E74 		.ascii	"uint32\000"
 1117      333200
 1118              	.LASF8:
 1119 01ad 756E7369 		.ascii	"unsigned int\000"
 1119      676E6564 
 1119      20696E74 
 1119      00
 1120              	.LASF11:
ARM GAS  C:\Users\Jerry\AppData\Local\Temp\ccK1gKLo.s 			page 24


 1121 01ba 63686172 		.ascii	"char\000"
 1121      00
 1122              	.LASF26:
 1123 01bf 7072696E 		.ascii	"print_array\000"
 1123      745F6172 
 1123      72617900 
 1124              	.LASF18:
 1125 01cb 666C6F61 		.ascii	"float_to_string\000"
 1125      745F746F 
 1125      5F737472 
 1125      696E6700 
 1126              	.LASF30:
 1127 01db 72616E64 		.ascii	"rand_delay\000"
 1127      5F64656C 
 1127      617900
 1128              	.LASF12:
 1129 01e6 73697A65 		.ascii	"sizetype\000"
 1129      74797065 
 1129      00
 1130              	.LASF6:
 1131 01ef 6C6F6E67 		.ascii	"long long int\000"
 1131      206C6F6E 
 1131      6720696E 
 1131      7400
 1132              	.LASF33:
 1133 01fd 6D61696E 		.ascii	"main.c\000"
 1133      2E6300
 1134              	.LASF16:
 1135 0204 64696769 		.ascii	"digits\000"
 1135      747300
 1136              	.LASF2:
 1137 020b 73686F72 		.ascii	"short int\000"
 1137      7420696E 
 1137      7400
 1138              	.LASF4:
 1139 0215 6C6F6E67 		.ascii	"long int\000"
 1139      20696E74 
 1139      00
 1140              	.LASF13:
 1141 021e 6C6F6E67 		.ascii	"long double\000"
 1141      20646F75 
 1141      626C6500 
 1142              	.LASF0:
 1143 022a 7369676E 		.ascii	"signed char\000"
 1143      65642063 
 1143      68617200 
 1144              	.LASF20:
 1145 0236 696E7470 		.ascii	"intpart\000"
 1145      61727400 
 1146              	.LASF21:
 1147 023e 66726163 		.ascii	"frac_rep\000"
 1147      5F726570 
 1147      00
 1148              	.LASF17:
 1149 0247 696E745F 		.ascii	"int_to_string\000"
 1149      746F5F73 
 1149      7472696E 
ARM GAS  C:\Users\Jerry\AppData\Local\Temp\ccK1gKLo.s 			page 25


 1149      6700
 1150              		.ident	"GCC: (GNU Tools for ARM Embedded Processors) 4.9.3 20150303 (release) [ARM/embedded-4_9-br
